[0.734s] Invoking command in '/home/harshit/arm_vla_ws/src/arm_vla_pkg': PYTHONPATH=/home/harshit/arm_vla_ws/build/arm_vla_pkg/prefix_override:/usr/lib/python3/dist-packages/colcon_core/task/python/colcon_distutils_commands:/home/harshit/arm_vla_ws/install/arm_vla_pkg/lib/python3.10/site-packages:${PYTHONPATH} /usr/bin/python3 -W ignore:setup.py install is deprecated -W ignore:easy_install command is deprecated setup.py egg_info --egg-base ../../build/arm_vla_pkg build --build-base /home/harshit/arm_vla_ws/build/arm_vla_pkg/build install --record /home/harshit/arm_vla_ws/build/arm_vla_pkg/install.log --single-version-externally-managed install_data
[0.937s] running egg_info
[0.938s] creating ../../build/arm_vla_pkg/arm_vla_pkg.egg-info
[0.938s] writing ../../build/arm_vla_pkg/arm_vla_pkg.egg-info/PKG-INFO
[0.938s] writing dependency_links to ../../build/arm_vla_pkg/arm_vla_pkg.egg-info/dependency_links.txt
[0.938s] writing entry points to ../../build/arm_vla_pkg/arm_vla_pkg.egg-info/entry_points.txt
[0.938s] writing requirements to ../../build/arm_vla_pkg/arm_vla_pkg.egg-info/requires.txt
[0.938s] writing top-level names to ../../build/arm_vla_pkg/arm_vla_pkg.egg-info/top_level.txt
[0.938s] writing manifest file '../../build/arm_vla_pkg/arm_vla_pkg.egg-info/SOURCES.txt'
[0.940s] reading manifest file '../../build/arm_vla_pkg/arm_vla_pkg.egg-info/SOURCES.txt'
[0.941s] writing manifest file '../../build/arm_vla_pkg/arm_vla_pkg.egg-info/SOURCES.txt'
[0.941s] running build
[0.941s] running build_py
[0.941s] creating /home/harshit/arm_vla_ws/build/arm_vla_pkg/build
[0.941s] creating /home/harshit/arm_vla_ws/build/arm_vla_pkg/build/lib
[0.941s] creating /home/harshit/arm_vla_ws/build/arm_vla_pkg/build/lib/arm_vla_pkg
[0.941s] copying arm_vla_pkg/__init__.py -> /home/harshit/arm_vla_ws/build/arm_vla_pkg/build/lib/arm_vla_pkg
[0.941s] creating /home/harshit/arm_vla_ws/build/arm_vla_pkg/build/lib/arm_vla_pkg/nodes
[0.941s] copying arm_vla_pkg/nodes/brain_node.py -> /home/harshit/arm_vla_ws/build/arm_vla_pkg/build/lib/arm_vla_pkg/nodes
[0.941s] copying arm_vla_pkg/nodes/speech_node.py -> /home/harshit/arm_vla_ws/build/arm_vla_pkg/build/lib/arm_vla_pkg/nodes
[0.941s] copying arm_vla_pkg/nodes/__init__.py -> /home/harshit/arm_vla_ws/build/arm_vla_pkg/build/lib/arm_vla_pkg/nodes
[0.942s] copying arm_vla_pkg/nodes/action_node.py -> /home/harshit/arm_vla_ws/build/arm_vla_pkg/build/lib/arm_vla_pkg/nodes
[0.942s] copying arm_vla_pkg/nodes/vision_node.py -> /home/harshit/arm_vla_ws/build/arm_vla_pkg/build/lib/arm_vla_pkg/nodes
[0.942s] running install
[0.942s] running install_lib
[0.944s] creating /home/harshit/arm_vla_ws/install/arm_vla_pkg/lib/python3.10/site-packages/arm_vla_pkg
[0.944s] copying /home/harshit/arm_vla_ws/build/arm_vla_pkg/build/lib/arm_vla_pkg/__init__.py -> /home/harshit/arm_vla_ws/install/arm_vla_pkg/lib/python3.10/site-packages/arm_vla_pkg
[0.944s] creating /home/harshit/arm_vla_ws/install/arm_vla_pkg/lib/python3.10/site-packages/arm_vla_pkg/nodes
[0.944s] copying /home/harshit/arm_vla_ws/build/arm_vla_pkg/build/lib/arm_vla_pkg/nodes/brain_node.py -> /home/harshit/arm_vla_ws/install/arm_vla_pkg/lib/python3.10/site-packages/arm_vla_pkg/nodes
[0.944s] copying /home/harshit/arm_vla_ws/build/arm_vla_pkg/build/lib/arm_vla_pkg/nodes/speech_node.py -> /home/harshit/arm_vla_ws/install/arm_vla_pkg/lib/python3.10/site-packages/arm_vla_pkg/nodes
[0.945s] copying /home/harshit/arm_vla_ws/build/arm_vla_pkg/build/lib/arm_vla_pkg/nodes/__init__.py -> /home/harshit/arm_vla_ws/install/arm_vla_pkg/lib/python3.10/site-packages/arm_vla_pkg/nodes
[0.945s] copying /home/harshit/arm_vla_ws/build/arm_vla_pkg/build/lib/arm_vla_pkg/nodes/action_node.py -> /home/harshit/arm_vla_ws/install/arm_vla_pkg/lib/python3.10/site-packages/arm_vla_pkg/nodes
[0.945s] copying /home/harshit/arm_vla_ws/build/arm_vla_pkg/build/lib/arm_vla_pkg/nodes/vision_node.py -> /home/harshit/arm_vla_ws/install/arm_vla_pkg/lib/python3.10/site-packages/arm_vla_pkg/nodes
[0.945s] byte-compiling /home/harshit/arm_vla_ws/install/arm_vla_pkg/lib/python3.10/site-packages/arm_vla_pkg/__init__.py to __init__.cpython-310.pyc
[0.945s] byte-compiling /home/harshit/arm_vla_ws/install/arm_vla_pkg/lib/python3.10/site-packages/arm_vla_pkg/nodes/brain_node.py to brain_node.cpython-310.pyc
[0.946s] byte-compiling /home/harshit/arm_vla_ws/install/arm_vla_pkg/lib/python3.10/site-packages/arm_vla_pkg/nodes/speech_node.py to speech_node.cpython-310.pyc
[0.946s] byte-compiling /home/harshit/arm_vla_ws/install/arm_vla_pkg/lib/python3.10/site-packages/arm_vla_pkg/nodes/__init__.py to __init__.cpython-310.pyc
[0.946s] byte-compiling /home/harshit/arm_vla_ws/install/arm_vla_pkg/lib/python3.10/site-packages/arm_vla_pkg/nodes/action_node.py to action_node.cpython-310.pyc
[0.947s] byte-compiling /home/harshit/arm_vla_ws/install/arm_vla_pkg/lib/python3.10/site-packages/arm_vla_pkg/nodes/vision_node.py to vision_node.cpython-310.pyc
[0.947s] running install_data
[0.947s] creating /home/harshit/arm_vla_ws/install/arm_vla_pkg/share/ament_index
[0.948s] creating /home/harshit/arm_vla_ws/install/arm_vla_pkg/share/ament_index/resource_index
[0.948s] creating /home/harshit/arm_vla_ws/install/arm_vla_pkg/share/ament_index/resource_index/packages
[0.948s] copying resource/arm_vla_pkg -> /home/harshit/arm_vla_ws/install/arm_vla_pkg/share/ament_index/resource_index/packages
[0.948s] copying package.xml -> /home/harshit/arm_vla_ws/install/arm_vla_pkg/share/arm_vla_pkg
[0.948s] creating /home/harshit/arm_vla_ws/install/arm_vla_pkg/share/arm_vla_pkg/launch
[0.948s] copying launch/vla_main.launch.py -> /home/harshit/arm_vla_ws/install/arm_vla_pkg/share/arm_vla_pkg/launch
[0.948s] running install_egg_info
[0.949s] Copying ../../build/arm_vla_pkg/arm_vla_pkg.egg-info to /home/harshit/arm_vla_ws/install/arm_vla_pkg/lib/python3.10/site-packages/arm_vla_pkg-0.0.0-py3.10.egg-info
[0.950s] running install_scripts
[0.966s] Installing action_node script to /home/harshit/arm_vla_ws/install/arm_vla_pkg/lib/arm_vla_pkg
[0.966s] Installing brain_node script to /home/harshit/arm_vla_ws/install/arm_vla_pkg/lib/arm_vla_pkg
[0.966s] Installing speech_node script to /home/harshit/arm_vla_ws/install/arm_vla_pkg/lib/arm_vla_pkg
[0.966s] Installing vision_node script to /home/harshit/arm_vla_ws/install/arm_vla_pkg/lib/arm_vla_pkg
[0.967s] writing list of installed files to '/home/harshit/arm_vla_ws/build/arm_vla_pkg/install.log'
[0.995s] Invoked command in '/home/harshit/arm_vla_ws/src/arm_vla_pkg' returned '0': PYTHONPATH=/home/harshit/arm_vla_ws/build/arm_vla_pkg/prefix_override:/usr/lib/python3/dist-packages/colcon_core/task/python/colcon_distutils_commands:/home/harshit/arm_vla_ws/install/arm_vla_pkg/lib/python3.10/site-packages:${PYTHONPATH} /usr/bin/python3 -W ignore:setup.py install is deprecated -W ignore:easy_install command is deprecated setup.py egg_info --egg-base ../../build/arm_vla_pkg build --build-base /home/harshit/arm_vla_ws/build/arm_vla_pkg/build install --record /home/harshit/arm_vla_ws/build/arm_vla_pkg/install.log --single-version-externally-managed install_data
