/home/harshit/arm_vla_ws/install/arm_vla_pkg/lib/python3.10/site-packages/arm_vla_pkg/__init__.py
/home/harshit/arm_vla_ws/install/arm_vla_pkg/lib/python3.10/site-packages/arm_vla_pkg/nodes/brain_node.py
/home/harshit/arm_vla_ws/install/arm_vla_pkg/lib/python3.10/site-packages/arm_vla_pkg/nodes/speech_node.py
/home/harshit/arm_vla_ws/install/arm_vla_pkg/lib/python3.10/site-packages/arm_vla_pkg/nodes/__init__.py
/home/harshit/arm_vla_ws/install/arm_vla_pkg/lib/python3.10/site-packages/arm_vla_pkg/nodes/action_node.py
/home/harshit/arm_vla_ws/install/arm_vla_pkg/lib/python3.10/site-packages/arm_vla_pkg/nodes/vision_node.py
/home/harshit/arm_vla_ws/install/arm_vla_pkg/lib/python3.10/site-packages/arm_vla_pkg/nodes/way_point.py
/home/harshit/arm_vla_ws/install/arm_vla_pkg/lib/python3.10/site-packages/arm_vla_pkg/__pycache__/__init__.cpython-310.pyc
/home/harshit/arm_vla_ws/install/arm_vla_pkg/lib/python3.10/site-packages/arm_vla_pkg/nodes/__pycache__/brain_node.cpython-310.pyc
/home/harshit/arm_vla_ws/install/arm_vla_pkg/lib/python3.10/site-packages/arm_vla_pkg/nodes/__pycache__/speech_node.cpython-310.pyc
/home/harshit/arm_vla_ws/install/arm_vla_pkg/lib/python3.10/site-packages/arm_vla_pkg/nodes/__pycache__/__init__.cpython-310.pyc
/home/harshit/arm_vla_ws/install/arm_vla_pkg/lib/python3.10/site-packages/arm_vla_pkg/nodes/__pycache__/action_node.cpython-310.pyc
/home/harshit/arm_vla_ws/install/arm_vla_pkg/lib/python3.10/site-packages/arm_vla_pkg/nodes/__pycache__/vision_node.cpython-310.pyc
/home/harshit/arm_vla_ws/install/arm_vla_pkg/lib/python3.10/site-packages/arm_vla_pkg/nodes/__pycache__/way_point.cpython-310.pyc
/home/harshit/arm_vla_ws/install/arm_vla_pkg/share/arm_vla_pkg/package.xml
/home/harshit/arm_vla_ws/install/arm_vla_pkg/share/arm_vla_pkg/launch/way_point.launch.py
/home/harshit/arm_vla_ws/install/arm_vla_pkg/share/arm_vla_pkg/launch/vla_main.launch.py
/home/harshit/arm_vla_ws/install/arm_vla_pkg/lib/python3.10/site-packages/arm_vla_pkg-0.1.0-py3.10.egg-info/SOURCES.txt
/home/harshit/arm_vla_ws/install/arm_vla_pkg/lib/python3.10/site-packages/arm_vla_pkg-0.1.0-py3.10.egg-info/requires.txt
/home/harshit/arm_vla_ws/install/arm_vla_pkg/lib/python3.10/site-packages/arm_vla_pkg-0.1.0-py3.10.egg-info/entry_points.txt
/home/harshit/arm_vla_ws/install/arm_vla_pkg/lib/python3.10/site-packages/arm_vla_pkg-0.1.0-py3.10.egg-info/PKG-INFO
/home/harshit/arm_vla_ws/install/arm_vla_pkg/lib/python3.10/site-packages/arm_vla_pkg-0.1.0-py3.10.egg-info/zip-safe
/home/harshit/arm_vla_ws/install/arm_vla_pkg/lib/python3.10/site-packages/arm_vla_pkg-0.1.0-py3.10.egg-info/dependency_links.txt
/home/harshit/arm_vla_ws/install/arm_vla_pkg/lib/python3.10/site-packages/arm_vla_pkg-0.1.0-py3.10.egg-info/top_level.txt
/home/harshit/arm_vla_ws/install/arm_vla_pkg/lib/arm_vla_pkg/action_node
/home/harshit/arm_vla_ws/install/arm_vla_pkg/lib/arm_vla_pkg/brain_node
/home/harshit/arm_vla_ws/install/arm_vla_pkg/lib/arm_vla_pkg/speech_node
/home/harshit/arm_vla_ws/install/arm_vla_pkg/lib/arm_vla_pkg/test_visual_servoing
/home/harshit/arm_vla_ws/install/arm_vla_pkg/lib/arm_vla_pkg/vision_node
/home/harshit/arm_vla_ws/install/arm_vla_pkg/lib/arm_vla_pkg/visual_servoing_calibration
/home/harshit/arm_vla_ws/install/arm_vla_pkg/lib/arm_vla_pkg/visual_servoing_node
/home/harshit/arm_vla_ws/install/arm_vla_pkg/lib/arm_vla_pkg/way_point
