running egg_info
creating ../../build/bot_control/bot_control.egg-info
writing ../../build/bot_control/bot_control.egg-info/PKG-INFO
writing dependency_links to ../../build/bot_control/bot_control.egg-info/dependency_links.txt
writing entry points to ../../build/bot_control/bot_control.egg-info/entry_points.txt
writing requirements to ../../build/bot_control/bot_control.egg-info/requires.txt
writing top-level names to ../../build/bot_control/bot_control.egg-info/top_level.txt
writing manifest file '../../build/bot_control/bot_control.egg-info/SOURCES.txt'
reading manifest file '../../build/bot_control/bot_control.egg-info/SOURCES.txt'
writing manifest file '../../build/bot_control/bot_control.egg-info/SOURCES.txt'
running build
running build_py
creating /home/harshit/arm_vla_ws/build/bot_control/build
creating /home/harshit/arm_vla_ws/build/bot_control/build/lib
creating /home/harshit/arm_vla_ws/build/bot_control/build/lib/bot_control
copying bot_control/bot_controller.py -> /home/harshit/arm_vla_ws/build/bot_control/build/lib/bot_control
copying bot_control/__init__.py -> /home/harshit/arm_vla_ws/build/bot_control/build/lib/bot_control
copying bot_control/simple_ball_detector.py -> /home/harshit/arm_vla_ws/build/bot_control/build/lib/bot_control
copying bot_control/publish_tf.py -> /home/harshit/arm_vla_ws/build/bot_control/build/lib/bot_control
copying bot_control/test_ee_camera.py -> /home/harshit/arm_vla_ws/build/bot_control/build/lib/bot_control
copying bot_control/interactive_control.py -> /home/harshit/arm_vla_ws/build/bot_control/build/lib/bot_control
copying bot_control/vision_pick_place.py -> /home/harshit/arm_vla_ws/build/bot_control/build/lib/bot_control
copying bot_control/scanning_vision_pick_place.py -> /home/harshit/arm_vla_ws/build/bot_control/build/lib/bot_control
copying bot_control/dual_camera_picker.py -> /home/harshit/arm_vla_ws/build/bot_control/build/lib/bot_control
running install
running install_lib
creating /home/harshit/arm_vla_ws/install/bot_control/lib/python3.10/site-packages/bot_control
copying /home/harshit/arm_vla_ws/build/bot_control/build/lib/bot_control/bot_controller.py -> /home/harshit/arm_vla_ws/install/bot_control/lib/python3.10/site-packages/bot_control
copying /home/harshit/arm_vla_ws/build/bot_control/build/lib/bot_control/__init__.py -> /home/harshit/arm_vla_ws/install/bot_control/lib/python3.10/site-packages/bot_control
copying /home/harshit/arm_vla_ws/build/bot_control/build/lib/bot_control/simple_ball_detector.py -> /home/harshit/arm_vla_ws/install/bot_control/lib/python3.10/site-packages/bot_control
copying /home/harshit/arm_vla_ws/build/bot_control/build/lib/bot_control/publish_tf.py -> /home/harshit/arm_vla_ws/install/bot_control/lib/python3.10/site-packages/bot_control
copying /home/harshit/arm_vla_ws/build/bot_control/build/lib/bot_control/test_ee_camera.py -> /home/harshit/arm_vla_ws/install/bot_control/lib/python3.10/site-packages/bot_control
copying /home/harshit/arm_vla_ws/build/bot_control/build/lib/bot_control/interactive_control.py -> /home/harshit/arm_vla_ws/install/bot_control/lib/python3.10/site-packages/bot_control
copying /home/harshit/arm_vla_ws/build/bot_control/build/lib/bot_control/vision_pick_place.py -> /home/harshit/arm_vla_ws/install/bot_control/lib/python3.10/site-packages/bot_control
copying /home/harshit/arm_vla_ws/build/bot_control/build/lib/bot_control/scanning_vision_pick_place.py -> /home/harshit/arm_vla_ws/install/bot_control/lib/python3.10/site-packages/bot_control
copying /home/harshit/arm_vla_ws/build/bot_control/build/lib/bot_control/dual_camera_picker.py -> /home/harshit/arm_vla_ws/install/bot_control/lib/python3.10/site-packages/bot_control
byte-compiling /home/harshit/arm_vla_ws/install/bot_control/lib/python3.10/site-packages/bot_control/bot_controller.py to bot_controller.cpython-310.pyc
byte-compiling /home/harshit/arm_vla_ws/install/bot_control/lib/python3.10/site-packages/bot_control/__init__.py to __init__.cpython-310.pyc
byte-compiling /home/harshit/arm_vla_ws/install/bot_control/lib/python3.10/site-packages/bot_control/simple_ball_detector.py to simple_ball_detector.cpython-310.pyc
byte-compiling /home/harshit/arm_vla_ws/install/bot_control/lib/python3.10/site-packages/bot_control/publish_tf.py to publish_tf.cpython-310.pyc
byte-compiling /home/harshit/arm_vla_ws/install/bot_control/lib/python3.10/site-packages/bot_control/test_ee_camera.py to test_ee_camera.cpython-310.pyc
byte-compiling /home/harshit/arm_vla_ws/install/bot_control/lib/python3.10/site-packages/bot_control/interactive_control.py to interactive_control.cpython-310.pyc
byte-compiling /home/harshit/arm_vla_ws/install/bot_control/lib/python3.10/site-packages/bot_control/vision_pick_place.py to vision_pick_place.cpython-310.pyc
byte-compiling /home/harshit/arm_vla_ws/install/bot_control/lib/python3.10/site-packages/bot_control/scanning_vision_pick_place.py to scanning_vision_pick_place.cpython-310.pyc
byte-compiling /home/harshit/arm_vla_ws/install/bot_control/lib/python3.10/site-packages/bot_control/dual_camera_picker.py to dual_camera_picker.cpython-310.pyc
running install_data
copying package.xml -> /home/harshit/arm_vla_ws/install/bot_control/share/bot_control
creating /home/harshit/arm_vla_ws/install/bot_control/share/bot_control/launch
copying launch/vision_pick_place.launch.py -> /home/harshit/arm_vla_ws/install/bot_control/share/bot_control/launch
copying launch/final_arm.launch.py -> /home/harshit/arm_vla_ws/install/bot_control/share/bot_control/launch
copying launch/dual_camera.launch.py -> /home/harshit/arm_vla_ws/install/bot_control/share/bot_control/launch
copying launch/scanning_vision_pick_place.launch.py -> /home/harshit/arm_vla_ws/install/bot_control/share/bot_control/launch
copying launch/gazebo_control.launch.py -> /home/harshit/arm_vla_ws/install/bot_control/share/bot_control/launch
copying launch/system.launch.py -> /home/harshit/arm_vla_ws/install/bot_control/share/bot_control/launch
creating /home/harshit/arm_vla_ws/install/bot_control/share/bot_control/config
copying config/controller_params.yaml -> /home/harshit/arm_vla_ws/install/bot_control/share/bot_control/config
running install_egg_info
Copying ../../build/bot_control/bot_control.egg-info to /home/harshit/arm_vla_ws/install/bot_control/lib/python3.10/site-packages/bot_control-1.0.0-py3.10.egg-info
running install_scripts
Installing bot_controller script to /home/harshit/arm_vla_ws/install/bot_control/lib/bot_control
Installing dual_camera_picker script to /home/harshit/arm_vla_ws/install/bot_control/lib/bot_control
Installing interactive_control script to /home/harshit/arm_vla_ws/install/bot_control/lib/bot_control
Installing publish_tf script to /home/harshit/arm_vla_ws/install/bot_control/lib/bot_control
Installing scanning_vision_pick_place script to /home/harshit/arm_vla_ws/install/bot_control/lib/bot_control
Installing simple_ball_detector script to /home/harshit/arm_vla_ws/install/bot_control/lib/bot_control
Installing test_ee_camera script to /home/harshit/arm_vla_ws/install/bot_control/lib/bot_control
Installing vision_pick_place script to /home/harshit/arm_vla_ws/install/bot_control/lib/bot_control
writing list of installed files to '/home/harshit/arm_vla_ws/build/bot_control/install.log'
