[0.599s] Invoking command in '/home/harshit/arm_vla_ws/src/bot_control': AMENT_PREFIX_PATH=/home/harshit/arm_vla_ws/install/bot_moveit_config:/home/harshit/arm_vla_ws/install/bot_description:${AMENT_PREFIX_PATH} CMAKE_PREFIX_PATH=/home/harshit/arm_vla_ws/install/bot_moveit_config:/home/harshit/arm_vla_ws/install/bot_description:${CMAKE_PREFIX_PATH} PYTHONPATH=/home/harshit/arm_vla_ws/build/bot_control/prefix_override:/usr/lib/python3/dist-packages/colcon_core/task/python/colcon_distutils_commands:/home/harshit/arm_vla_ws/install/bot_control/lib/python3.10/site-packages:${PYTHONPATH} /usr/bin/python3 -W ignore:setup.py install is deprecated -W ignore:easy_install command is deprecated setup.py egg_info --egg-base ../../build/bot_control build --build-base /home/harshit/arm_vla_ws/build/bot_control/build install --record /home/harshit/arm_vla_ws/build/bot_control/install.log --single-version-externally-managed install_data
[0.802s] running egg_info
[0.802s] creating ../../build/bot_control/bot_control.egg-info
[0.802s] writing ../../build/bot_control/bot_control.egg-info/PKG-INFO
[0.803s] writing dependency_links to ../../build/bot_control/bot_control.egg-info/dependency_links.txt
[0.803s] writing entry points to ../../build/bot_control/bot_control.egg-info/entry_points.txt
[0.803s] writing requirements to ../../build/bot_control/bot_control.egg-info/requires.txt
[0.803s] writing top-level names to ../../build/bot_control/bot_control.egg-info/top_level.txt
[0.803s] writing manifest file '../../build/bot_control/bot_control.egg-info/SOURCES.txt'
[0.804s] reading manifest file '../../build/bot_control/bot_control.egg-info/SOURCES.txt'
[0.805s] writing manifest file '../../build/bot_control/bot_control.egg-info/SOURCES.txt'
[0.805s] running build
[0.805s] running build_py
[0.805s] creating /home/harshit/arm_vla_ws/build/bot_control/build
[0.805s] creating /home/harshit/arm_vla_ws/build/bot_control/build/lib
[0.806s] creating /home/harshit/arm_vla_ws/build/bot_control/build/lib/bot_control
[0.806s] copying bot_control/bot_controller.py -> /home/harshit/arm_vla_ws/build/bot_control/build/lib/bot_control
[0.806s] copying bot_control/__init__.py -> /home/harshit/arm_vla_ws/build/bot_control/build/lib/bot_control
[0.806s] copying bot_control/simple_ball_detector.py -> /home/harshit/arm_vla_ws/build/bot_control/build/lib/bot_control
[0.806s] copying bot_control/publish_tf.py -> /home/harshit/arm_vla_ws/build/bot_control/build/lib/bot_control
[0.806s] copying bot_control/test_ee_camera.py -> /home/harshit/arm_vla_ws/build/bot_control/build/lib/bot_control
[0.806s] copying bot_control/interactive_control.py -> /home/harshit/arm_vla_ws/build/bot_control/build/lib/bot_control
[0.806s] copying bot_control/vision_pick_place.py -> /home/harshit/arm_vla_ws/build/bot_control/build/lib/bot_control
[0.806s] copying bot_control/scanning_vision_pick_place.py -> /home/harshit/arm_vla_ws/build/bot_control/build/lib/bot_control
[0.806s] copying bot_control/dual_camera_picker.py -> /home/harshit/arm_vla_ws/build/bot_control/build/lib/bot_control
[0.806s] running install
[0.807s] running install_lib
[0.807s] creating /home/harshit/arm_vla_ws/install/bot_control/lib/python3.10/site-packages/bot_control
[0.807s] copying /home/harshit/arm_vla_ws/build/bot_control/build/lib/bot_control/bot_controller.py -> /home/harshit/arm_vla_ws/install/bot_control/lib/python3.10/site-packages/bot_control
[0.807s] copying /home/harshit/arm_vla_ws/build/bot_control/build/lib/bot_control/__init__.py -> /home/harshit/arm_vla_ws/install/bot_control/lib/python3.10/site-packages/bot_control
[0.807s] copying /home/harshit/arm_vla_ws/build/bot_control/build/lib/bot_control/simple_ball_detector.py -> /home/harshit/arm_vla_ws/install/bot_control/lib/python3.10/site-packages/bot_control
[0.807s] copying /home/harshit/arm_vla_ws/build/bot_control/build/lib/bot_control/publish_tf.py -> /home/harshit/arm_vla_ws/install/bot_control/lib/python3.10/site-packages/bot_control
[0.807s] copying /home/harshit/arm_vla_ws/build/bot_control/build/lib/bot_control/test_ee_camera.py -> /home/harshit/arm_vla_ws/install/bot_control/lib/python3.10/site-packages/bot_control
[0.807s] copying /home/harshit/arm_vla_ws/build/bot_control/build/lib/bot_control/interactive_control.py -> /home/harshit/arm_vla_ws/install/bot_control/lib/python3.10/site-packages/bot_control
[0.807s] copying /home/harshit/arm_vla_ws/build/bot_control/build/lib/bot_control/vision_pick_place.py -> /home/harshit/arm_vla_ws/install/bot_control/lib/python3.10/site-packages/bot_control
[0.807s] copying /home/harshit/arm_vla_ws/build/bot_control/build/lib/bot_control/scanning_vision_pick_place.py -> /home/harshit/arm_vla_ws/install/bot_control/lib/python3.10/site-packages/bot_control
[0.808s] copying /home/harshit/arm_vla_ws/build/bot_control/build/lib/bot_control/dual_camera_picker.py -> /home/harshit/arm_vla_ws/install/bot_control/lib/python3.10/site-packages/bot_control
[0.808s] byte-compiling /home/harshit/arm_vla_ws/install/bot_control/lib/python3.10/site-packages/bot_control/bot_controller.py to bot_controller.cpython-310.pyc
[0.809s] byte-compiling /home/harshit/arm_vla_ws/install/bot_control/lib/python3.10/site-packages/bot_control/__init__.py to __init__.cpython-310.pyc
[0.809s] byte-compiling /home/harshit/arm_vla_ws/install/bot_control/lib/python3.10/site-packages/bot_control/simple_ball_detector.py to simple_ball_detector.cpython-310.pyc
[0.810s] byte-compiling /home/harshit/arm_vla_ws/install/bot_control/lib/python3.10/site-packages/bot_control/publish_tf.py to publish_tf.cpython-310.pyc
[0.812s] byte-compiling /home/harshit/arm_vla_ws/install/bot_control/lib/python3.10/site-packages/bot_control/test_ee_camera.py to test_ee_camera.cpython-310.pyc
[0.812s] byte-compiling /home/harshit/arm_vla_ws/install/bot_control/lib/python3.10/site-packages/bot_control/interactive_control.py to interactive_control.cpython-310.pyc
[0.812s] byte-compiling /home/harshit/arm_vla_ws/install/bot_control/lib/python3.10/site-packages/bot_control/vision_pick_place.py to vision_pick_place.cpython-310.pyc
[0.814s] byte-compiling /home/harshit/arm_vla_ws/install/bot_control/lib/python3.10/site-packages/bot_control/scanning_vision_pick_place.py to scanning_vision_pick_place.cpython-310.pyc
[0.815s] byte-compiling /home/harshit/arm_vla_ws/install/bot_control/lib/python3.10/site-packages/bot_control/dual_camera_picker.py to dual_camera_picker.cpython-310.pyc
[0.816s] running install_data
[0.816s] copying package.xml -> /home/harshit/arm_vla_ws/install/bot_control/share/bot_control
[0.816s] creating /home/harshit/arm_vla_ws/install/bot_control/share/bot_control/launch
[0.816s] copying launch/vision_pick_place.launch.py -> /home/harshit/arm_vla_ws/install/bot_control/share/bot_control/launch
[0.816s] copying launch/final_arm.launch.py -> /home/harshit/arm_vla_ws/install/bot_control/share/bot_control/launch
[0.817s] copying launch/dual_camera.launch.py -> /home/harshit/arm_vla_ws/install/bot_control/share/bot_control/launch
[0.817s] copying launch/scanning_vision_pick_place.launch.py -> /home/harshit/arm_vla_ws/install/bot_control/share/bot_control/launch
[0.817s] copying launch/gazebo_control.launch.py -> /home/harshit/arm_vla_ws/install/bot_control/share/bot_control/launch
[0.817s] copying launch/system.launch.py -> /home/harshit/arm_vla_ws/install/bot_control/share/bot_control/launch
[0.817s] creating /home/harshit/arm_vla_ws/install/bot_control/share/bot_control/config
[0.817s] copying config/controller_params.yaml -> /home/harshit/arm_vla_ws/install/bot_control/share/bot_control/config
[0.817s] running install_egg_info
[0.818s] Copying ../../build/bot_control/bot_control.egg-info to /home/harshit/arm_vla_ws/install/bot_control/lib/python3.10/site-packages/bot_control-1.0.0-py3.10.egg-info
[0.819s] running install_scripts
[0.834s] Installing bot_controller script to /home/harshit/arm_vla_ws/install/bot_control/lib/bot_control
[0.835s] Installing dual_camera_picker script to /home/harshit/arm_vla_ws/install/bot_control/lib/bot_control
[0.835s] Installing interactive_control script to /home/harshit/arm_vla_ws/install/bot_control/lib/bot_control
[0.835s] Installing publish_tf script to /home/harshit/arm_vla_ws/install/bot_control/lib/bot_control
[0.835s] Installing scanning_vision_pick_place script to /home/harshit/arm_vla_ws/install/bot_control/lib/bot_control
[0.835s] Installing simple_ball_detector script to /home/harshit/arm_vla_ws/install/bot_control/lib/bot_control
[0.835s] Installing test_ee_camera script to /home/harshit/arm_vla_ws/install/bot_control/lib/bot_control
[0.835s] Installing vision_pick_place script to /home/harshit/arm_vla_ws/install/bot_control/lib/bot_control
[0.835s] writing list of installed files to '/home/harshit/arm_vla_ws/build/bot_control/install.log'
[0.858s] Invoked command in '/home/harshit/arm_vla_ws/src/bot_control' returned '0': AMENT_PREFIX_PATH=/home/harshit/arm_vla_ws/install/bot_moveit_config:/home/harshit/arm_vla_ws/install/bot_description:${AMENT_PREFIX_PATH} CMAKE_PREFIX_PATH=/home/harshit/arm_vla_ws/install/bot_moveit_config:/home/harshit/arm_vla_ws/install/bot_description:${CMAKE_PREFIX_PATH} PYTHONPATH=/home/harshit/arm_vla_ws/build/bot_control/prefix_override:/usr/lib/python3/dist-packages/colcon_core/task/python/colcon_distutils_commands:/home/harshit/arm_vla_ws/install/bot_control/lib/python3.10/site-packages:${PYTHONPATH} /usr/bin/python3 -W ignore:setup.py install is deprecated -W ignore:easy_install command is deprecated setup.py egg_info --egg-base ../../build/bot_control build --build-base /home/harshit/arm_vla_ws/build/bot_control/build install --record /home/harshit/arm_vla_ws/build/bot_control/install.log --single-version-externally-managed install_data
