[0.096s] [34mcolcon[0m [1;30mDEBUG[0m [32mCommand line arguments: ['/usr/bin/colcon', 'build'][0m
[0.096s] [34mcolcon[0m [1;30mDEBUG[0m [32mParsed command line arguments: Namespace(log_base=None, log_level=None, verb_name='build', build_base='build', install_base='install', merge_install=False, symlink_install=False, test_result_base=None, continue_on_error=False, executor='parallel', parallel_workers=8, event_handlers=None, ignore_user_meta=False, metas=['./colcon.meta'], base_paths=['.'], packages_ignore=None, packages_ignore_regex=None, paths=None, packages_up_to=None, packages_up_to_regex=None, packages_above=None, packages_above_and_dependencies=None, packages_above_depth=None, packages_select_by_dep=None, packages_skip_by_dep=None, packages_skip_up_to=None, packages_select_build_failed=False, packages_skip_build_finished=False, packages_select_test_failures=False, packages_skip_test_passed=False, packages_select=None, packages_skip=None, packages_select_regex=None, packages_skip_regex=None, packages_start=None, packages_end=None, allow_overriding=[], cmake_args=None, cmake_target=None, cmake_target_skip_unavailable=False, cmake_clean_cache=False, cmake_clean_first=False, cmake_force_configure=False, ament_cmake_args=None, catkin_cmake_args=None, catkin_skip_building_tests=False, mixin_files=None, mixin=None, verb_parser=<colcon_mixin.mixin.mixin_argument.MixinArgumentDecorator object at 0x77b6bc5d76d0>, verb_extension=<colcon_core.verb.build.BuildVerb object at 0x77b6bc5d7220>, main=<bound method BuildVerb.main of <colcon_core.verb.build.BuildVerb object at 0x77b6bc5d7220>>, mixin_verb=('build',))[0m
[0.246s] [34mcolcon.colcon_core.package_discovery[0m [1;30mLevel 1[0m discover_packages(colcon_meta) check parameters
[0.246s] [34mcolcon.colcon_core.package_discovery[0m [1;30mLevel 1[0m discover_packages(recursive) check parameters
[0.246s] [34mcolcon.colcon_core.package_discovery[0m [1;30mLevel 1[0m discover_packages(ignore) check parameters
[0.246s] [34mcolcon.colcon_core.package_discovery[0m [1;30mLevel 1[0m discover_packages(path) check parameters
[0.246s] [34mcolcon.colcon_core.package_discovery[0m [1;30mLevel 1[0m discover_packages(colcon_meta) discover
[0.246s] [34mcolcon.colcon_core.package_discovery[0m [1;30mLevel 1[0m discover_packages(recursive) discover
[0.246s] [34mcolcon.colcon_core.package_discovery[0m [1;30mINFO[0m Crawling recursively for packages in '/home/harshit/arm_vla_ws'
[0.246s] [34mcolcon.colcon_core.package_identification[0m [1;30mLevel 1[0m _identify(.) by extensions ['ignore', 'ignore_ament_install']
[0.246s] [34mcolcon.colcon_core.package_identification[0m [1;30mLevel 1[0m _identify(.) by extension 'ignore'
[0.246s] [34mcolcon.colcon_core.package_identification[0m [1;30mLevel 1[0m _identify(.) by extension 'ignore_ament_install'
[0.246s] [34mcolcon.colcon_core.package_identification[0m [1;30mLevel 1[0m _identify(.) by extensions ['colcon_pkg']
[0.246s] [34mcolcon.colcon_core.package_identification[0m [1;30mLevel 1[0m _identify(.) by extension 'colcon_pkg'
[0.246s] [34mcolcon.colcon_core.package_identification[0m [1;30mLevel 1[0m _identify(.) by extensions ['colcon_meta']
[0.246s] [34mcolcon.colcon_core.package_identification[0m [1;30mLevel 1[0m _identify(.) by extension 'colcon_meta'
[0.246s] [34mcolcon.colcon_core.package_identification[0m [1;30mLevel 1[0m _identify(.) by extensions ['ros']
[0.246s] [34mcolcon.colcon_core.package_identification[0m [1;30mLevel 1[0m _identify(.) by extension 'ros'
[0.266s] [34mcolcon.colcon_core.package_identification[0m [1;30mLevel 1[0m _identify(.) by extensions ['cmake', 'python']
[0.267s] [34mcolcon.colcon_core.package_identification[0m [1;30mLevel 1[0m _identify(.) by extension 'cmake'
[0.267s] [34mcolcon.colcon_core.package_identification[0m [1;30mLevel 1[0m _identify(.) by extension 'python'
[0.267s] [34mcolcon.colcon_core.package_identification[0m [1;30mLevel 1[0m _identify(.) by extensions ['python_setup_py']
[0.267s] [34mcolcon.colcon_core.package_identification[0m [1;30mLevel 1[0m _identify(.) by extension 'python_setup_py'
[0.267s] [34mcolcon.colcon_core.package_identification[0m [1;30mLevel 1[0m _identify(build) by extensions ['ignore', 'ignore_ament_install']
[0.267s] [34mcolcon.colcon_core.package_identification[0m [1;30mLevel 1[0m _identify(build) by extension 'ignore'
[0.267s] [34mcolcon.colcon_core.package_identification[0m [1;30mLevel 1[0m _identify(build) ignored
[0.267s] [34mcolcon.colcon_core.package_identification[0m [1;30mLevel 1[0m _identify(install) by extensions ['ignore', 'ignore_ament_install']
[0.267s] [34mcolcon.colcon_core.package_identification[0m [1;30mLevel 1[0m _identify(install) by extension 'ignore'
[0.267s] [34mcolcon.colcon_core.package_identification[0m [1;30mLevel 1[0m _identify(install) ignored
[0.267s] [34mcolcon.colcon_core.package_identification[0m [1;30mLevel 1[0m _identify(log) by extensions ['ignore', 'ignore_ament_install']
[0.267s] [34mcolcon.colcon_core.package_identification[0m [1;30mLevel 1[0m _identify(log) by extension 'ignore'
[0.267s] [34mcolcon.colcon_core.package_identification[0m [1;30mLevel 1[0m _identify(log) ignored
[0.267s] [34mcolcon.colcon_core.package_identification[0m [1;30mLevel 1[0m _identify(modelfiles) by extensions ['ignore', 'ignore_ament_install']
[0.267s] [34mcolcon.colcon_core.package_identification[0m [1;30mLevel 1[0m _identify(modelfiles) by extension 'ignore'
[0.268s] [34mcolcon.colcon_core.package_identification[0m [1;30mLevel 1[0m _identify(modelfiles) by extension 'ignore_ament_install'
[0.268s] [34mcolcon.colcon_core.package_identification[0m [1;30mLevel 1[0m _identify(modelfiles) by extensions ['colcon_pkg']
[0.268s] [34mcolcon.colcon_core.package_identification[0m [1;30mLevel 1[0m _identify(modelfiles) by extension 'colcon_pkg'
[0.268s] [34mcolcon.colcon_core.package_identification[0m [1;30mLevel 1[0m _identify(modelfiles) by extensions ['colcon_meta']
[0.268s] [34mcolcon.colcon_core.package_identification[0m [1;30mLevel 1[0m _identify(modelfiles) by extension 'colcon_meta'
[0.268s] [34mcolcon.colcon_core.package_identification[0m [1;30mLevel 1[0m _identify(modelfiles) by extensions ['ros']
[0.268s] [34mcolcon.colcon_core.package_identification[0m [1;30mLevel 1[0m _identify(modelfiles) by extension 'ros'
[0.268s] [34mcolcon.colcon_core.package_identification[0m [1;30mLevel 1[0m _identify(modelfiles) by extensions ['cmake', 'python']
[0.268s] [34mcolcon.colcon_core.package_identification[0m [1;30mLevel 1[0m _identify(modelfiles) by extension 'cmake'
[0.268s] [34mcolcon.colcon_core.package_identification[0m [1;30mLevel 1[0m _identify(modelfiles) by extension 'python'
[0.268s] [34mcolcon.colcon_core.package_identification[0m [1;30mLevel 1[0m _identify(modelfiles) by extensions ['python_setup_py']
[0.268s] [34mcolcon.colcon_core.package_identification[0m [1;30mLevel 1[0m _identify(modelfiles) by extension 'python_setup_py'
[0.268s] [34mcolcon.colcon_core.package_identification[0m [1;30mLevel 1[0m _identify(nodes) by extensions ['ignore', 'ignore_ament_install']
[0.268s] [34mcolcon.colcon_core.package_identification[0m [1;30mLevel 1[0m _identify(nodes) by extension 'ignore'
[0.268s] [34mcolcon.colcon_core.package_identification[0m [1;30mLevel 1[0m _identify(nodes) by extension 'ignore_ament_install'
[0.268s] [34mcolcon.colcon_core.package_identification[0m [1;30mLevel 1[0m _identify(nodes) by extensions ['colcon_pkg']
[0.268s] [34mcolcon.colcon_core.package_identification[0m [1;30mLevel 1[0m _identify(nodes) by extension 'colcon_pkg'
[0.268s] [34mcolcon.colcon_core.package_identification[0m [1;30mLevel 1[0m _identify(nodes) by extensions ['colcon_meta']
[0.268s] [34mcolcon.colcon_core.package_identification[0m [1;30mLevel 1[0m _identify(nodes) by extension 'colcon_meta'
[0.268s] [34mcolcon.colcon_core.package_identification[0m [1;30mLevel 1[0m _identify(nodes) by extensions ['ros']
[0.268s] [34mcolcon.colcon_core.package_identification[0m [1;30mLevel 1[0m _identify(nodes) by extension 'ros'
[0.268s] [34mcolcon.colcon_core.package_identification[0m [1;30mLevel 1[0m _identify(nodes) by extensions ['cmake', 'python']
[0.268s] [34mcolcon.colcon_core.package_identification[0m [1;30mLevel 1[0m _identify(nodes) by extension 'cmake'
[0.268s] [34mcolcon.colcon_core.package_identification[0m [1;30mLevel 1[0m _identify(nodes) by extension 'python'
[0.268s] [34mcolcon.colcon_core.package_identification[0m [1;30mLevel 1[0m _identify(nodes) by extensions ['python_setup_py']
[0.268s] [34mcolcon.colcon_core.package_identification[0m [1;30mLevel 1[0m _identify(nodes) by extension 'python_setup_py'
[0.268s] [34mcolcon.colcon_core.package_identification[0m [1;30mLevel 1[0m _identify(src) by extensions ['ignore', 'ignore_ament_install']
[0.269s] [34mcolcon.colcon_core.package_identification[0m [1;30mLevel 1[0m _identify(src) by extension 'ignore'
[0.269s] [34mcolcon.colcon_core.package_identification[0m [1;30mLevel 1[0m _identify(src) by extension 'ignore_ament_install'
[0.269s] [34mcolcon.colcon_core.package_identification[0m [1;30mLevel 1[0m _identify(src) by extensions ['colcon_pkg']
[0.269s] [34mcolcon.colcon_core.package_identification[0m [1;30mLevel 1[0m _identify(src) by extension 'colcon_pkg'
[0.269s] [34mcolcon.colcon_core.package_identification[0m [1;30mLevel 1[0m _identify(src) by extensions ['colcon_meta']
[0.269s] [34mcolcon.colcon_core.package_identification[0m [1;30mLevel 1[0m _identify(src) by extension 'colcon_meta'
[0.269s] [34mcolcon.colcon_core.package_identification[0m [1;30mLevel 1[0m _identify(src) by extensions ['ros']
[0.269s] [34mcolcon.colcon_core.package_identification[0m [1;30mLevel 1[0m _identify(src) by extension 'ros'
[0.269s] [34mcolcon.colcon_core.package_identification[0m [1;30mLevel 1[0m _identify(src) by extensions ['cmake', 'python']
[0.269s] [34mcolcon.colcon_core.package_identification[0m [1;30mLevel 1[0m _identify(src) by extension 'cmake'
[0.269s] [34mcolcon.colcon_core.package_identification[0m [1;30mLevel 1[0m _identify(src) by extension 'python'
[0.269s] [34mcolcon.colcon_core.package_identification[0m [1;30mLevel 1[0m _identify(src) by extensions ['python_setup_py']
[0.269s] [34mcolcon.colcon_core.package_identification[0m [1;30mLevel 1[0m _identify(src) by extension 'python_setup_py'
[0.269s] [34mcolcon.colcon_core.package_identification[0m [1;30mLevel 1[0m _identify(src/arm_vla_pkg) by extensions ['ignore', 'ignore_ament_install']
[0.269s] [34mcolcon.colcon_core.package_identification[0m [1;30mLevel 1[0m _identify(src/arm_vla_pkg) by extension 'ignore'
[0.269s] [34mcolcon.colcon_core.package_identification[0m [1;30mLevel 1[0m _identify(src/arm_vla_pkg) by extension 'ignore_ament_install'
[0.269s] [34mcolcon.colcon_core.package_identification[0m [1;30mLevel 1[0m _identify(src/arm_vla_pkg) by extensions ['colcon_pkg']
[0.269s] [34mcolcon.colcon_core.package_identification[0m [1;30mLevel 1[0m _identify(src/arm_vla_pkg) by extension 'colcon_pkg'
[0.269s] [34mcolcon.colcon_core.package_identification[0m [1;30mLevel 1[0m _identify(src/arm_vla_pkg) by extensions ['colcon_meta']
[0.269s] [34mcolcon.colcon_core.package_identification[0m [1;30mLevel 1[0m _identify(src/arm_vla_pkg) by extension 'colcon_meta'
[0.269s] [34mcolcon.colcon_core.package_identification[0m [1;30mLevel 1[0m _identify(src/arm_vla_pkg) by extensions ['ros']
[0.269s] [34mcolcon.colcon_core.package_identification[0m [1;30mLevel 1[0m _identify(src/arm_vla_pkg) by extension 'ros'
[0.272s] [34mcolcon.colcon_core.package_identification[0m [1;30mDEBUG[0m [32mPackage 'src/arm_vla_pkg' with type 'ros.ament_python' and name 'arm_vla_pkg'[0m
[0.272s] [34mcolcon.colcon_core.package_identification[0m [1;30mLevel 1[0m _identify(src/bot_control) by extensions ['ignore', 'ignore_ament_install']
[0.272s] [34mcolcon.colcon_core.package_identification[0m [1;30mLevel 1[0m _identify(src/bot_control) by extension 'ignore'
[0.272s] [34mcolcon.colcon_core.package_identification[0m [1;30mLevel 1[0m _identify(src/bot_control) by extension 'ignore_ament_install'
[0.272s] [34mcolcon.colcon_core.package_identification[0m [1;30mLevel 1[0m _identify(src/bot_control) by extensions ['colcon_pkg']
[0.272s] [34mcolcon.colcon_core.package_identification[0m [1;30mLevel 1[0m _identify(src/bot_control) by extension 'colcon_pkg'
[0.272s] [34mcolcon.colcon_core.package_identification[0m [1;30mLevel 1[0m _identify(src/bot_control) by extensions ['colcon_meta']
[0.272s] [34mcolcon.colcon_core.package_identification[0m [1;30mLevel 1[0m _identify(src/bot_control) by extension 'colcon_meta'
[0.272s] [34mcolcon.colcon_core.package_identification[0m [1;30mLevel 1[0m _identify(src/bot_control) by extensions ['ros']
[0.272s] [34mcolcon.colcon_core.package_identification[0m [1;30mLevel 1[0m _identify(src/bot_control) by extension 'ros'
[0.273s] [34mcolcon.colcon_core.package_identification[0m [1;30mDEBUG[0m [32mPackage 'src/bot_control' with type 'ros.ament_python' and name 'bot_control'[0m
[0.273s] [34mcolcon.colcon_core.package_identification[0m [1;30mLevel 1[0m _identify(src/bot_description) by extensions ['ignore', 'ignore_ament_install']
[0.273s] [34mcolcon.colcon_core.package_identification[0m [1;30mLevel 1[0m _identify(src/bot_description) by extension 'ignore'
[0.273s] [34mcolcon.colcon_core.package_identification[0m [1;30mLevel 1[0m _identify(src/bot_description) by extension 'ignore_ament_install'
[0.274s] [34mcolcon.colcon_core.package_identification[0m [1;30mLevel 1[0m _identify(src/bot_description) by extensions ['colcon_pkg']
[0.274s] [34mcolcon.colcon_core.package_identification[0m [1;30mLevel 1[0m _identify(src/bot_description) by extension 'colcon_pkg'
[0.274s] [34mcolcon.colcon_core.package_identification[0m [1;30mLevel 1[0m _identify(src/bot_description) by extensions ['colcon_meta']
[0.274s] [34mcolcon.colcon_core.package_identification[0m [1;30mLevel 1[0m _identify(src/bot_description) by extension 'colcon_meta'
[0.274s] [34mcolcon.colcon_core.package_identification[0m [1;30mLevel 1[0m _identify(src/bot_description) by extensions ['ros']
[0.274s] [34mcolcon.colcon_core.package_identification[0m [1;30mLevel 1[0m _identify(src/bot_description) by extension 'ros'
[0.274s] [34mcolcon.colcon_core.package_identification[0m [1;30mDEBUG[0m [32mPackage 'src/bot_description' with type 'ros.ament_cmake' and name 'bot_description'[0m
[0.274s] [34mcolcon.colcon_core.package_identification[0m [1;30mLevel 1[0m _identify(src/bot_gazebo) by extensions ['ignore', 'ignore_ament_install']
[0.274s] [34mcolcon.colcon_core.package_identification[0m [1;30mLevel 1[0m _identify(src/bot_gazebo) by extension 'ignore'
[0.274s] [34mcolcon.colcon_core.package_identification[0m [1;30mLevel 1[0m _identify(src/bot_gazebo) by extension 'ignore_ament_install'
[0.274s] [34mcolcon.colcon_core.package_identification[0m [1;30mLevel 1[0m _identify(src/bot_gazebo) by extensions ['colcon_pkg']
[0.274s] [34mcolcon.colcon_core.package_identification[0m [1;30mLevel 1[0m _identify(src/bot_gazebo) by extension 'colcon_pkg'
[0.274s] [34mcolcon.colcon_core.package_identification[0m [1;30mLevel 1[0m _identify(src/bot_gazebo) by extensions ['colcon_meta']
[0.274s] [34mcolcon.colcon_core.package_identification[0m [1;30mLevel 1[0m _identify(src/bot_gazebo) by extension 'colcon_meta'
[0.274s] [34mcolcon.colcon_core.package_identification[0m [1;30mLevel 1[0m _identify(src/bot_gazebo) by extensions ['ros']
[0.274s] [34mcolcon.colcon_core.package_identification[0m [1;30mLevel 1[0m _identify(src/bot_gazebo) by extension 'ros'
[0.275s] [34mcolcon.colcon_core.package_identification[0m [1;30mDEBUG[0m [32mPackage 'src/bot_gazebo' with type 'ros.ament_cmake' and name 'bot_gazebo'[0m
[0.275s] [34mcolcon.colcon_core.package_identification[0m [1;30mLevel 1[0m _identify(src/bot_moveit_config) by extensions ['ignore', 'ignore_ament_install']
[0.275s] [34mcolcon.colcon_core.package_identification[0m [1;30mLevel 1[0m _identify(src/bot_moveit_config) by extension 'ignore'
[0.275s] [34mcolcon.colcon_core.package_identification[0m [1;30mLevel 1[0m _identify(src/bot_moveit_config) by extension 'ignore_ament_install'
[0.275s] [34mcolcon.colcon_core.package_identification[0m [1;30mLevel 1[0m _identify(src/bot_moveit_config) by extensions ['colcon_pkg']
[0.275s] [34mcolcon.colcon_core.package_identification[0m [1;30mLevel 1[0m _identify(src/bot_moveit_config) by extension 'colcon_pkg'
[0.275s] [34mcolcon.colcon_core.package_identification[0m [1;30mLevel 1[0m _identify(src/bot_moveit_config) by extensions ['colcon_meta']
[0.275s] [34mcolcon.colcon_core.package_identification[0m [1;30mLevel 1[0m _identify(src/bot_moveit_config) by extension 'colcon_meta'
[0.275s] [34mcolcon.colcon_core.package_identification[0m [1;30mLevel 1[0m _identify(src/bot_moveit_config) by extensions ['ros']
[0.275s] [34mcolcon.colcon_core.package_identification[0m [1;30mLevel 1[0m _identify(src/bot_moveit_config) by extension 'ros'
[0.276s] [34mcolcon.colcon_core.package_identification[0m [1;30mDEBUG[0m [32mPackage 'src/bot_moveit_config' with type 'ros.ament_cmake' and name 'bot_moveit_config'[0m
[0.276s] [34mcolcon.colcon_core.package_discovery[0m [1;30mLevel 1[0m discover_packages(recursive) using defaults
[0.276s] [34mcolcon.colcon_core.package_discovery[0m [1;30mLevel 1[0m discover_packages(ignore) discover
[0.276s] [34mcolcon.colcon_core.package_discovery[0m [1;30mLevel 1[0m discover_packages(ignore) using defaults
[0.276s] [34mcolcon.colcon_core.package_discovery[0m [1;30mLevel 1[0m discover_packages(path) discover
[0.276s] [34mcolcon.colcon_core.package_discovery[0m [1;30mLevel 1[0m discover_packages(path) using defaults
[0.291s] [34mcolcon.colcon_core.package_discovery[0m [1;30mLevel 1[0m discover_packages(prefix_path) check parameters
[0.291s] [34mcolcon.colcon_core.package_discovery[0m [1;30mLevel 1[0m discover_packages(prefix_path) discover
[0.293s] [34mcolcon.colcon_installed_package_information.package_discovery[0m [1;30mDEBUG[0m [32mFound 5 installed packages in /home/harshit/arm_vla_ws/install[0m
[0.293s] [34mcolcon.colcon_installed_package_information.package_discovery[0m [1;30mDEBUG[0m [32mFound 7 installed packages in /home/harshit/colcon_ws/install[0m
[0.295s] [34mcolcon.colcon_installed_package_information.package_discovery[0m [1;30mDEBUG[0m [32mFound 414 installed packages in /opt/ros/humble[0m
[0.296s] [34mcolcon.colcon_core.package_discovery[0m [1;30mLevel 1[0m discover_packages(prefix_path) using defaults
[0.335s] [34mcolcon.colcon_core.verb[0m [1;30mLevel 5[0m set package 'arm_vla_pkg' build argument 'cmake_args' from command line to 'None'
[0.336s] [34mcolcon.colcon_core.verb[0m [1;30mLevel 5[0m set package 'arm_vla_pkg' build argument 'cmake_target' from command line to 'None'
[0.336s] [34mcolcon.colcon_core.verb[0m [1;30mLevel 5[0m set package 'arm_vla_pkg' build argument 'cmake_target_skip_unavailable' from command line to 'False'
[0.336s] [34mcolcon.colcon_core.verb[0m [1;30mLevel 5[0m set package 'arm_vla_pkg' build argument 'cmake_clean_cache' from command line to 'False'
[0.336s] [34mcolcon.colcon_core.verb[0m [1;30mLevel 5[0m set package 'arm_vla_pkg' build argument 'cmake_clean_first' from command line to 'False'
[0.336s] [34mcolcon.colcon_core.verb[0m [1;30mLevel 5[0m set package 'arm_vla_pkg' build argument 'cmake_force_configure' from command line to 'False'
[0.336s] [34mcolcon.colcon_core.verb[0m [1;30mLevel 5[0m set package 'arm_vla_pkg' build argument 'ament_cmake_args' from command line to 'None'
[0.336s] [34mcolcon.colcon_core.verb[0m [1;30mLevel 5[0m set package 'arm_vla_pkg' build argument 'catkin_cmake_args' from command line to 'None'
[0.336s] [34mcolcon.colcon_core.verb[0m [1;30mLevel 5[0m set package 'arm_vla_pkg' build argument 'catkin_skip_building_tests' from command line to 'False'
[0.336s] [34mcolcon.colcon_core.verb[0m [1;30mDEBUG[0m [32mBuilding package 'arm_vla_pkg' with the following arguments: {'ament_cmake_args': None, 'build_base': '/home/harshit/arm_vla_ws/build/arm_vla_pkg', 'catkin_cmake_args': None, 'catkin_skip_building_tests': False, 'cmake_args': None, 'cmake_clean_cache': False, 'cmake_clean_first': False, 'cmake_force_configure': False, 'cmake_target': None, 'cmake_target_skip_unavailable': False, 'install_base': '/home/harshit/arm_vla_ws/install/arm_vla_pkg', 'merge_install': False, 'path': '/home/harshit/arm_vla_ws/src/arm_vla_pkg', 'symlink_install': False, 'test_result_base': None}[0m
[0.336s] [34mcolcon.colcon_core.verb[0m [1;30mLevel 5[0m set package 'bot_description' build argument 'cmake_args' from command line to 'None'
[0.336s] [34mcolcon.colcon_core.verb[0m [1;30mLevel 5[0m set package 'bot_description' build argument 'cmake_target' from command line to 'None'
[0.336s] [34mcolcon.colcon_core.verb[0m [1;30mLevel 5[0m set package 'bot_description' build argument 'cmake_target_skip_unavailable' from command line to 'False'
[0.336s] [34mcolcon.colcon_core.verb[0m [1;30mLevel 5[0m set package 'bot_description' build argument 'cmake_clean_cache' from command line to 'False'
[0.336s] [34mcolcon.colcon_core.verb[0m [1;30mLevel 5[0m set package 'bot_description' build argument 'cmake_clean_first' from command line to 'False'
[0.336s] [34mcolcon.colcon_core.verb[0m [1;30mLevel 5[0m set package 'bot_description' build argument 'cmake_force_configure' from command line to 'False'
[0.336s] [34mcolcon.colcon_core.verb[0m [1;30mLevel 5[0m set package 'bot_description' build argument 'ament_cmake_args' from command line to 'None'
[0.336s] [34mcolcon.colcon_core.verb[0m [1;30mLevel 5[0m set package 'bot_description' build argument 'catkin_cmake_args' from command line to 'None'
[0.336s] [34mcolcon.colcon_core.verb[0m [1;30mLevel 5[0m set package 'bot_description' build argument 'catkin_skip_building_tests' from command line to 'False'
[0.336s] [34mcolcon.colcon_core.verb[0m [1;30mDEBUG[0m [32mBuilding package 'bot_description' with the following arguments: {'ament_cmake_args': None, 'build_base': '/home/harshit/arm_vla_ws/build/bot_description', 'catkin_cmake_args': None, 'catkin_skip_building_tests': False, 'cmake_args': None, 'cmake_clean_cache': False, 'cmake_clean_first': False, 'cmake_force_configure': False, 'cmake_target': None, 'cmake_target_skip_unavailable': False, 'install_base': '/home/harshit/arm_vla_ws/install/bot_description', 'merge_install': False, 'path': '/home/harshit/arm_vla_ws/src/bot_description', 'symlink_install': False, 'test_result_base': None}[0m
[0.337s] [34mcolcon.colcon_core.verb[0m [1;30mLevel 5[0m set package 'bot_gazebo' build argument 'cmake_args' from command line to 'None'
[0.337s] [34mcolcon.colcon_core.verb[0m [1;30mLevel 5[0m set package 'bot_gazebo' build argument 'cmake_target' from command line to 'None'
[0.337s] [34mcolcon.colcon_core.verb[0m [1;30mLevel 5[0m set package 'bot_gazebo' build argument 'cmake_target_skip_unavailable' from command line to 'False'
[0.337s] [34mcolcon.colcon_core.verb[0m [1;30mLevel 5[0m set package 'bot_gazebo' build argument 'cmake_clean_cache' from command line to 'False'
[0.337s] [34mcolcon.colcon_core.verb[0m [1;30mLevel 5[0m set package 'bot_gazebo' build argument 'cmake_clean_first' from command line to 'False'
[0.337s] [34mcolcon.colcon_core.verb[0m [1;30mLevel 5[0m set package 'bot_gazebo' build argument 'cmake_force_configure' from command line to 'False'
[0.337s] [34mcolcon.colcon_core.verb[0m [1;30mLevel 5[0m set package 'bot_gazebo' build argument 'ament_cmake_args' from command line to 'None'
[0.337s] [34mcolcon.colcon_core.verb[0m [1;30mLevel 5[0m set package 'bot_gazebo' build argument 'catkin_cmake_args' from command line to 'None'
[0.337s] [34mcolcon.colcon_core.verb[0m [1;30mLevel 5[0m set package 'bot_gazebo' build argument 'catkin_skip_building_tests' from command line to 'False'
[0.337s] [34mcolcon.colcon_core.verb[0m [1;30mDEBUG[0m [32mBuilding package 'bot_gazebo' with the following arguments: {'ament_cmake_args': None, 'build_base': '/home/harshit/arm_vla_ws/build/bot_gazebo', 'catkin_cmake_args': None, 'catkin_skip_building_tests': False, 'cmake_args': None, 'cmake_clean_cache': False, 'cmake_clean_first': False, 'cmake_force_configure': False, 'cmake_target': None, 'cmake_target_skip_unavailable': False, 'install_base': '/home/harshit/arm_vla_ws/install/bot_gazebo', 'merge_install': False, 'path': '/home/harshit/arm_vla_ws/src/bot_gazebo', 'symlink_install': False, 'test_result_base': None}[0m
[0.337s] [34mcolcon.colcon_core.verb[0m [1;30mLevel 5[0m set package 'bot_moveit_config' build argument 'cmake_args' from command line to 'None'
[0.337s] [34mcolcon.colcon_core.verb[0m [1;30mLevel 5[0m set package 'bot_moveit_config' build argument 'cmake_target' from command line to 'None'
[0.337s] [34mcolcon.colcon_core.verb[0m [1;30mLevel 5[0m set package 'bot_moveit_config' build argument 'cmake_target_skip_unavailable' from command line to 'False'
[0.337s] [34mcolcon.colcon_core.verb[0m [1;30mLevel 5[0m set package 'bot_moveit_config' build argument 'cmake_clean_cache' from command line to 'False'
[0.337s] [34mcolcon.colcon_core.verb[0m [1;30mLevel 5[0m set package 'bot_moveit_config' build argument 'cmake_clean_first' from command line to 'False'
[0.337s] [34mcolcon.colcon_core.verb[0m [1;30mLevel 5[0m set package 'bot_moveit_config' build argument 'cmake_force_configure' from command line to 'False'
[0.337s] [34mcolcon.colcon_core.verb[0m [1;30mLevel 5[0m set package 'bot_moveit_config' build argument 'ament_cmake_args' from command line to 'None'
[0.337s] [34mcolcon.colcon_core.verb[0m [1;30mLevel 5[0m set package 'bot_moveit_config' build argument 'catkin_cmake_args' from command line to 'None'
[0.337s] [34mcolcon.colcon_core.verb[0m [1;30mLevel 5[0m set package 'bot_moveit_config' build argument 'catkin_skip_building_tests' from command line to 'False'
[0.337s] [34mcolcon.colcon_core.verb[0m [1;30mDEBUG[0m [32mBuilding package 'bot_moveit_config' with the following arguments: {'ament_cmake_args': None, 'build_base': '/home/harshit/arm_vla_ws/build/bot_moveit_config', 'catkin_cmake_args': None, 'catkin_skip_building_tests': False, 'cmake_args': None, 'cmake_clean_cache': False, 'cmake_clean_first': False, 'cmake_force_configure': False, 'cmake_target': None, 'cmake_target_skip_unavailable': False, 'install_base': '/home/harshit/arm_vla_ws/install/bot_moveit_config', 'merge_install': False, 'path': '/home/harshit/arm_vla_ws/src/bot_moveit_config', 'symlink_install': False, 'test_result_base': None}[0m
[0.338s] [34mcolcon.colcon_core.verb[0m [1;30mLevel 5[0m set package 'bot_control' build argument 'cmake_args' from command line to 'None'
[0.338s] [34mcolcon.colcon_core.verb[0m [1;30mLevel 5[0m set package 'bot_control' build argument 'cmake_target' from command line to 'None'
[0.338s] [34mcolcon.colcon_core.verb[0m [1;30mLevel 5[0m set package 'bot_control' build argument 'cmake_target_skip_unavailable' from command line to 'False'
[0.338s] [34mcolcon.colcon_core.verb[0m [1;30mLevel 5[0m set package 'bot_control' build argument 'cmake_clean_cache' from command line to 'False'
[0.338s] [34mcolcon.colcon_core.verb[0m [1;30mLevel 5[0m set package 'bot_control' build argument 'cmake_clean_first' from command line to 'False'
[0.338s] [34mcolcon.colcon_core.verb[0m [1;30mLevel 5[0m set package 'bot_control' build argument 'cmake_force_configure' from command line to 'False'
[0.338s] [34mcolcon.colcon_core.verb[0m [1;30mLevel 5[0m set package 'bot_control' build argument 'ament_cmake_args' from command line to 'None'
[0.338s] [34mcolcon.colcon_core.verb[0m [1;30mLevel 5[0m set package 'bot_control' build argument 'catkin_cmake_args' from command line to 'None'
[0.338s] [34mcolcon.colcon_core.verb[0m [1;30mLevel 5[0m set package 'bot_control' build argument 'catkin_skip_building_tests' from command line to 'False'
[0.338s] [34mcolcon.colcon_core.verb[0m [1;30mDEBUG[0m [32mBuilding package 'bot_control' with the following arguments: {'ament_cmake_args': None, 'build_base': '/home/harshit/arm_vla_ws/build/bot_control', 'catkin_cmake_args': None, 'catkin_skip_building_tests': False, 'cmake_args': None, 'cmake_clean_cache': False, 'cmake_clean_first': False, 'cmake_force_configure': False, 'cmake_target': None, 'cmake_target_skip_unavailable': False, 'install_base': '/home/harshit/arm_vla_ws/install/bot_control', 'merge_install': False, 'path': '/home/harshit/arm_vla_ws/src/bot_control', 'symlink_install': False, 'test_result_base': None}[0m
[0.338s] [34mcolcon.colcon_core.executor[0m [1;30mINFO[0m Executing jobs using 'parallel' executor
[0.339s] [34mcolcon.colcon_parallel_executor.executor.parallel[0m [1;30mDEBUG[0m [32mrun_until_complete[0m
[0.339s] [34mcolcon.colcon_ros.task.ament_cmake.build[0m [1;30mINFO[0m Building ROS package in '/home/harshit/arm_vla_ws/src/bot_description' with build type 'ament_cmake'
[0.339s] [34mcolcon.colcon_cmake.task.cmake.build[0m [1;30mINFO[0m Building CMake package in '/home/harshit/arm_vla_ws/src/bot_description'
[0.341s] [34mcolcon.colcon_core.plugin_system[0m [1;30mINFO[0m Skipping extension 'colcon_core.shell.bat': Not used on non-Windows systems
[0.342s] [34mcolcon.colcon_core.shell[0m [1;30mINFO[0m Skip shell extension 'powershell' for command environment: Not usable outside of PowerShell
[0.342s] [34mcolcon.colcon_core.shell[0m [1;30mDEBUG[0m [32mSkip shell extension 'dsv' for command environment[0m
[0.346s] [34mcolcon.colcon_ros.task.ament_python.build[0m [1;30mINFO[0m Building ROS package in '/home/harshit/arm_vla_ws/src/arm_vla_pkg' with build type 'ament_python'
[0.346s] [34mcolcon.colcon_core.shell[0m [1;30mLevel 1[0m create_environment_hook('arm_vla_pkg', 'ament_prefix_path')
[0.346s] [34mcolcon.colcon_core.shell[0m [1;30mINFO[0m Creating environment hook '/home/harshit/arm_vla_ws/install/arm_vla_pkg/share/arm_vla_pkg/hook/ament_prefix_path.ps1'
[0.347s] [34mcolcon.colcon_core.shell[0m [1;30mINFO[0m Creating environment descriptor '/home/harshit/arm_vla_ws/install/arm_vla_pkg/share/arm_vla_pkg/hook/ament_prefix_path.dsv'
[0.347s] [34mcolcon.colcon_core.shell[0m [1;30mINFO[0m Creating environment hook '/home/harshit/arm_vla_ws/install/arm_vla_pkg/share/arm_vla_pkg/hook/ament_prefix_path.sh'
[0.348s] [34mcolcon.colcon_core.shell[0m [1;30mINFO[0m Skip shell extension 'powershell' for command environment: Not usable outside of PowerShell
[0.348s] [34mcolcon.colcon_core.shell[0m [1;30mDEBUG[0m [32mSkip shell extension 'dsv' for command environment[0m
[0.351s] [34mcolcon.colcon_ros.task.ament_cmake.build[0m [1;30mINFO[0m Building ROS package in '/home/harshit/arm_vla_ws/src/bot_gazebo' with build type 'ament_cmake'
[0.352s] [34mcolcon.colcon_cmake.task.cmake.build[0m [1;30mINFO[0m Building CMake package in '/home/harshit/arm_vla_ws/src/bot_gazebo'
[0.352s] [34mcolcon.colcon_core.shell[0m [1;30mINFO[0m Skip shell extension 'powershell' for command environment: Not usable outside of PowerShell
[0.352s] [34mcolcon.colcon_core.shell[0m [1;30mDEBUG[0m [32mSkip shell extension 'dsv' for command environment[0m
[0.361s] [34mcolcon.colcon_core.event_handler.log_command[0m [1;30mDEBUG[0m [32mInvoking command in '/home/harshit/arm_vla_ws/build/bot_description': CMAKE_PREFIX_PATH=${CMAKE_PREFIX_PATH}:/home/harshit/arm_vla_ws/install/bot_control:/home/harshit/arm_vla_ws/install/arm_vla_pkg:/home/harshit/colcon_ws/install/eyantra_solution:/opt/ros/humble /usr/bin/cmake --build /home/harshit/arm_vla_ws/build/bot_description -- -j8 -l8[0m
[0.590s] [34mcolcon.colcon_ros.task.ament_python.build[0m [1;30mWARNING[0m [33mPackage 'arm_vla_pkg' doesn't explicitly install a marker in the package index (colcon-ros currently does it implicitly but that fallback will be removed in the future)[0m
[0.590s] [34mcolcon.colcon_core.task.python.build[0m [1;30mINFO[0m Building Python package in '/home/harshit/arm_vla_ws/src/arm_vla_pkg'
[0.590s] [34mcolcon.colcon_core.shell[0m [1;30mINFO[0m Skip shell extension 'powershell' for command environment: Not usable outside of PowerShell
[0.590s] [34mcolcon.colcon_core.shell[0m [1;30mDEBUG[0m [32mSkip shell extension 'dsv' for command environment[0m
[0.598s] [34mcolcon.colcon_core.event_handler.log_command[0m [1;30mDEBUG[0m [32mInvoking command in '/home/harshit/arm_vla_ws/build/bot_gazebo': CMAKE_PREFIX_PATH=${CMAKE_PREFIX_PATH}:/home/harshit/arm_vla_ws/install/bot_control:/home/harshit/arm_vla_ws/install/arm_vla_pkg:/home/harshit/colcon_ws/install/eyantra_solution:/opt/ros/humble /usr/bin/cmake --build /home/harshit/arm_vla_ws/build/bot_gazebo -- -j8 -l8[0m
[0.599s] [34mcolcon.colcon_core.event_handler.log_command[0m [1;30mDEBUG[0m [32mInvoked command in '/home/harshit/arm_vla_ws/build/bot_description' returned '0': CMAKE_PREFIX_PATH=${CMAKE_PREFIX_PATH}:/home/harshit/arm_vla_ws/install/bot_control:/home/harshit/arm_vla_ws/install/arm_vla_pkg:/home/harshit/colcon_ws/install/eyantra_solution:/opt/ros/humble /usr/bin/cmake --build /home/harshit/arm_vla_ws/build/bot_description -- -j8 -l8[0m
[0.608s] [34mcolcon.colcon_core.event_handler.log_command[0m [1;30mDEBUG[0m [32mInvoking command in '/home/harshit/arm_vla_ws/build/bot_description': CMAKE_PREFIX_PATH=${CMAKE_PREFIX_PATH}:/home/harshit/arm_vla_ws/install/bot_control:/home/harshit/arm_vla_ws/install/arm_vla_pkg:/home/harshit/colcon_ws/install/eyantra_solution:/opt/ros/humble /usr/bin/cmake --install /home/harshit/arm_vla_ws/build/bot_description[0m
[0.617s] [34mcolcon.colcon_core.environment[0m [1;30mLevel 1[0m create_environment_scripts_only(bot_description)
[0.618s] [34mcolcon.colcon_core.event_handler.log_command[0m [1;30mDEBUG[0m [32mInvoked command in '/home/harshit/arm_vla_ws/build/bot_description' returned '0': CMAKE_PREFIX_PATH=${CMAKE_PREFIX_PATH}:/home/harshit/arm_vla_ws/install/bot_control:/home/harshit/arm_vla_ws/install/arm_vla_pkg:/home/harshit/colcon_ws/install/eyantra_solution:/opt/ros/humble /usr/bin/cmake --install /home/harshit/arm_vla_ws/build/bot_description[0m
[0.620s] [34mcolcon.colcon_core.environment[0m [1;30mLevel 1[0m checking '/home/harshit/arm_vla_ws/install/bot_description' for CMake module files
[0.621s] [34mcolcon.colcon_core.environment[0m [1;30mLevel 1[0m checking '/home/harshit/arm_vla_ws/install/bot_description' for CMake config files
[0.621s] [34mcolcon.colcon_core.shell[0m [1;30mLevel 1[0m create_environment_hook('bot_description', 'cmake_prefix_path')
[0.622s] [34mcolcon.colcon_core.shell[0m [1;30mINFO[0m Creating environment hook '/home/harshit/arm_vla_ws/install/bot_description/share/bot_description/hook/cmake_prefix_path.ps1'
[0.622s] [34mcolcon.colcon_core.shell[0m [1;30mINFO[0m Creating environment descriptor '/home/harshit/arm_vla_ws/install/bot_description/share/bot_description/hook/cmake_prefix_path.dsv'
[0.622s] [34mcolcon.colcon_core.shell[0m [1;30mINFO[0m Creating environment hook '/home/harshit/arm_vla_ws/install/bot_description/share/bot_description/hook/cmake_prefix_path.sh'
[0.623s] [34mcolcon.colcon_core.environment[0m [1;30mLevel 1[0m checking '/home/harshit/arm_vla_ws/install/bot_description/bin'
[0.623s] [34mcolcon.colcon_core.environment[0m [1;30mLevel 1[0m checking '/home/harshit/arm_vla_ws/install/bot_description/lib/pkgconfig/bot_description.pc'
[0.623s] [34mcolcon.colcon_core.environment[0m [1;30mLevel 1[0m checking '/home/harshit/arm_vla_ws/install/bot_description/lib/python3.10/site-packages'
[0.624s] [34mcolcon.colcon_core.environment[0m [1;30mLevel 1[0m checking '/home/harshit/arm_vla_ws/install/bot_description/bin'
[0.624s] [34mcolcon.colcon_core.shell[0m [1;30mINFO[0m Creating package script '/home/harshit/arm_vla_ws/install/bot_description/share/bot_description/package.ps1'
[0.625s] [34mcolcon.colcon_core.shell[0m [1;30mINFO[0m Creating package descriptor '/home/harshit/arm_vla_ws/install/bot_description/share/bot_description/package.dsv'
[0.625s] [34mcolcon.colcon_core.shell[0m [1;30mINFO[0m Creating package script '/home/harshit/arm_vla_ws/install/bot_description/share/bot_description/package.sh'
[0.626s] [34mcolcon.colcon_core.shell[0m [1;30mINFO[0m Creating package script '/home/harshit/arm_vla_ws/install/bot_description/share/bot_description/package.bash'
[0.626s] [34mcolcon.colcon_core.shell[0m [1;30mINFO[0m Creating package script '/home/harshit/arm_vla_ws/install/bot_description/share/bot_description/package.zsh'
[0.627s] [34mcolcon.colcon_core.environment[0m [1;30mLevel 1[0m create_file_with_runtime_dependencies(/home/harshit/arm_vla_ws/install/bot_description/share/colcon-core/packages/bot_description)
[0.627s] [34mcolcon.colcon_core.environment[0m [1;30mLevel 1[0m create_environment_scripts_only(bot_description)
[0.628s] [34mcolcon.colcon_core.environment[0m [1;30mLevel 1[0m checking '/home/harshit/arm_vla_ws/install/bot_description' for CMake module files
[0.628s] [34mcolcon.colcon_core.environment[0m [1;30mLevel 1[0m checking '/home/harshit/arm_vla_ws/install/bot_description' for CMake config files
[0.628s] [34mcolcon.colcon_core.shell[0m [1;30mLevel 1[0m create_environment_hook('bot_description', 'cmake_prefix_path')
[0.629s] [34mcolcon.colcon_core.shell[0m [1;30mINFO[0m Creating environment hook '/home/harshit/arm_vla_ws/install/bot_description/share/bot_description/hook/cmake_prefix_path.ps1'
[0.629s] [34mcolcon.colcon_core.shell[0m [1;30mINFO[0m Creating environment descriptor '/home/harshit/arm_vla_ws/install/bot_description/share/bot_description/hook/cmake_prefix_path.dsv'
[0.629s] [34mcolcon.colcon_core.shell[0m [1;30mINFO[0m Creating environment hook '/home/harshit/arm_vla_ws/install/bot_description/share/bot_description/hook/cmake_prefix_path.sh'
[0.630s] [34mcolcon.colcon_core.environment[0m [1;30mLevel 1[0m checking '/home/harshit/arm_vla_ws/install/bot_description/bin'
[0.630s] [34mcolcon.colcon_core.environment[0m [1;30mLevel 1[0m checking '/home/harshit/arm_vla_ws/install/bot_description/lib/pkgconfig/bot_description.pc'
[0.630s] [34mcolcon.colcon_core.environment[0m [1;30mLevel 1[0m checking '/home/harshit/arm_vla_ws/install/bot_description/lib/python3.10/site-packages'
[0.630s] [34mcolcon.colcon_core.environment[0m [1;30mLevel 1[0m checking '/home/harshit/arm_vla_ws/install/bot_description/bin'
[0.631s] [34mcolcon.colcon_core.shell[0m [1;30mINFO[0m Creating package script '/home/harshit/arm_vla_ws/install/bot_description/share/bot_description/package.ps1'
[0.631s] [34mcolcon.colcon_core.shell[0m [1;30mINFO[0m Creating package descriptor '/home/harshit/arm_vla_ws/install/bot_description/share/bot_description/package.dsv'
[0.631s] [34mcolcon.colcon_core.shell[0m [1;30mINFO[0m Creating package script '/home/harshit/arm_vla_ws/install/bot_description/share/bot_description/package.sh'
[0.632s] [34mcolcon.colcon_core.shell[0m [1;30mINFO[0m Creating package script '/home/harshit/arm_vla_ws/install/bot_description/share/bot_description/package.bash'
[0.632s] [34mcolcon.colcon_core.shell[0m [1;30mINFO[0m Creating package script '/home/harshit/arm_vla_ws/install/bot_description/share/bot_description/package.zsh'
[0.632s] [34mcolcon.colcon_core.environment[0m [1;30mLevel 1[0m create_file_with_runtime_dependencies(/home/harshit/arm_vla_ws/install/bot_description/share/colcon-core/packages/bot_description)
[0.633s] [34mcolcon.colcon_ros.task.ament_cmake.build[0m [1;30mINFO[0m Building ROS package in '/home/harshit/arm_vla_ws/src/bot_moveit_config' with build type 'ament_cmake'
[0.633s] [34mcolcon.colcon_cmake.task.cmake.build[0m [1;30mINFO[0m Building CMake package in '/home/harshit/arm_vla_ws/src/bot_moveit_config'
[0.633s] [34mcolcon.colcon_core.shell[0m [1;30mINFO[0m Skip shell extension 'powershell' for command environment: Not usable outside of PowerShell
[0.633s] [34mcolcon.colcon_core.shell[0m [1;30mDEBUG[0m [32mSkip shell extension 'dsv' for command environment[0m
[0.641s] [34mcolcon.colcon_core.event_handler.log_command[0m [1;30mDEBUG[0m [32mInvoked command in '/home/harshit/arm_vla_ws/build/bot_gazebo' returned '0': CMAKE_PREFIX_PATH=${CMAKE_PREFIX_PATH}:/home/harshit/arm_vla_ws/install/bot_control:/home/harshit/arm_vla_ws/install/arm_vla_pkg:/home/harshit/colcon_ws/install/eyantra_solution:/opt/ros/humble /usr/bin/cmake --build /home/harshit/arm_vla_ws/build/bot_gazebo -- -j8 -l8[0m
[0.642s] [34mcolcon.colcon_core.event_handler.log_command[0m [1;30mDEBUG[0m [32mInvoking command in '/home/harshit/arm_vla_ws/build/bot_gazebo': CMAKE_PREFIX_PATH=${CMAKE_PREFIX_PATH}:/home/harshit/arm_vla_ws/install/bot_control:/home/harshit/arm_vla_ws/install/arm_vla_pkg:/home/harshit/colcon_ws/install/eyantra_solution:/opt/ros/humble /usr/bin/cmake --install /home/harshit/arm_vla_ws/build/bot_gazebo[0m
[0.646s] [34mcolcon.colcon_core.event_handler.log_command[0m [1;30mDEBUG[0m [32mInvoking command in '/home/harshit/arm_vla_ws/build/bot_moveit_config': CMAKE_PREFIX_PATH=/home/harshit/arm_vla_ws/install/bot_description:/home/harshit/arm_vla_ws/install/bot_moveit_config:/home/harshit/arm_vla_ws/install/bot_gazebo:/home/harshit/colcon_ws/install/ur_simulation_gz:/home/harshit/colcon_ws/install/ur_description:/home/harshit/colcon_ws/install/ur5_control:/home/harshit/colcon_ws/install/linkattacher_msgs:/home/harshit/colcon_ws/install/eyantra_warehouse:/home/harshit/colcon_ws/install/ebot_description:/home/harshit/arm_vla_ws/install/bot_control:/home/harshit/arm_vla_ws/install/arm_vla_pkg:/home/harshit/colcon_ws/install/eyantra_solution:/opt/ros/humble /usr/bin/cmake --build /home/harshit/arm_vla_ws/build/bot_moveit_config -- -j8 -l8[0m
[0.654s] [34mcolcon.colcon_core.environment[0m [1;30mLevel 1[0m create_environment_scripts_only(bot_gazebo)
[0.654s] [34mcolcon.colcon_core.environment[0m [1;30mLevel 1[0m checking '/home/harshit/arm_vla_ws/install/bot_gazebo' for CMake module files
[0.655s] [34mcolcon.colcon_core.event_handler.log_command[0m [1;30mDEBUG[0m [32mInvoked command in '/home/harshit/arm_vla_ws/build/bot_gazebo' returned '0': CMAKE_PREFIX_PATH=${CMAKE_PREFIX_PATH}:/home/harshit/arm_vla_ws/install/bot_control:/home/harshit/arm_vla_ws/install/arm_vla_pkg:/home/harshit/colcon_ws/install/eyantra_solution:/opt/ros/humble /usr/bin/cmake --install /home/harshit/arm_vla_ws/build/bot_gazebo[0m
[0.655s] [34mcolcon.colcon_core.environment[0m [1;30mLevel 1[0m checking '/home/harshit/arm_vla_ws/install/bot_gazebo' for CMake config files
[0.656s] [34mcolcon.colcon_core.shell[0m [1;30mLevel 1[0m create_environment_hook('bot_gazebo', 'cmake_prefix_path')
[0.656s] [34mcolcon.colcon_core.shell[0m [1;30mINFO[0m Creating environment hook '/home/harshit/arm_vla_ws/install/bot_gazebo/share/bot_gazebo/hook/cmake_prefix_path.ps1'
[0.656s] [34mcolcon.colcon_core.shell[0m [1;30mINFO[0m Creating environment descriptor '/home/harshit/arm_vla_ws/install/bot_gazebo/share/bot_gazebo/hook/cmake_prefix_path.dsv'
[0.657s] [34mcolcon.colcon_core.shell[0m [1;30mINFO[0m Creating environment hook '/home/harshit/arm_vla_ws/install/bot_gazebo/share/bot_gazebo/hook/cmake_prefix_path.sh'
[0.657s] [34mcolcon.colcon_core.environment[0m [1;30mLevel 1[0m checking '/home/harshit/arm_vla_ws/install/bot_gazebo/bin'
[0.657s] [34mcolcon.colcon_core.environment[0m [1;30mLevel 1[0m checking '/home/harshit/arm_vla_ws/install/bot_gazebo/lib/pkgconfig/bot_gazebo.pc'
[0.657s] [34mcolcon.colcon_core.environment[0m [1;30mLevel 1[0m checking '/home/harshit/arm_vla_ws/install/bot_gazebo/lib/python3.10/site-packages'
[0.658s] [34mcolcon.colcon_core.environment[0m [1;30mLevel 1[0m checking '/home/harshit/arm_vla_ws/install/bot_gazebo/bin'
[0.658s] [34mcolcon.colcon_core.shell[0m [1;30mINFO[0m Creating package script '/home/harshit/arm_vla_ws/install/bot_gazebo/share/bot_gazebo/package.ps1'
[0.658s] [34mcolcon.colcon_core.shell[0m [1;30mINFO[0m Creating package descriptor '/home/harshit/arm_vla_ws/install/bot_gazebo/share/bot_gazebo/package.dsv'
[0.659s] [34mcolcon.colcon_core.shell[0m [1;30mINFO[0m Creating package script '/home/harshit/arm_vla_ws/install/bot_gazebo/share/bot_gazebo/package.sh'
[0.659s] [34mcolcon.colcon_core.shell[0m [1;30mINFO[0m Creating package script '/home/harshit/arm_vla_ws/install/bot_gazebo/share/bot_gazebo/package.bash'
[0.659s] [34mcolcon.colcon_core.shell[0m [1;30mINFO[0m Creating package script '/home/harshit/arm_vla_ws/install/bot_gazebo/share/bot_gazebo/package.zsh'
[0.660s] [34mcolcon.colcon_core.environment[0m [1;30mLevel 1[0m create_file_with_runtime_dependencies(/home/harshit/arm_vla_ws/install/bot_gazebo/share/colcon-core/packages/bot_gazebo)
[0.660s] [34mcolcon.colcon_core.environment[0m [1;30mLevel 1[0m create_environment_scripts_only(bot_gazebo)
[0.661s] [34mcolcon.colcon_core.environment[0m [1;30mLevel 1[0m checking '/home/harshit/arm_vla_ws/install/bot_gazebo' for CMake module files
[0.661s] [34mcolcon.colcon_core.environment[0m [1;30mLevel 1[0m checking '/home/harshit/arm_vla_ws/install/bot_gazebo' for CMake config files
[0.661s] [34mcolcon.colcon_core.shell[0m [1;30mLevel 1[0m create_environment_hook('bot_gazebo', 'cmake_prefix_path')
[0.662s] [34mcolcon.colcon_core.shell[0m [1;30mINFO[0m Creating environment hook '/home/harshit/arm_vla_ws/install/bot_gazebo/share/bot_gazebo/hook/cmake_prefix_path.ps1'
[0.662s] [34mcolcon.colcon_core.shell[0m [1;30mINFO[0m Creating environment descriptor '/home/harshit/arm_vla_ws/install/bot_gazebo/share/bot_gazebo/hook/cmake_prefix_path.dsv'
[0.663s] [34mcolcon.colcon_core.shell[0m [1;30mINFO[0m Creating environment hook '/home/harshit/arm_vla_ws/install/bot_gazebo/share/bot_gazebo/hook/cmake_prefix_path.sh'
[0.663s] [34mcolcon.colcon_core.environment[0m [1;30mLevel 1[0m checking '/home/harshit/arm_vla_ws/install/bot_gazebo/bin'
[0.663s] [34mcolcon.colcon_core.environment[0m [1;30mLevel 1[0m checking '/home/harshit/arm_vla_ws/install/bot_gazebo/lib/pkgconfig/bot_gazebo.pc'
[0.663s] [34mcolcon.colcon_core.environment[0m [1;30mLevel 1[0m checking '/home/harshit/arm_vla_ws/install/bot_gazebo/lib/python3.10/site-packages'
[0.664s] [34mcolcon.colcon_core.environment[0m [1;30mLevel 1[0m checking '/home/harshit/arm_vla_ws/install/bot_gazebo/bin'
[0.664s] [34mcolcon.colcon_core.shell[0m [1;30mINFO[0m Creating package script '/home/harshit/arm_vla_ws/install/bot_gazebo/share/bot_gazebo/package.ps1'
[0.664s] [34mcolcon.colcon_core.shell[0m [1;30mINFO[0m Creating package descriptor '/home/harshit/arm_vla_ws/install/bot_gazebo/share/bot_gazebo/package.dsv'
[0.665s] [34mcolcon.colcon_core.shell[0m [1;30mINFO[0m Creating package script '/home/harshit/arm_vla_ws/install/bot_gazebo/share/bot_gazebo/package.sh'
[0.665s] [34mcolcon.colcon_core.shell[0m [1;30mINFO[0m Creating package script '/home/harshit/arm_vla_ws/install/bot_gazebo/share/bot_gazebo/package.bash'
[0.666s] [34mcolcon.colcon_core.shell[0m [1;30mINFO[0m Creating package script '/home/harshit/arm_vla_ws/install/bot_gazebo/share/bot_gazebo/package.zsh'
[0.666s] [34mcolcon.colcon_core.environment[0m [1;30mLevel 1[0m create_file_with_runtime_dependencies(/home/harshit/arm_vla_ws/install/bot_gazebo/share/colcon-core/packages/bot_gazebo)
[0.685s] [34mcolcon.colcon_core.event_handler.log_command[0m [1;30mDEBUG[0m [32mInvoked command in '/home/harshit/arm_vla_ws/build/bot_moveit_config' returned '0': CMAKE_PREFIX_PATH=/home/harshit/arm_vla_ws/install/bot_description:/home/harshit/arm_vla_ws/install/bot_moveit_config:/home/harshit/arm_vla_ws/install/bot_gazebo:/home/harshit/colcon_ws/install/ur_simulation_gz:/home/harshit/colcon_ws/install/ur_description:/home/harshit/colcon_ws/install/ur5_control:/home/harshit/colcon_ws/install/linkattacher_msgs:/home/harshit/colcon_ws/install/eyantra_warehouse:/home/harshit/colcon_ws/install/ebot_description:/home/harshit/arm_vla_ws/install/bot_control:/home/harshit/arm_vla_ws/install/arm_vla_pkg:/home/harshit/colcon_ws/install/eyantra_solution:/opt/ros/humble /usr/bin/cmake --build /home/harshit/arm_vla_ws/build/bot_moveit_config -- -j8 -l8[0m
[0.687s] [34mcolcon.colcon_core.event_handler.log_command[0m [1;30mDEBUG[0m [32mInvoking command in '/home/harshit/arm_vla_ws/build/bot_moveit_config': CMAKE_PREFIX_PATH=/home/harshit/arm_vla_ws/install/bot_description:/home/harshit/arm_vla_ws/install/bot_moveit_config:/home/harshit/arm_vla_ws/install/bot_gazebo:/home/harshit/colcon_ws/install/ur_simulation_gz:/home/harshit/colcon_ws/install/ur_description:/home/harshit/colcon_ws/install/ur5_control:/home/harshit/colcon_ws/install/linkattacher_msgs:/home/harshit/colcon_ws/install/eyantra_warehouse:/home/harshit/colcon_ws/install/ebot_description:/home/harshit/arm_vla_ws/install/bot_control:/home/harshit/arm_vla_ws/install/arm_vla_pkg:/home/harshit/colcon_ws/install/eyantra_solution:/opt/ros/humble /usr/bin/cmake --install /home/harshit/arm_vla_ws/build/bot_moveit_config[0m
[0.696s] [34mcolcon.colcon_core.environment[0m [1;30mLevel 1[0m create_environment_scripts_only(bot_moveit_config)
[0.697s] [34mcolcon.colcon_core.environment[0m [1;30mLevel 1[0m checking '/home/harshit/arm_vla_ws/install/bot_moveit_config' for CMake module files
[0.697s] [34mcolcon.colcon_core.event_handler.log_command[0m [1;30mDEBUG[0m [32mInvoked command in '/home/harshit/arm_vla_ws/build/bot_moveit_config' returned '0': CMAKE_PREFIX_PATH=/home/harshit/arm_vla_ws/install/bot_description:/home/harshit/arm_vla_ws/install/bot_moveit_config:/home/harshit/arm_vla_ws/install/bot_gazebo:/home/harshit/colcon_ws/install/ur_simulation_gz:/home/harshit/colcon_ws/install/ur_description:/home/harshit/colcon_ws/install/ur5_control:/home/harshit/colcon_ws/install/linkattacher_msgs:/home/harshit/colcon_ws/install/eyantra_warehouse:/home/harshit/colcon_ws/install/ebot_description:/home/harshit/arm_vla_ws/install/bot_control:/home/harshit/arm_vla_ws/install/arm_vla_pkg:/home/harshit/colcon_ws/install/eyantra_solution:/opt/ros/humble /usr/bin/cmake --install /home/harshit/arm_vla_ws/build/bot_moveit_config[0m
[0.697s] [34mcolcon.colcon_core.environment[0m [1;30mLevel 1[0m checking '/home/harshit/arm_vla_ws/install/bot_moveit_config' for CMake config files
[0.698s] [34mcolcon.colcon_core.shell[0m [1;30mLevel 1[0m create_environment_hook('bot_moveit_config', 'cmake_prefix_path')
[0.698s] [34mcolcon.colcon_core.shell[0m [1;30mINFO[0m Creating environment hook '/home/harshit/arm_vla_ws/install/bot_moveit_config/share/bot_moveit_config/hook/cmake_prefix_path.ps1'
[0.698s] [34mcolcon.colcon_core.shell[0m [1;30mINFO[0m Creating environment descriptor '/home/harshit/arm_vla_ws/install/bot_moveit_config/share/bot_moveit_config/hook/cmake_prefix_path.dsv'
[0.699s] [34mcolcon.colcon_core.shell[0m [1;30mINFO[0m Creating environment hook '/home/harshit/arm_vla_ws/install/bot_moveit_config/share/bot_moveit_config/hook/cmake_prefix_path.sh'
[0.699s] [34mcolcon.colcon_core.environment[0m [1;30mLevel 1[0m checking '/home/harshit/arm_vla_ws/install/bot_moveit_config/bin'
[0.699s] [34mcolcon.colcon_core.environment[0m [1;30mLevel 1[0m checking '/home/harshit/arm_vla_ws/install/bot_moveit_config/lib/pkgconfig/bot_moveit_config.pc'
[0.699s] [34mcolcon.colcon_core.environment[0m [1;30mLevel 1[0m checking '/home/harshit/arm_vla_ws/install/bot_moveit_config/lib/python3.10/site-packages'
[0.700s] [34mcolcon.colcon_core.environment[0m [1;30mLevel 1[0m checking '/home/harshit/arm_vla_ws/install/bot_moveit_config/bin'
[0.700s] [34mcolcon.colcon_core.shell[0m [1;30mINFO[0m Creating package script '/home/harshit/arm_vla_ws/install/bot_moveit_config/share/bot_moveit_config/package.ps1'
[0.700s] [34mcolcon.colcon_core.shell[0m [1;30mINFO[0m Creating package descriptor '/home/harshit/arm_vla_ws/install/bot_moveit_config/share/bot_moveit_config/package.dsv'
[0.701s] [34mcolcon.colcon_core.shell[0m [1;30mINFO[0m Creating package script '/home/harshit/arm_vla_ws/install/bot_moveit_config/share/bot_moveit_config/package.sh'
[0.701s] [34mcolcon.colcon_core.shell[0m [1;30mINFO[0m Creating package script '/home/harshit/arm_vla_ws/install/bot_moveit_config/share/bot_moveit_config/package.bash'
[0.701s] [34mcolcon.colcon_core.shell[0m [1;30mINFO[0m Creating package script '/home/harshit/arm_vla_ws/install/bot_moveit_config/share/bot_moveit_config/package.zsh'
[0.702s] [34mcolcon.colcon_core.environment[0m [1;30mLevel 1[0m create_file_with_runtime_dependencies(/home/harshit/arm_vla_ws/install/bot_moveit_config/share/colcon-core/packages/bot_moveit_config)
[0.702s] [34mcolcon.colcon_core.environment[0m [1;30mLevel 1[0m create_environment_scripts_only(bot_moveit_config)
[0.702s] [34mcolcon.colcon_core.environment[0m [1;30mLevel 1[0m checking '/home/harshit/arm_vla_ws/install/bot_moveit_config' for CMake module files
[0.703s] [34mcolcon.colcon_core.environment[0m [1;30mLevel 1[0m checking '/home/harshit/arm_vla_ws/install/bot_moveit_config' for CMake config files
[0.703s] [34mcolcon.colcon_core.shell[0m [1;30mLevel 1[0m create_environment_hook('bot_moveit_config', 'cmake_prefix_path')
[0.703s] [34mcolcon.colcon_core.shell[0m [1;30mINFO[0m Creating environment hook '/home/harshit/arm_vla_ws/install/bot_moveit_config/share/bot_moveit_config/hook/cmake_prefix_path.ps1'
[0.703s] [34mcolcon.colcon_core.shell[0m [1;30mINFO[0m Creating environment descriptor '/home/harshit/arm_vla_ws/install/bot_moveit_config/share/bot_moveit_config/hook/cmake_prefix_path.dsv'
[0.704s] [34mcolcon.colcon_core.shell[0m [1;30mINFO[0m Creating environment hook '/home/harshit/arm_vla_ws/install/bot_moveit_config/share/bot_moveit_config/hook/cmake_prefix_path.sh'
[0.704s] [34mcolcon.colcon_core.environment[0m [1;30mLevel 1[0m checking '/home/harshit/arm_vla_ws/install/bot_moveit_config/bin'
[0.704s] [34mcolcon.colcon_core.environment[0m [1;30mLevel 1[0m checking '/home/harshit/arm_vla_ws/install/bot_moveit_config/lib/pkgconfig/bot_moveit_config.pc'
[0.704s] [34mcolcon.colcon_core.environment[0m [1;30mLevel 1[0m checking '/home/harshit/arm_vla_ws/install/bot_moveit_config/lib/python3.10/site-packages'
[0.705s] [34mcolcon.colcon_core.environment[0m [1;30mLevel 1[0m checking '/home/harshit/arm_vla_ws/install/bot_moveit_config/bin'
[0.705s] [34mcolcon.colcon_core.shell[0m [1;30mINFO[0m Creating package script '/home/harshit/arm_vla_ws/install/bot_moveit_config/share/bot_moveit_config/package.ps1'
[0.706s] [34mcolcon.colcon_core.shell[0m [1;30mINFO[0m Creating package descriptor '/home/harshit/arm_vla_ws/install/bot_moveit_config/share/bot_moveit_config/package.dsv'
[0.706s] [34mcolcon.colcon_core.shell[0m [1;30mINFO[0m Creating package script '/home/harshit/arm_vla_ws/install/bot_moveit_config/share/bot_moveit_config/package.sh'
[0.706s] [34mcolcon.colcon_core.shell[0m [1;30mINFO[0m Creating package script '/home/harshit/arm_vla_ws/install/bot_moveit_config/share/bot_moveit_config/package.bash'
[0.707s] [34mcolcon.colcon_core.shell[0m [1;30mINFO[0m Creating package script '/home/harshit/arm_vla_ws/install/bot_moveit_config/share/bot_moveit_config/package.zsh'
[0.707s] [34mcolcon.colcon_core.environment[0m [1;30mLevel 1[0m create_file_with_runtime_dependencies(/home/harshit/arm_vla_ws/install/bot_moveit_config/share/colcon-core/packages/bot_moveit_config)
[0.707s] [34mcolcon.colcon_ros.task.ament_python.build[0m [1;30mINFO[0m Building ROS package in '/home/harshit/arm_vla_ws/src/bot_control' with build type 'ament_python'
[0.708s] [34mcolcon.colcon_core.shell[0m [1;30mLevel 1[0m create_environment_hook('bot_control', 'ament_prefix_path')
[0.708s] [34mcolcon.colcon_core.shell[0m [1;30mINFO[0m Creating environment hook '/home/harshit/arm_vla_ws/install/bot_control/share/bot_control/hook/ament_prefix_path.ps1'
[0.708s] [34mcolcon.colcon_core.shell[0m [1;30mINFO[0m Creating environment descriptor '/home/harshit/arm_vla_ws/install/bot_control/share/bot_control/hook/ament_prefix_path.dsv'
[0.709s] [34mcolcon.colcon_core.shell[0m [1;30mINFO[0m Creating environment hook '/home/harshit/arm_vla_ws/install/bot_control/share/bot_control/hook/ament_prefix_path.sh'
[0.709s] [34mcolcon.colcon_core.shell[0m [1;30mINFO[0m Skip shell extension 'powershell' for command environment: Not usable outside of PowerShell
[0.709s] [34mcolcon.colcon_core.shell[0m [1;30mDEBUG[0m [32mSkip shell extension 'dsv' for command environment[0m
[0.966s] [34mcolcon.colcon_ros.task.ament_python.build[0m [1;30mWARNING[0m [33mPackage 'bot_control' doesn't explicitly install a marker in the package index (colcon-ros currently does it implicitly but that fallback will be removed in the future)[0m
[0.967s] [34mcolcon.colcon_core.task.python.build[0m [1;30mINFO[0m Building Python package in '/home/harshit/arm_vla_ws/src/bot_control'
[0.967s] [34mcolcon.colcon_core.shell[0m [1;30mINFO[0m Skip shell extension 'powershell' for command environment: Not usable outside of PowerShell
[0.967s] [34mcolcon.colcon_core.shell[0m [1;30mDEBUG[0m [32mSkip shell extension 'dsv' for command environment[0m
[1.026s] [34mcolcon.colcon_core.event_handler.log_command[0m [1;30mDEBUG[0m [32mInvoking command in '/home/harshit/arm_vla_ws/src/arm_vla_pkg': PYTHONPATH=/home/harshit/arm_vla_ws/build/arm_vla_pkg/prefix_override:/usr/lib/python3/dist-packages/colcon_core/task/python/colcon_distutils_commands:/home/harshit/arm_vla_ws/install/arm_vla_pkg/lib/python3.10/site-packages:${PYTHONPATH} /usr/bin/python3 -W ignore:setup.py install is deprecated -W ignore:easy_install command is deprecated setup.py egg_info --egg-base ../../build/arm_vla_pkg build --build-base /home/harshit/arm_vla_ws/build/arm_vla_pkg/build install --record /home/harshit/arm_vla_ws/build/arm_vla_pkg/install.log --single-version-externally-managed install_data[0m
[1.307s] [34mcolcon.colcon_core.environment[0m [1;30mLevel 1[0m checking '/home/harshit/arm_vla_ws/install/arm_vla_pkg' for CMake module files
[1.307s] [34mcolcon.colcon_core.event_handler.log_command[0m [1;30mDEBUG[0m [32mInvoked command in '/home/harshit/arm_vla_ws/src/arm_vla_pkg' returned '0': PYTHONPATH=/home/harshit/arm_vla_ws/build/arm_vla_pkg/prefix_override:/usr/lib/python3/dist-packages/colcon_core/task/python/colcon_distutils_commands:/home/harshit/arm_vla_ws/install/arm_vla_pkg/lib/python3.10/site-packages:${PYTHONPATH} /usr/bin/python3 -W ignore:setup.py install is deprecated -W ignore:easy_install command is deprecated setup.py egg_info --egg-base ../../build/arm_vla_pkg build --build-base /home/harshit/arm_vla_ws/build/arm_vla_pkg/build install --record /home/harshit/arm_vla_ws/build/arm_vla_pkg/install.log --single-version-externally-managed install_data[0m
[1.308s] [34mcolcon.colcon_core.environment[0m [1;30mLevel 1[0m checking '/home/harshit/arm_vla_ws/install/arm_vla_pkg' for CMake config files
[1.309s] [34mcolcon.colcon_core.environment[0m [1;30mLevel 1[0m checking '/home/harshit/arm_vla_ws/install/arm_vla_pkg/lib'
[1.309s] [34mcolcon.colcon_core.environment[0m [1;30mLevel 1[0m checking '/home/harshit/arm_vla_ws/install/arm_vla_pkg/bin'
[1.309s] [34mcolcon.colcon_core.environment[0m [1;30mLevel 1[0m checking '/home/harshit/arm_vla_ws/install/arm_vla_pkg/lib/pkgconfig/arm_vla_pkg.pc'
[1.309s] [34mcolcon.colcon_core.environment[0m [1;30mLevel 1[0m checking '/home/harshit/arm_vla_ws/install/arm_vla_pkg/lib/python3.10/site-packages'
[1.309s] [34mcolcon.colcon_core.shell[0m [1;30mLevel 1[0m create_environment_hook('arm_vla_pkg', 'pythonpath')
[1.309s] [34mcolcon.colcon_core.shell[0m [1;30mINFO[0m Creating environment hook '/home/harshit/arm_vla_ws/install/arm_vla_pkg/share/arm_vla_pkg/hook/pythonpath.ps1'
[1.310s] [34mcolcon.colcon_core.shell[0m [1;30mINFO[0m Creating environment descriptor '/home/harshit/arm_vla_ws/install/arm_vla_pkg/share/arm_vla_pkg/hook/pythonpath.dsv'
[1.310s] [34mcolcon.colcon_core.shell[0m [1;30mINFO[0m Creating environment hook '/home/harshit/arm_vla_ws/install/arm_vla_pkg/share/arm_vla_pkg/hook/pythonpath.sh'
[1.311s] [34mcolcon.colcon_core.environment[0m [1;30mLevel 1[0m checking '/home/harshit/arm_vla_ws/install/arm_vla_pkg/bin'
[1.311s] [34mcolcon.colcon_core.environment[0m [1;30mLevel 1[0m create_environment_scripts_only(arm_vla_pkg)
[1.311s] [34mcolcon.colcon_core.shell[0m [1;30mINFO[0m Creating package script '/home/harshit/arm_vla_ws/install/arm_vla_pkg/share/arm_vla_pkg/package.ps1'
[1.312s] [34mcolcon.colcon_core.shell[0m [1;30mINFO[0m Creating package descriptor '/home/harshit/arm_vla_ws/install/arm_vla_pkg/share/arm_vla_pkg/package.dsv'
[1.312s] [34mcolcon.colcon_core.shell[0m [1;30mINFO[0m Creating package script '/home/harshit/arm_vla_ws/install/arm_vla_pkg/share/arm_vla_pkg/package.sh'
[1.312s] [34mcolcon.colcon_core.shell[0m [1;30mINFO[0m Creating package script '/home/harshit/arm_vla_ws/install/arm_vla_pkg/share/arm_vla_pkg/package.bash'
[1.313s] [34mcolcon.colcon_core.shell[0m [1;30mINFO[0m Creating package script '/home/harshit/arm_vla_ws/install/arm_vla_pkg/share/arm_vla_pkg/package.zsh'
[1.313s] [34mcolcon.colcon_core.environment[0m [1;30mLevel 1[0m create_file_with_runtime_dependencies(/home/harshit/arm_vla_ws/install/arm_vla_pkg/share/colcon-core/packages/arm_vla_pkg)
[1.383s] [34mcolcon.colcon_core.event_handler.log_command[0m [1;30mDEBUG[0m [32mInvoking command in '/home/harshit/arm_vla_ws/src/bot_control': CMAKE_PREFIX_PATH=/home/harshit/arm_vla_ws/install/bot_moveit_config:/home/harshit/arm_vla_ws/install/bot_description:/home/harshit/arm_vla_ws/install/bot_gazebo:/home/harshit/colcon_ws/install/ur_simulation_gz:/home/harshit/colcon_ws/install/ur_description:/home/harshit/colcon_ws/install/ur5_control:/home/harshit/colcon_ws/install/linkattacher_msgs:/home/harshit/colcon_ws/install/eyantra_warehouse:/home/harshit/colcon_ws/install/ebot_description PYTHONPATH=/home/harshit/arm_vla_ws/build/bot_control/prefix_override:/usr/lib/python3/dist-packages/colcon_core/task/python/colcon_distutils_commands:/home/harshit/arm_vla_ws/install/bot_control/lib/python3.10/site-packages:${PYTHONPATH} /usr/bin/python3 -W ignore:setup.py install is deprecated -W ignore:easy_install command is deprecated setup.py egg_info --egg-base ../../build/bot_control build --build-base /home/harshit/arm_vla_ws/build/bot_control/build install --record /home/harshit/arm_vla_ws/build/bot_control/install.log --single-version-externally-managed install_data[0m
[1.647s] [34mcolcon.colcon_core.environment[0m [1;30mLevel 1[0m checking '/home/harshit/arm_vla_ws/install/bot_control' for CMake module files
[1.647s] [34mcolcon.colcon_core.event_handler.log_command[0m [1;30mDEBUG[0m [32mInvoked command in '/home/harshit/arm_vla_ws/src/bot_control' returned '0': CMAKE_PREFIX_PATH=/home/harshit/arm_vla_ws/install/bot_moveit_config:/home/harshit/arm_vla_ws/install/bot_description:/home/harshit/arm_vla_ws/install/bot_gazebo:/home/harshit/colcon_ws/install/ur_simulation_gz:/home/harshit/colcon_ws/install/ur_description:/home/harshit/colcon_ws/install/ur5_control:/home/harshit/colcon_ws/install/linkattacher_msgs:/home/harshit/colcon_ws/install/eyantra_warehouse:/home/harshit/colcon_ws/install/ebot_description PYTHONPATH=/home/harshit/arm_vla_ws/build/bot_control/prefix_override:/usr/lib/python3/dist-packages/colcon_core/task/python/colcon_distutils_commands:/home/harshit/arm_vla_ws/install/bot_control/lib/python3.10/site-packages:${PYTHONPATH} /usr/bin/python3 -W ignore:setup.py install is deprecated -W ignore:easy_install command is deprecated setup.py egg_info --egg-base ../../build/bot_control build --build-base /home/harshit/arm_vla_ws/build/bot_control/build install --record /home/harshit/arm_vla_ws/build/bot_control/install.log --single-version-externally-managed install_data[0m
[1.647s] [34mcolcon.colcon_core.environment[0m [1;30mLevel 1[0m checking '/home/harshit/arm_vla_ws/install/bot_control' for CMake config files
[1.648s] [34mcolcon.colcon_core.environment[0m [1;30mLevel 1[0m checking '/home/harshit/arm_vla_ws/install/bot_control/lib'
[1.648s] [34mcolcon.colcon_core.environment[0m [1;30mLevel 1[0m checking '/home/harshit/arm_vla_ws/install/bot_control/bin'
[1.648s] [34mcolcon.colcon_core.environment[0m [1;30mLevel 1[0m checking '/home/harshit/arm_vla_ws/install/bot_control/lib/pkgconfig/bot_control.pc'
[1.648s] [34mcolcon.colcon_core.environment[0m [1;30mLevel 1[0m checking '/home/harshit/arm_vla_ws/install/bot_control/lib/python3.10/site-packages'
[1.648s] [34mcolcon.colcon_core.shell[0m [1;30mLevel 1[0m create_environment_hook('bot_control', 'pythonpath')
[1.648s] [34mcolcon.colcon_core.shell[0m [1;30mINFO[0m Creating environment hook '/home/harshit/arm_vla_ws/install/bot_control/share/bot_control/hook/pythonpath.ps1'
[1.649s] [34mcolcon.colcon_core.shell[0m [1;30mINFO[0m Creating environment descriptor '/home/harshit/arm_vla_ws/install/bot_control/share/bot_control/hook/pythonpath.dsv'
[1.649s] [34mcolcon.colcon_core.shell[0m [1;30mINFO[0m Creating environment hook '/home/harshit/arm_vla_ws/install/bot_control/share/bot_control/hook/pythonpath.sh'
[1.650s] [34mcolcon.colcon_core.environment[0m [1;30mLevel 1[0m checking '/home/harshit/arm_vla_ws/install/bot_control/bin'
[1.650s] [34mcolcon.colcon_core.environment[0m [1;30mLevel 1[0m create_environment_scripts_only(bot_control)
[1.650s] [34mcolcon.colcon_core.shell[0m [1;30mINFO[0m Creating package script '/home/harshit/arm_vla_ws/install/bot_control/share/bot_control/package.ps1'
[1.650s] [34mcolcon.colcon_core.shell[0m [1;30mINFO[0m Creating package descriptor '/home/harshit/arm_vla_ws/install/bot_control/share/bot_control/package.dsv'
[1.651s] [34mcolcon.colcon_core.shell[0m [1;30mINFO[0m Creating package script '/home/harshit/arm_vla_ws/install/bot_control/share/bot_control/package.sh'
[1.651s] [34mcolcon.colcon_core.shell[0m [1;30mINFO[0m Creating package script '/home/harshit/arm_vla_ws/install/bot_control/share/bot_control/package.bash'
[1.651s] [34mcolcon.colcon_core.shell[0m [1;30mINFO[0m Creating package script '/home/harshit/arm_vla_ws/install/bot_control/share/bot_control/package.zsh'
[1.651s] [34mcolcon.colcon_core.environment[0m [1;30mLevel 1[0m create_file_with_runtime_dependencies(/home/harshit/arm_vla_ws/install/bot_control/share/colcon-core/packages/bot_control)
[1.652s] [34mcolcon.colcon_parallel_executor.executor.parallel[0m [1;30mDEBUG[0m [32mclosing loop[0m
[1.652s] [34mcolcon.colcon_parallel_executor.executor.parallel[0m [1;30mDEBUG[0m [32mloop closed[0m
[1.652s] [34mcolcon.colcon_parallel_executor.executor.parallel[0m [1;30mDEBUG[0m [32mrun_until_complete finished with '0'[0m
[1.652s] [34mcolcon.colcon_core.event_reactor[0m [1;30mDEBUG[0m [32mjoining thread[0m
[1.656s] [34mcolcon.colcon_core.plugin_system[0m [1;30mINFO[0m Skipping extension 'colcon_notification.desktop_notification.terminal_notifier': Not used on non-Darwin systems
[1.656s] [34mcolcon.colcon_core.plugin_system[0m [1;30mINFO[0m Skipping extension 'colcon_notification.desktop_notification.win32': Not used on non-Windows systems
[1.657s] [34mcolcon.colcon_notification.desktop_notification[0m [1;30mINFO[0m Sending desktop notification using 'notify2'
[1.666s] [34mcolcon.colcon_core.event_reactor[0m [1;30mDEBUG[0m [32mjoined thread[0m
[1.667s] [34mcolcon.colcon_core.shell[0m [1;30mINFO[0m Creating prefix script '/home/harshit/arm_vla_ws/install/local_setup.ps1'
[1.668s] [34mcolcon.colcon_core.shell[0m [1;30mINFO[0m Creating prefix util module '/home/harshit/arm_vla_ws/install/_local_setup_util_ps1.py'
[1.669s] [34mcolcon.colcon_core.shell[0m [1;30mINFO[0m Creating prefix chain script '/home/harshit/arm_vla_ws/install/setup.ps1'
[1.671s] [34mcolcon.colcon_core.shell[0m [1;30mINFO[0m Creating prefix script '/home/harshit/arm_vla_ws/install/local_setup.sh'
[1.671s] [34mcolcon.colcon_core.shell[0m [1;30mINFO[0m Creating prefix util module '/home/harshit/arm_vla_ws/install/_local_setup_util_sh.py'
[1.672s] [34mcolcon.colcon_core.shell[0m [1;30mINFO[0m Creating prefix chain script '/home/harshit/arm_vla_ws/install/setup.sh'
[1.674s] [34mcolcon.colcon_core.shell[0m [1;30mINFO[0m Creating prefix script '/home/harshit/arm_vla_ws/install/local_setup.bash'
[1.674s] [34mcolcon.colcon_core.shell[0m [1;30mINFO[0m Creating prefix chain script '/home/harshit/arm_vla_ws/install/setup.bash'
[1.676s] [34mcolcon.colcon_core.shell[0m [1;30mINFO[0m Creating prefix script '/home/harshit/arm_vla_ws/install/local_setup.zsh'
[1.676s] [34mcolcon.colcon_core.shell[0m [1;30mINFO[0m Creating prefix chain script '/home/harshit/arm_vla_ws/install/setup.zsh'
