[0.017s] Invoking command in '/home/harshit/arm_vla_ws/build/akabot_bringup': CMAKE_PREFIX_PATH=/opt/ros/humble /usr/bin/cmake /home/harshit/arm_vla_ws/src/akabot_bringup -DCMAKE_INSTALL_PREFIX=/home/harshit/arm_vla_ws/install/akabot_bringup
[0.092s] -- The C compiler identification is GNU 11.4.0
[0.158s] -- The CXX compiler identification is GNU 11.4.0
[0.166s] -- Detecting C compiler ABI info
[0.233s] -- Detecting C compiler ABI info - done
[0.241s] -- Check for working C compiler: /usr/bin/cc - skipped
[0.242s] -- Detecting C compile features
[0.242s] -- Detecting C compile features - done
[0.245s] -- Detecting CXX compiler ABI info
[0.333s] -- Detecting CXX compiler ABI info - done
[0.339s] -- Check for working CXX compiler: /usr/bin/c++ - skipped
[0.339s] -- Detecting CXX compile features
[0.339s] -- Detecting CXX compile features - done
[0.341s] -- Found ament_cmake: 1.3.12 (/opt/ros/humble/share/ament_cmake/cmake)
[0.486s] -- Found Python3: /usr/bin/python3 (found version "3.10.12") found components: Interpreter 
[0.633s] -- Configuring done
[0.636s] -- Generating done
[0.637s] -- Build files have been written to: /home/harshit/arm_vla_ws/build/akabot_bringup
[0.641s] Invoked command in '/home/harshit/arm_vla_ws/build/akabot_bringup' returned '0': CMAKE_PREFIX_PATH=/opt/ros/humble /usr/bin/cmake /home/harshit/arm_vla_ws/src/akabot_bringup -DCMAKE_INSTALL_PREFIX=/home/harshit/arm_vla_ws/install/akabot_bringup
[0.643s] Invoking command in '/home/harshit/arm_vla_ws/build/akabot_bringup': CMAKE_PREFIX_PATH=/opt/ros/humble /usr/bin/cmake --build /home/harshit/arm_vla_ws/build/akabot_bringup -- -j8 -l8
[0.678s] Invoked command in '/home/harshit/arm_vla_ws/build/akabot_bringup' returned '0': CMAKE_PREFIX_PATH=/opt/ros/humble /usr/bin/cmake --build /home/harshit/arm_vla_ws/build/akabot_bringup -- -j8 -l8
[0.689s] Invoking command in '/home/harshit/arm_vla_ws/build/akabot_bringup': CMAKE_PREFIX_PATH=/opt/ros/humble /usr/bin/cmake --install /home/harshit/arm_vla_ws/build/akabot_bringup
[0.697s] -- Install configuration: ""
[0.697s] -- Installing: /home/harshit/arm_vla_ws/install/akabot_bringup/share/akabot_bringup/config
[0.697s] -- Installing: /home/harshit/arm_vla_ws/install/akabot_bringup/share/akabot_bringup/config/ros2_controllers.yaml
[0.697s] -- Installing: /home/harshit/arm_vla_ws/install/akabot_bringup/share/ament_index/resource_index/package_run_dependencies/akabot_bringup
[0.698s] -- Installing: /home/harshit/arm_vla_ws/install/akabot_bringup/share/ament_index/resource_index/parent_prefix_path/akabot_bringup
[0.698s] -- Installing: /home/harshit/arm_vla_ws/install/akabot_bringup/share/akabot_bringup/environment/ament_prefix_path.sh
[0.698s] -- Installing: /home/harshit/arm_vla_ws/install/akabot_bringup/share/akabot_bringup/environment/ament_prefix_path.dsv
[0.698s] -- Installing: /home/harshit/arm_vla_ws/install/akabot_bringup/share/akabot_bringup/environment/path.sh
[0.698s] -- Installing: /home/harshit/arm_vla_ws/install/akabot_bringup/share/akabot_bringup/environment/path.dsv
[0.698s] -- Installing: /home/harshit/arm_vla_ws/install/akabot_bringup/share/akabot_bringup/local_setup.bash
[0.699s] -- Installing: /home/harshit/arm_vla_ws/install/akabot_bringup/share/akabot_bringup/local_setup.sh
[0.699s] -- Installing: /home/harshit/arm_vla_ws/install/akabot_bringup/share/akabot_bringup/local_setup.zsh
[0.699s] -- Installing: /home/harshit/arm_vla_ws/install/akabot_bringup/share/akabot_bringup/local_setup.dsv
[0.699s] -- Installing: /home/harshit/arm_vla_ws/install/akabot_bringup/share/akabot_bringup/package.dsv
[0.700s] -- Installing: /home/harshit/arm_vla_ws/install/akabot_bringup/share/ament_index/resource_index/packages/akabot_bringup
[0.700s] -- Installing: /home/harshit/arm_vla_ws/install/akabot_bringup/share/akabot_bringup/cmake/akabot_bringupConfig.cmake
[0.700s] -- Installing: /home/harshit/arm_vla_ws/install/akabot_bringup/share/akabot_bringup/cmake/akabot_bringupConfig-version.cmake
[0.700s] -- Installing: /home/harshit/arm_vla_ws/install/akabot_bringup/share/akabot_bringup/package.xml
[0.703s] Invoked command in '/home/harshit/arm_vla_ws/build/akabot_bringup' returned '0': CMAKE_PREFIX_PATH=/opt/ros/humble /usr/bin/cmake --install /home/harshit/arm_vla_ws/build/akabot_bringup
