running develop
running egg_info
writing arm_vla_pkg.egg-info/PKG-INFO
writing dependency_links to arm_vla_pkg.egg-info/dependency_links.txt
writing entry points to arm_vla_pkg.egg-info/entry_points.txt
writing requirements to arm_vla_pkg.egg-info/requires.txt
writing top-level names to arm_vla_pkg.egg-info/top_level.txt
reading manifest file 'arm_vla_pkg.egg-info/SOURCES.txt'
writing manifest file 'arm_vla_pkg.egg-info/SOURCES.txt'
running build_ext
Creating /home/harshit/arm_vla_ws/install/arm_vla_pkg/lib/python3.10/site-packages/arm-vla-pkg.egg-link (link to .)
Installing action_node script to /home/harshit/arm_vla_ws/install/arm_vla_pkg/lib/arm_vla_pkg
Installing brain_node script to /home/harshit/arm_vla_ws/install/arm_vla_pkg/lib/arm_vla_pkg
Installing speech_node script to /home/harshit/arm_vla_ws/install/arm_vla_pkg/lib/arm_vla_pkg
Installing vision_node script to /home/harshit/arm_vla_ws/install/arm_vla_pkg/lib/arm_vla_pkg

Installed /home/harshit/arm_vla_ws/build/arm_vla_pkg
running symlink_data
symbolically linking /home/harshit/arm_vla_ws/build/arm_vla_pkg/resource/arm_vla_pkg -> /home/harshit/arm_vla_ws/install/arm_vla_pkg/share/ament_index/resource_index/packages
symbolically linking /home/harshit/arm_vla_ws/build/arm_vla_pkg/package.xml -> /home/harshit/arm_vla_ws/install/arm_vla_pkg/share/arm_vla_pkg
symbolically linking /home/harshit/arm_vla_ws/build/arm_vla_pkg/launch/vla_main.launch.py -> /home/harshit/arm_vla_ws/install/arm_vla_pkg/share/arm_vla_pkg/launch
