[0.679s] Invoking command in '/home/harshit/arm_vla_ws/build/arm_vla_pkg': PYTHONPATH=/home/harshit/arm_vla_ws/build/arm_vla_pkg/prefix_override:/usr/lib/python3/dist-packages/colcon_core/task/python/colcon_distutils_commands:/home/harshit/arm_vla_ws/install/arm_vla_pkg/lib/python3.10/site-packages:${PYTHONPATH} /usr/bin/python3 -W ignore:setup.py install is deprecated -W ignore:easy_install command is deprecated setup.py develop --editable --build-directory /home/harshit/arm_vla_ws/build/arm_vla_pkg/build --no-deps symlink_data --force
[0.882s] running develop
[1.009s] running egg_info
[1.010s] writing arm_vla_pkg.egg-info/PKG-INFO
[1.010s] writing dependency_links to arm_vla_pkg.egg-info/dependency_links.txt
[1.010s] writing entry points to arm_vla_pkg.egg-info/entry_points.txt
[1.010s] writing requirements to arm_vla_pkg.egg-info/requires.txt
[1.010s] writing top-level names to arm_vla_pkg.egg-info/top_level.txt
[1.012s] reading manifest file 'arm_vla_pkg.egg-info/SOURCES.txt'
[1.012s] writing manifest file 'arm_vla_pkg.egg-info/SOURCES.txt'
[1.055s] running build_ext
[1.055s] Creating /home/harshit/arm_vla_ws/install/arm_vla_pkg/lib/python3.10/site-packages/arm-vla-pkg.egg-link (link to .)
[1.056s] Installing action_node script to /home/harshit/arm_vla_ws/install/arm_vla_pkg/lib/arm_vla_pkg
[1.056s] Installing brain_node script to /home/harshit/arm_vla_ws/install/arm_vla_pkg/lib/arm_vla_pkg
[1.056s] Installing speech_node script to /home/harshit/arm_vla_ws/install/arm_vla_pkg/lib/arm_vla_pkg
[1.056s] Installing vision_node script to /home/harshit/arm_vla_ws/install/arm_vla_pkg/lib/arm_vla_pkg
[1.056s] 
[1.056s] Installed /home/harshit/arm_vla_ws/build/arm_vla_pkg
[1.056s] running symlink_data
[1.056s] symbolically linking /home/harshit/arm_vla_ws/build/arm_vla_pkg/resource/arm_vla_pkg -> /home/harshit/arm_vla_ws/install/arm_vla_pkg/share/ament_index/resource_index/packages
[1.057s] symbolically linking /home/harshit/arm_vla_ws/build/arm_vla_pkg/package.xml -> /home/harshit/arm_vla_ws/install/arm_vla_pkg/share/arm_vla_pkg
[1.057s] symbolically linking /home/harshit/arm_vla_ws/build/arm_vla_pkg/launch/vla_main.launch.py -> /home/harshit/arm_vla_ws/install/arm_vla_pkg/share/arm_vla_pkg/launch
[1.087s] Invoked command in '/home/harshit/arm_vla_ws/build/arm_vla_pkg' returned '0': PYTHONPATH=/home/harshit/arm_vla_ws/build/arm_vla_pkg/prefix_override:/usr/lib/python3/dist-packages/colcon_core/task/python/colcon_distutils_commands:/home/harshit/arm_vla_ws/install/arm_vla_pkg/lib/python3.10/site-packages:${PYTHONPATH} /usr/bin/python3 -W ignore:setup.py install is deprecated -W ignore:easy_install command is deprecated setup.py develop --editable --build-directory /home/harshit/arm_vla_ws/build/arm_vla_pkg/build --no-deps symlink_data --force
