[0.007s] Invoking command in '/home/harshit/arm_vla_ws/build/bot_moveit_config': AMENT_PREFIX_PATH=/home/harshit/arm_vla_ws/install/bot_description:${AMENT_PREFIX_PATH} CMAKE_PREFIX_PATH=/home/harshit/arm_vla_ws/install/bot_description:/home/harshit/colcon_ws/install/ur_simulation_gz:/home/harshit/colcon_ws/install/ur_description:/home/harshit/colcon_ws/install/ur5_control:/home/harshit/colcon_ws/install/linkattacher_msgs:/home/harshit/colcon_ws/install/eyantra_warehouse:/home/harshit/colcon_ws/install/ebot_description:/home/harshit/colcon_ws/install/eyantra_solution:/opt/ros/humble /usr/bin/cmake /home/harshit/arm_vla_ws/src/bot_moveit_config -DCMAKE_INSTALL_PREFIX=/home/harshit/arm_vla_ws/install/bot_moveit_config
[0.054s] -- The C compiler identification is GNU 11.4.0
[0.102s] -- The CXX compiler identification is GNU 11.4.0
[0.109s] -- Detecting C compiler ABI info
[0.174s] -- Detecting C compiler ABI info - done
[0.180s] -- Check for working C compiler: /usr/bin/cc - skipped
[0.181s] -- Detecting C compile features
[0.181s] -- Detecting C compile features - done
[0.183s] -- Detecting CXX compiler ABI info
[0.256s] -- Detecting CXX compiler ABI info - done
[0.261s] -- Check for working CXX compiler: /usr/bin/c++ - skipped
[0.262s] -- Detecting CXX compile features
[0.262s] -- Detecting CXX compile features - done
[0.266s] -- Found ament_cmake: 1.3.12 (/opt/ros/humble/share/ament_cmake/cmake)
[0.400s] -- Found Python3: /usr/bin/python3 (found version "3.10.12") found components: Interpreter 
[0.539s] -- Configuring done
[0.542s] -- Generating done
[0.543s] -- Build files have been written to: /home/harshit/arm_vla_ws/build/bot_moveit_config
[0.548s] Invoked command in '/home/harshit/arm_vla_ws/build/bot_moveit_config' returned '0': AMENT_PREFIX_PATH=/home/harshit/arm_vla_ws/install/bot_description:${AMENT_PREFIX_PATH} CMAKE_PREFIX_PATH=/home/harshit/arm_vla_ws/install/bot_description:/home/harshit/colcon_ws/install/ur_simulation_gz:/home/harshit/colcon_ws/install/ur_description:/home/harshit/colcon_ws/install/ur5_control:/home/harshit/colcon_ws/install/linkattacher_msgs:/home/harshit/colcon_ws/install/eyantra_warehouse:/home/harshit/colcon_ws/install/ebot_description:/home/harshit/colcon_ws/install/eyantra_solution:/opt/ros/humble /usr/bin/cmake /home/harshit/arm_vla_ws/src/bot_moveit_config -DCMAKE_INSTALL_PREFIX=/home/harshit/arm_vla_ws/install/bot_moveit_config
[0.549s] Invoking command in '/home/harshit/arm_vla_ws/build/bot_moveit_config': AMENT_PREFIX_PATH=/home/harshit/arm_vla_ws/install/bot_description:${AMENT_PREFIX_PATH} CMAKE_PREFIX_PATH=/home/harshit/arm_vla_ws/install/bot_description:/home/harshit/colcon_ws/install/ur_simulation_gz:/home/harshit/colcon_ws/install/ur_description:/home/harshit/colcon_ws/install/ur5_control:/home/harshit/colcon_ws/install/linkattacher_msgs:/home/harshit/colcon_ws/install/eyantra_warehouse:/home/harshit/colcon_ws/install/ebot_description:/home/harshit/colcon_ws/install/eyantra_solution:/opt/ros/humble /usr/bin/cmake --build /home/harshit/arm_vla_ws/build/bot_moveit_config -- -j8 -l8
[0.586s] Invoked command in '/home/harshit/arm_vla_ws/build/bot_moveit_config' returned '0': AMENT_PREFIX_PATH=/home/harshit/arm_vla_ws/install/bot_description:${AMENT_PREFIX_PATH} CMAKE_PREFIX_PATH=/home/harshit/arm_vla_ws/install/bot_description:/home/harshit/colcon_ws/install/ur_simulation_gz:/home/harshit/colcon_ws/install/ur_description:/home/harshit/colcon_ws/install/ur5_control:/home/harshit/colcon_ws/install/linkattacher_msgs:/home/harshit/colcon_ws/install/eyantra_warehouse:/home/harshit/colcon_ws/install/ebot_description:/home/harshit/colcon_ws/install/eyantra_solution:/opt/ros/humble /usr/bin/cmake --build /home/harshit/arm_vla_ws/build/bot_moveit_config -- -j8 -l8
[0.587s] Invoking command in '/home/harshit/arm_vla_ws/build/bot_moveit_config': AMENT_PREFIX_PATH=/home/harshit/arm_vla_ws/install/bot_description:${AMENT_PREFIX_PATH} CMAKE_PREFIX_PATH=/home/harshit/arm_vla_ws/install/bot_description:/home/harshit/colcon_ws/install/ur_simulation_gz:/home/harshit/colcon_ws/install/ur_description:/home/harshit/colcon_ws/install/ur5_control:/home/harshit/colcon_ws/install/linkattacher_msgs:/home/harshit/colcon_ws/install/eyantra_warehouse:/home/harshit/colcon_ws/install/ebot_description:/home/harshit/colcon_ws/install/eyantra_solution:/opt/ros/humble /usr/bin/cmake --install /home/harshit/arm_vla_ws/build/bot_moveit_config
[0.595s] -- Install configuration: ""
[0.596s] -- Installing: /home/harshit/arm_vla_ws/install/bot_moveit_config/share/ament_index/resource_index/package_run_dependencies/bot_moveit_config
[0.596s] -- Installing: /home/harshit/arm_vla_ws/install/bot_moveit_config/share/ament_index/resource_index/parent_prefix_path/bot_moveit_config
[0.596s] -- Installing: /home/harshit/arm_vla_ws/install/bot_moveit_config/share/bot_moveit_config/environment/ament_prefix_path.sh
[0.596s] -- Installing: /home/harshit/arm_vla_ws/install/bot_moveit_config/share/bot_moveit_config/environment/ament_prefix_path.dsv
[0.596s] -- Installing: /home/harshit/arm_vla_ws/install/bot_moveit_config/share/bot_moveit_config/environment/path.sh
[0.596s] -- Installing: /home/harshit/arm_vla_ws/install/bot_moveit_config/share/bot_moveit_config/environment/path.dsv
[0.596s] -- Installing: /home/harshit/arm_vla_ws/install/bot_moveit_config/share/bot_moveit_config/local_setup.bash
[0.596s] -- Installing: /home/harshit/arm_vla_ws/install/bot_moveit_config/share/bot_moveit_config/local_setup.sh
[0.597s] -- Installing: /home/harshit/arm_vla_ws/install/bot_moveit_config/share/bot_moveit_config/local_setup.zsh
[0.597s] -- Installing: /home/harshit/arm_vla_ws/install/bot_moveit_config/share/bot_moveit_config/local_setup.dsv
[0.597s] -- Installing: /home/harshit/arm_vla_ws/install/bot_moveit_config/share/bot_moveit_config/package.dsv
[0.597s] -- Installing: /home/harshit/arm_vla_ws/install/bot_moveit_config/share/ament_index/resource_index/packages/bot_moveit_config
[0.597s] -- Installing: /home/harshit/arm_vla_ws/install/bot_moveit_config/share/bot_moveit_config/cmake/bot_moveit_configConfig.cmake
[0.597s] -- Installing: /home/harshit/arm_vla_ws/install/bot_moveit_config/share/bot_moveit_config/cmake/bot_moveit_configConfig-version.cmake
[0.597s] -- Installing: /home/harshit/arm_vla_ws/install/bot_moveit_config/share/bot_moveit_config/package.xml
[0.598s] -- Installing: /home/harshit/arm_vla_ws/install/bot_moveit_config/share/bot_moveit_config/config
[0.598s] -- Installing: /home/harshit/arm_vla_ws/install/bot_moveit_config/share/bot_moveit_config/config/joint_limits.yaml
[0.598s] -- Installing: /home/harshit/arm_vla_ws/install/bot_moveit_config/share/bot_moveit_config/config/bot.srdf
[0.598s] -- Installing: /home/harshit/arm_vla_ws/install/bot_moveit_config/share/bot_moveit_config/config/kinematics.yaml
[0.598s] -- Installing: /home/harshit/arm_vla_ws/install/bot_moveit_config/share/bot_moveit_config/config/moveit_controllers.yaml
[0.598s] -- Installing: /home/harshit/arm_vla_ws/install/bot_moveit_config/share/bot_moveit_config/config/ompl_planning.yaml
[0.598s] -- Installing: /home/harshit/arm_vla_ws/install/bot_moveit_config/share/bot_moveit_config/launch
[0.598s] -- Installing: /home/harshit/arm_vla_ws/install/bot_moveit_config/share/bot_moveit_config/launch/demo.launch.py
[0.598s] -- Installing: /home/harshit/arm_vla_ws/install/bot_moveit_config/share/bot_moveit_config/launch/moveit_rviz.launch.py
[0.598s] -- Installing: /home/harshit/arm_vla_ws/install/bot_moveit_config/share/bot_moveit_config/rviz
[0.598s] -- Installing: /home/harshit/arm_vla_ws/install/bot_moveit_config/share/bot_moveit_config/rviz/moveit.rviz
[0.599s] -- Installing: /home/harshit/arm_vla_ws/install/bot_moveit_config/share/bot_moveit_config/srdf
[0.599s] -- Installing: /home/harshit/arm_vla_ws/install/bot_moveit_config/share/bot_moveit_config/srdf/bot.srdf
[0.599s] -- Installing: /home/harshit/arm_vla_ws/install/bot_moveit_config/share/bot_moveit_config/.setup_assistant
[0.601s] Invoked command in '/home/harshit/arm_vla_ws/build/bot_moveit_config' returned '0': AMENT_PREFIX_PATH=/home/harshit/arm_vla_ws/install/bot_description:${AMENT_PREFIX_PATH} CMAKE_PREFIX_PATH=/home/harshit/arm_vla_ws/install/bot_description:/home/harshit/colcon_ws/install/ur_simulation_gz:/home/harshit/colcon_ws/install/ur_description:/home/harshit/colcon_ws/install/ur5_control:/home/harshit/colcon_ws/install/linkattacher_msgs:/home/harshit/colcon_ws/install/eyantra_warehouse:/home/harshit/colcon_ws/install/ebot_description:/home/harshit/colcon_ws/install/eyantra_solution:/opt/ros/humble /usr/bin/cmake --install /home/harshit/arm_vla_ws/build/bot_moveit_config
