[0.136s] [34mcolcon[0m [1;30mDEBUG[0m [32mCommand line arguments: ['/usr/bin/colcon', 'build'][0m
[0.136s] [34mcolcon[0m [1;30mDEBUG[0m [32mParsed command line arguments: Namespace(log_base=None, log_level=None, verb_name='build', build_base='build', install_base='install', merge_install=False, symlink_install=False, test_result_base=None, continue_on_error=False, executor='parallel', parallel_workers=8, event_handlers=None, ignore_user_meta=False, metas=['./colcon.meta'], base_paths=['.'], packages_ignore=None, packages_ignore_regex=None, paths=None, packages_up_to=None, packages_up_to_regex=None, packages_above=None, packages_above_and_dependencies=None, packages_above_depth=None, packages_select_by_dep=None, packages_skip_by_dep=None, packages_skip_up_to=None, packages_select_build_failed=False, packages_skip_build_finished=False, packages_select_test_failures=False, packages_skip_test_passed=False, packages_select=None, packages_skip=None, packages_select_regex=None, packages_skip_regex=None, packages_start=None, packages_end=None, allow_overriding=[], cmake_args=None, cmake_target=None, cmake_target_skip_unavailable=False, cmake_clean_cache=False, cmake_clean_first=False, cmake_force_configure=False, ament_cmake_args=None, catkin_cmake_args=None, catkin_skip_building_tests=False, mixin_files=None, mixin=None, verb_parser=<colcon_mixin.mixin.mixin_argument.MixinArgumentDecorator object at 0x74464a033160>, verb_extension=<colcon_core.verb.build.BuildVerb object at 0x74464a032cb0>, main=<bound method BuildVerb.main of <colcon_core.verb.build.BuildVerb object at 0x74464a032cb0>>, mixin_verb=('build',))[0m
[0.354s] [34mcolcon.colcon_core.package_discovery[0m [1;30mLevel 1[0m discover_packages(colcon_meta) check parameters
[0.354s] [34mcolcon.colcon_core.package_discovery[0m [1;30mLevel 1[0m discover_packages(recursive) check parameters
[0.354s] [34mcolcon.colcon_core.package_discovery[0m [1;30mLevel 1[0m discover_packages(ignore) check parameters
[0.354s] [34mcolcon.colcon_core.package_discovery[0m [1;30mLevel 1[0m discover_packages(path) check parameters
[0.354s] [34mcolcon.colcon_core.package_discovery[0m [1;30mLevel 1[0m discover_packages(colcon_meta) discover
[0.354s] [34mcolcon.colcon_core.package_discovery[0m [1;30mLevel 1[0m discover_packages(recursive) discover
[0.354s] [34mcolcon.colcon_core.package_discovery[0m [1;30mINFO[0m Crawling recursively for packages in '/home/harshit/arm_vla_ws'
[0.354s] [34mcolcon.colcon_core.package_identification[0m [1;30mLevel 1[0m _identify(.) by extensions ['ignore', 'ignore_ament_install']
[0.355s] [34mcolcon.colcon_core.package_identification[0m [1;30mLevel 1[0m _identify(.) by extension 'ignore'
[0.355s] [34mcolcon.colcon_core.package_identification[0m [1;30mLevel 1[0m _identify(.) by extension 'ignore_ament_install'
[0.355s] [34mcolcon.colcon_core.package_identification[0m [1;30mLevel 1[0m _identify(.) by extensions ['colcon_pkg']
[0.355s] [34mcolcon.colcon_core.package_identification[0m [1;30mLevel 1[0m _identify(.) by extension 'colcon_pkg'
[0.355s] [34mcolcon.colcon_core.package_identification[0m [1;30mLevel 1[0m _identify(.) by extensions ['colcon_meta']
[0.355s] [34mcolcon.colcon_core.package_identification[0m [1;30mLevel 1[0m _identify(.) by extension 'colcon_meta'
[0.355s] [34mcolcon.colcon_core.package_identification[0m [1;30mLevel 1[0m _identify(.) by extensions ['ros']
[0.355s] [34mcolcon.colcon_core.package_identification[0m [1;30mLevel 1[0m _identify(.) by extension 'ros'
[0.377s] [34mcolcon.colcon_core.package_identification[0m [1;30mLevel 1[0m _identify(.) by extensions ['cmake', 'python']
[0.377s] [34mcolcon.colcon_core.package_identification[0m [1;30mLevel 1[0m _identify(.) by extension 'cmake'
[0.377s] [34mcolcon.colcon_core.package_identification[0m [1;30mLevel 1[0m _identify(.) by extension 'python'
[0.377s] [34mcolcon.colcon_core.package_identification[0m [1;30mLevel 1[0m _identify(.) by extensions ['python_setup_py']
[0.377s] [34mcolcon.colcon_core.package_identification[0m [1;30mLevel 1[0m _identify(.) by extension 'python_setup_py'
[0.377s] [34mcolcon.colcon_core.package_identification[0m [1;30mLevel 1[0m _identify(build) by extensions ['ignore', 'ignore_ament_install']
[0.378s] [34mcolcon.colcon_core.package_identification[0m [1;30mLevel 1[0m _identify(build) by extension 'ignore'
[0.378s] [34mcolcon.colcon_core.package_identification[0m [1;30mLevel 1[0m _identify(build) ignored
[0.378s] [34mcolcon.colcon_core.package_identification[0m [1;30mLevel 1[0m _identify(install) by extensions ['ignore', 'ignore_ament_install']
[0.378s] [34mcolcon.colcon_core.package_identification[0m [1;30mLevel 1[0m _identify(install) by extension 'ignore'
[0.378s] [34mcolcon.colcon_core.package_identification[0m [1;30mLevel 1[0m _identify(install) ignored
[0.378s] [34mcolcon.colcon_core.package_identification[0m [1;30mLevel 1[0m _identify(log) by extensions ['ignore', 'ignore_ament_install']
[0.378s] [34mcolcon.colcon_core.package_identification[0m [1;30mLevel 1[0m _identify(log) by extension 'ignore'
[0.378s] [34mcolcon.colcon_core.package_identification[0m [1;30mLevel 1[0m _identify(log) ignored
[0.378s] [34mcolcon.colcon_core.package_identification[0m [1;30mLevel 1[0m _identify(modelfiles) by extensions ['ignore', 'ignore_ament_install']
[0.378s] [34mcolcon.colcon_core.package_identification[0m [1;30mLevel 1[0m _identify(modelfiles) by extension 'ignore'
[0.378s] [34mcolcon.colcon_core.package_identification[0m [1;30mLevel 1[0m _identify(modelfiles) by extension 'ignore_ament_install'
[0.378s] [34mcolcon.colcon_core.package_identification[0m [1;30mLevel 1[0m _identify(modelfiles) by extensions ['colcon_pkg']
[0.378s] [34mcolcon.colcon_core.package_identification[0m [1;30mLevel 1[0m _identify(modelfiles) by extension 'colcon_pkg'
[0.378s] [34mcolcon.colcon_core.package_identification[0m [1;30mLevel 1[0m _identify(modelfiles) by extensions ['colcon_meta']
[0.378s] [34mcolcon.colcon_core.package_identification[0m [1;30mLevel 1[0m _identify(modelfiles) by extension 'colcon_meta'
[0.379s] [34mcolcon.colcon_core.package_identification[0m [1;30mLevel 1[0m _identify(modelfiles) by extensions ['ros']
[0.379s] [34mcolcon.colcon_core.package_identification[0m [1;30mLevel 1[0m _identify(modelfiles) by extension 'ros'
[0.379s] [34mcolcon.colcon_core.package_identification[0m [1;30mLevel 1[0m _identify(modelfiles) by extensions ['cmake', 'python']
[0.379s] [34mcolcon.colcon_core.package_identification[0m [1;30mLevel 1[0m _identify(modelfiles) by extension 'cmake'
[0.379s] [34mcolcon.colcon_core.package_identification[0m [1;30mLevel 1[0m _identify(modelfiles) by extension 'python'
[0.379s] [34mcolcon.colcon_core.package_identification[0m [1;30mLevel 1[0m _identify(modelfiles) by extensions ['python_setup_py']
[0.379s] [34mcolcon.colcon_core.package_identification[0m [1;30mLevel 1[0m _identify(modelfiles) by extension 'python_setup_py'
[0.379s] [34mcolcon.colcon_core.package_identification[0m [1;30mLevel 1[0m _identify(nodes) by extensions ['ignore', 'ignore_ament_install']
[0.379s] [34mcolcon.colcon_core.package_identification[0m [1;30mLevel 1[0m _identify(nodes) by extension 'ignore'
[0.379s] [34mcolcon.colcon_core.package_identification[0m [1;30mLevel 1[0m _identify(nodes) by extension 'ignore_ament_install'
[0.379s] [34mcolcon.colcon_core.package_identification[0m [1;30mLevel 1[0m _identify(nodes) by extensions ['colcon_pkg']
[0.379s] [34mcolcon.colcon_core.package_identification[0m [1;30mLevel 1[0m _identify(nodes) by extension 'colcon_pkg'
[0.379s] [34mcolcon.colcon_core.package_identification[0m [1;30mLevel 1[0m _identify(nodes) by extensions ['colcon_meta']
[0.379s] [34mcolcon.colcon_core.package_identification[0m [1;30mLevel 1[0m _identify(nodes) by extension 'colcon_meta'
[0.379s] [34mcolcon.colcon_core.package_identification[0m [1;30mLevel 1[0m _identify(nodes) by extensions ['ros']
[0.379s] [34mcolcon.colcon_core.package_identification[0m [1;30mLevel 1[0m _identify(nodes) by extension 'ros'
[0.379s] [34mcolcon.colcon_core.package_identification[0m [1;30mLevel 1[0m _identify(nodes) by extensions ['cmake', 'python']
[0.379s] [34mcolcon.colcon_core.package_identification[0m [1;30mLevel 1[0m _identify(nodes) by extension 'cmake'
[0.379s] [34mcolcon.colcon_core.package_identification[0m [1;30mLevel 1[0m _identify(nodes) by extension 'python'
[0.380s] [34mcolcon.colcon_core.package_identification[0m [1;30mLevel 1[0m _identify(nodes) by extensions ['python_setup_py']
[0.380s] [34mcolcon.colcon_core.package_identification[0m [1;30mLevel 1[0m _identify(nodes) by extension 'python_setup_py'
[0.380s] [34mcolcon.colcon_core.package_identification[0m [1;30mLevel 1[0m _identify(src) by extensions ['ignore', 'ignore_ament_install']
[0.380s] [34mcolcon.colcon_core.package_identification[0m [1;30mLevel 1[0m _identify(src) by extension 'ignore'
[0.380s] [34mcolcon.colcon_core.package_identification[0m [1;30mLevel 1[0m _identify(src) by extension 'ignore_ament_install'
[0.380s] [34mcolcon.colcon_core.package_identification[0m [1;30mLevel 1[0m _identify(src) by extensions ['colcon_pkg']
[0.380s] [34mcolcon.colcon_core.package_identification[0m [1;30mLevel 1[0m _identify(src) by extension 'colcon_pkg'
[0.380s] [34mcolcon.colcon_core.package_identification[0m [1;30mLevel 1[0m _identify(src) by extensions ['colcon_meta']
[0.380s] [34mcolcon.colcon_core.package_identification[0m [1;30mLevel 1[0m _identify(src) by extension 'colcon_meta'
[0.380s] [34mcolcon.colcon_core.package_identification[0m [1;30mLevel 1[0m _identify(src) by extensions ['ros']
[0.380s] [34mcolcon.colcon_core.package_identification[0m [1;30mLevel 1[0m _identify(src) by extension 'ros'
[0.380s] [34mcolcon.colcon_core.package_identification[0m [1;30mLevel 1[0m _identify(src) by extensions ['cmake', 'python']
[0.380s] [34mcolcon.colcon_core.package_identification[0m [1;30mLevel 1[0m _identify(src) by extension 'cmake'
[0.380s] [34mcolcon.colcon_core.package_identification[0m [1;30mLevel 1[0m _identify(src) by extension 'python'
[0.380s] [34mcolcon.colcon_core.package_identification[0m [1;30mLevel 1[0m _identify(src) by extensions ['python_setup_py']
[0.380s] [34mcolcon.colcon_core.package_identification[0m [1;30mLevel 1[0m _identify(src) by extension 'python_setup_py'
[0.380s] [34mcolcon.colcon_core.package_identification[0m [1;30mLevel 1[0m _identify(src/arm_vla_pkg) by extensions ['ignore', 'ignore_ament_install']
[0.380s] [34mcolcon.colcon_core.package_identification[0m [1;30mLevel 1[0m _identify(src/arm_vla_pkg) by extension 'ignore'
[0.380s] [34mcolcon.colcon_core.package_identification[0m [1;30mLevel 1[0m _identify(src/arm_vla_pkg) by extension 'ignore_ament_install'
[0.381s] [34mcolcon.colcon_core.package_identification[0m [1;30mLevel 1[0m _identify(src/arm_vla_pkg) by extensions ['colcon_pkg']
[0.381s] [34mcolcon.colcon_core.package_identification[0m [1;30mLevel 1[0m _identify(src/arm_vla_pkg) by extension 'colcon_pkg'
[0.381s] [34mcolcon.colcon_core.package_identification[0m [1;30mLevel 1[0m _identify(src/arm_vla_pkg) by extensions ['colcon_meta']
[0.381s] [34mcolcon.colcon_core.package_identification[0m [1;30mLevel 1[0m _identify(src/arm_vla_pkg) by extension 'colcon_meta'
[0.381s] [34mcolcon.colcon_core.package_identification[0m [1;30mLevel 1[0m _identify(src/arm_vla_pkg) by extensions ['ros']
[0.381s] [34mcolcon.colcon_core.package_identification[0m [1;30mLevel 1[0m _identify(src/arm_vla_pkg) by extension 'ros'
[0.384s] [34mcolcon.colcon_core.package_identification[0m [1;30mDEBUG[0m [32mPackage 'src/arm_vla_pkg' with type 'ros.ament_python' and name 'arm_vla_pkg'[0m
[0.384s] [34mcolcon.colcon_core.package_identification[0m [1;30mLevel 1[0m _identify(src/bot_control) by extensions ['ignore', 'ignore_ament_install']
[0.384s] [34mcolcon.colcon_core.package_identification[0m [1;30mLevel 1[0m _identify(src/bot_control) by extension 'ignore'
[0.384s] [34mcolcon.colcon_core.package_identification[0m [1;30mLevel 1[0m _identify(src/bot_control) by extension 'ignore_ament_install'
[0.384s] [34mcolcon.colcon_core.package_identification[0m [1;30mLevel 1[0m _identify(src/bot_control) by extensions ['colcon_pkg']
[0.384s] [34mcolcon.colcon_core.package_identification[0m [1;30mLevel 1[0m _identify(src/bot_control) by extension 'colcon_pkg'
[0.384s] [34mcolcon.colcon_core.package_identification[0m [1;30mLevel 1[0m _identify(src/bot_control) by extensions ['colcon_meta']
[0.384s] [34mcolcon.colcon_core.package_identification[0m [1;30mLevel 1[0m _identify(src/bot_control) by extension 'colcon_meta'
[0.385s] [34mcolcon.colcon_core.package_identification[0m [1;30mLevel 1[0m _identify(src/bot_control) by extensions ['ros']
[0.385s] [34mcolcon.colcon_core.package_identification[0m [1;30mLevel 1[0m _identify(src/bot_control) by extension 'ros'
[0.386s] [34mcolcon.colcon_core.package_identification[0m [1;30mDEBUG[0m [32mPackage 'src/bot_control' with type 'ros.ament_python' and name 'bot_control'[0m
[0.386s] [34mcolcon.colcon_core.package_identification[0m [1;30mLevel 1[0m _identify(src/bot_description) by extensions ['ignore', 'ignore_ament_install']
[0.386s] [34mcolcon.colcon_core.package_identification[0m [1;30mLevel 1[0m _identify(src/bot_description) by extension 'ignore'
[0.386s] [34mcolcon.colcon_core.package_identification[0m [1;30mLevel 1[0m _identify(src/bot_description) by extension 'ignore_ament_install'
[0.386s] [34mcolcon.colcon_core.package_identification[0m [1;30mLevel 1[0m _identify(src/bot_description) by extensions ['colcon_pkg']
[0.386s] [34mcolcon.colcon_core.package_identification[0m [1;30mLevel 1[0m _identify(src/bot_description) by extension 'colcon_pkg'
[0.387s] [34mcolcon.colcon_core.package_identification[0m [1;30mLevel 1[0m _identify(src/bot_description) by extensions ['colcon_meta']
[0.387s] [34mcolcon.colcon_core.package_identification[0m [1;30mLevel 1[0m _identify(src/bot_description) by extension 'colcon_meta'
[0.387s] [34mcolcon.colcon_core.package_identification[0m [1;30mLevel 1[0m _identify(src/bot_description) by extensions ['ros']
[0.387s] [34mcolcon.colcon_core.package_identification[0m [1;30mLevel 1[0m _identify(src/bot_description) by extension 'ros'
[0.387s] [34mcolcon.colcon_core.package_identification[0m [1;30mDEBUG[0m [32mPackage 'src/bot_description' with type 'ros.ament_cmake' and name 'bot_description'[0m
[0.387s] [34mcolcon.colcon_core.package_identification[0m [1;30mLevel 1[0m _identify(src/bot_gazebo) by extensions ['ignore', 'ignore_ament_install']
[0.387s] [34mcolcon.colcon_core.package_identification[0m [1;30mLevel 1[0m _identify(src/bot_gazebo) by extension 'ignore'
[0.387s] [34mcolcon.colcon_core.package_identification[0m [1;30mLevel 1[0m _identify(src/bot_gazebo) by extension 'ignore_ament_install'
[0.388s] [34mcolcon.colcon_core.package_identification[0m [1;30mLevel 1[0m _identify(src/bot_gazebo) by extensions ['colcon_pkg']
[0.388s] [34mcolcon.colcon_core.package_identification[0m [1;30mLevel 1[0m _identify(src/bot_gazebo) by extension 'colcon_pkg'
[0.388s] [34mcolcon.colcon_core.package_identification[0m [1;30mLevel 1[0m _identify(src/bot_gazebo) by extensions ['colcon_meta']
[0.388s] [34mcolcon.colcon_core.package_identification[0m [1;30mLevel 1[0m _identify(src/bot_gazebo) by extension 'colcon_meta'
[0.388s] [34mcolcon.colcon_core.package_identification[0m [1;30mLevel 1[0m _identify(src/bot_gazebo) by extensions ['ros']
[0.388s] [34mcolcon.colcon_core.package_identification[0m [1;30mLevel 1[0m _identify(src/bot_gazebo) by extension 'ros'
[0.388s] [34mcolcon.colcon_core.package_identification[0m [1;30mDEBUG[0m [32mPackage 'src/bot_gazebo' with type 'ros.ament_cmake' and name 'bot_gazebo'[0m
[0.389s] [34mcolcon.colcon_core.package_identification[0m [1;30mLevel 1[0m _identify(src/bot_moveit_config) by extensions ['ignore', 'ignore_ament_install']
[0.389s] [34mcolcon.colcon_core.package_identification[0m [1;30mLevel 1[0m _identify(src/bot_moveit_config) by extension 'ignore'
[0.389s] [34mcolcon.colcon_core.package_identification[0m [1;30mLevel 1[0m _identify(src/bot_moveit_config) by extension 'ignore_ament_install'
[0.389s] [34mcolcon.colcon_core.package_identification[0m [1;30mLevel 1[0m _identify(src/bot_moveit_config) by extensions ['colcon_pkg']
[0.389s] [34mcolcon.colcon_core.package_identification[0m [1;30mLevel 1[0m _identify(src/bot_moveit_config) by extension 'colcon_pkg'
[0.389s] [34mcolcon.colcon_core.package_identification[0m [1;30mLevel 1[0m _identify(src/bot_moveit_config) by extensions ['colcon_meta']
[0.389s] [34mcolcon.colcon_core.package_identification[0m [1;30mLevel 1[0m _identify(src/bot_moveit_config) by extension 'colcon_meta'
[0.389s] [34mcolcon.colcon_core.package_identification[0m [1;30mLevel 1[0m _identify(src/bot_moveit_config) by extensions ['ros']
[0.389s] [34mcolcon.colcon_core.package_identification[0m [1;30mLevel 1[0m _identify(src/bot_moveit_config) by extension 'ros'
[0.390s] [34mcolcon.colcon_core.package_identification[0m [1;30mDEBUG[0m [32mPackage 'src/bot_moveit_config' with type 'ros.ament_cmake' and name 'bot_moveit_config'[0m
[0.390s] [34mcolcon.colcon_core.package_discovery[0m [1;30mLevel 1[0m discover_packages(recursive) using defaults
[0.390s] [34mcolcon.colcon_core.package_discovery[0m [1;30mLevel 1[0m discover_packages(ignore) discover
[0.390s] [34mcolcon.colcon_core.package_discovery[0m [1;30mLevel 1[0m discover_packages(ignore) using defaults
[0.390s] [34mcolcon.colcon_core.package_discovery[0m [1;30mLevel 1[0m discover_packages(path) discover
[0.390s] [34mcolcon.colcon_core.package_discovery[0m [1;30mLevel 1[0m discover_packages(path) using defaults
[0.410s] [34mcolcon.colcon_core.package_discovery[0m [1;30mLevel 1[0m discover_packages(prefix_path) check parameters
[0.410s] [34mcolcon.colcon_core.package_discovery[0m [1;30mLevel 1[0m discover_packages(prefix_path) discover
[0.412s] [34mcolcon.colcon_installed_package_information.package_discovery[0m [1;30mDEBUG[0m [32mFound 7 installed packages in /home/harshit/colcon_ws/install[0m
[0.414s] [34mcolcon.colcon_installed_package_information.package_discovery[0m [1;30mDEBUG[0m [32mFound 414 installed packages in /opt/ros/humble[0m
[0.416s] [34mcolcon.colcon_core.package_discovery[0m [1;30mLevel 1[0m discover_packages(prefix_path) using defaults
[0.469s] [34mcolcon.colcon_core.verb[0m [1;30mLevel 5[0m set package 'arm_vla_pkg' build argument 'cmake_args' from command line to 'None'
[0.469s] [34mcolcon.colcon_core.verb[0m [1;30mLevel 5[0m set package 'arm_vla_pkg' build argument 'cmake_target' from command line to 'None'
[0.469s] [34mcolcon.colcon_core.verb[0m [1;30mLevel 5[0m set package 'arm_vla_pkg' build argument 'cmake_target_skip_unavailable' from command line to 'False'
[0.469s] [34mcolcon.colcon_core.verb[0m [1;30mLevel 5[0m set package 'arm_vla_pkg' build argument 'cmake_clean_cache' from command line to 'False'
[0.469s] [34mcolcon.colcon_core.verb[0m [1;30mLevel 5[0m set package 'arm_vla_pkg' build argument 'cmake_clean_first' from command line to 'False'
[0.469s] [34mcolcon.colcon_core.verb[0m [1;30mLevel 5[0m set package 'arm_vla_pkg' build argument 'cmake_force_configure' from command line to 'False'
[0.469s] [34mcolcon.colcon_core.verb[0m [1;30mLevel 5[0m set package 'arm_vla_pkg' build argument 'ament_cmake_args' from command line to 'None'
[0.469s] [34mcolcon.colcon_core.verb[0m [1;30mLevel 5[0m set package 'arm_vla_pkg' build argument 'catkin_cmake_args' from command line to 'None'
[0.469s] [34mcolcon.colcon_core.verb[0m [1;30mLevel 5[0m set package 'arm_vla_pkg' build argument 'catkin_skip_building_tests' from command line to 'False'
[0.470s] [34mcolcon.colcon_core.verb[0m [1;30mDEBUG[0m [32mBuilding package 'arm_vla_pkg' with the following arguments: {'ament_cmake_args': None, 'build_base': '/home/harshit/arm_vla_ws/build/arm_vla_pkg', 'catkin_cmake_args': None, 'catkin_skip_building_tests': False, 'cmake_args': None, 'cmake_clean_cache': False, 'cmake_clean_first': False, 'cmake_force_configure': False, 'cmake_target': None, 'cmake_target_skip_unavailable': False, 'install_base': '/home/harshit/arm_vla_ws/install/arm_vla_pkg', 'merge_install': False, 'path': '/home/harshit/arm_vla_ws/src/arm_vla_pkg', 'symlink_install': False, 'test_result_base': None}[0m
[0.470s] [34mcolcon.colcon_core.verb[0m [1;30mLevel 5[0m set package 'bot_description' build argument 'cmake_args' from command line to 'None'
[0.470s] [34mcolcon.colcon_core.verb[0m [1;30mLevel 5[0m set package 'bot_description' build argument 'cmake_target' from command line to 'None'
[0.470s] [34mcolcon.colcon_core.verb[0m [1;30mLevel 5[0m set package 'bot_description' build argument 'cmake_target_skip_unavailable' from command line to 'False'
[0.470s] [34mcolcon.colcon_core.verb[0m [1;30mLevel 5[0m set package 'bot_description' build argument 'cmake_clean_cache' from command line to 'False'
[0.470s] [34mcolcon.colcon_core.verb[0m [1;30mLevel 5[0m set package 'bot_description' build argument 'cmake_clean_first' from command line to 'False'
[0.470s] [34mcolcon.colcon_core.verb[0m [1;30mLevel 5[0m set package 'bot_description' build argument 'cmake_force_configure' from command line to 'False'
[0.470s] [34mcolcon.colcon_core.verb[0m [1;30mLevel 5[0m set package 'bot_description' build argument 'ament_cmake_args' from command line to 'None'
[0.470s] [34mcolcon.colcon_core.verb[0m [1;30mLevel 5[0m set package 'bot_description' build argument 'catkin_cmake_args' from command line to 'None'
[0.470s] [34mcolcon.colcon_core.verb[0m [1;30mLevel 5[0m set package 'bot_description' build argument 'catkin_skip_building_tests' from command line to 'False'
[0.470s] [34mcolcon.colcon_core.verb[0m [1;30mDEBUG[0m [32mBuilding package 'bot_description' with the following arguments: {'ament_cmake_args': None, 'build_base': '/home/harshit/arm_vla_ws/build/bot_description', 'catkin_cmake_args': None, 'catkin_skip_building_tests': False, 'cmake_args': None, 'cmake_clean_cache': False, 'cmake_clean_first': False, 'cmake_force_configure': False, 'cmake_target': None, 'cmake_target_skip_unavailable': False, 'install_base': '/home/harshit/arm_vla_ws/install/bot_description', 'merge_install': False, 'path': '/home/harshit/arm_vla_ws/src/bot_description', 'symlink_install': False, 'test_result_base': None}[0m
[0.471s] [34mcolcon.colcon_core.verb[0m [1;30mLevel 5[0m set package 'bot_gazebo' build argument 'cmake_args' from command line to 'None'
[0.471s] [34mcolcon.colcon_core.verb[0m [1;30mLevel 5[0m set package 'bot_gazebo' build argument 'cmake_target' from command line to 'None'
[0.471s] [34mcolcon.colcon_core.verb[0m [1;30mLevel 5[0m set package 'bot_gazebo' build argument 'cmake_target_skip_unavailable' from command line to 'False'
[0.471s] [34mcolcon.colcon_core.verb[0m [1;30mLevel 5[0m set package 'bot_gazebo' build argument 'cmake_clean_cache' from command line to 'False'
[0.471s] [34mcolcon.colcon_core.verb[0m [1;30mLevel 5[0m set package 'bot_gazebo' build argument 'cmake_clean_first' from command line to 'False'
[0.471s] [34mcolcon.colcon_core.verb[0m [1;30mLevel 5[0m set package 'bot_gazebo' build argument 'cmake_force_configure' from command line to 'False'
[0.471s] [34mcolcon.colcon_core.verb[0m [1;30mLevel 5[0m set package 'bot_gazebo' build argument 'ament_cmake_args' from command line to 'None'
[0.471s] [34mcolcon.colcon_core.verb[0m [1;30mLevel 5[0m set package 'bot_gazebo' build argument 'catkin_cmake_args' from command line to 'None'
[0.471s] [34mcolcon.colcon_core.verb[0m [1;30mLevel 5[0m set package 'bot_gazebo' build argument 'catkin_skip_building_tests' from command line to 'False'
[0.471s] [34mcolcon.colcon_core.verb[0m [1;30mDEBUG[0m [32mBuilding package 'bot_gazebo' with the following arguments: {'ament_cmake_args': None, 'build_base': '/home/harshit/arm_vla_ws/build/bot_gazebo', 'catkin_cmake_args': None, 'catkin_skip_building_tests': False, 'cmake_args': None, 'cmake_clean_cache': False, 'cmake_clean_first': False, 'cmake_force_configure': False, 'cmake_target': None, 'cmake_target_skip_unavailable': False, 'install_base': '/home/harshit/arm_vla_ws/install/bot_gazebo', 'merge_install': False, 'path': '/home/harshit/arm_vla_ws/src/bot_gazebo', 'symlink_install': False, 'test_result_base': None}[0m
[0.471s] [34mcolcon.colcon_core.verb[0m [1;30mLevel 5[0m set package 'bot_moveit_config' build argument 'cmake_args' from command line to 'None'
[0.471s] [34mcolcon.colcon_core.verb[0m [1;30mLevel 5[0m set package 'bot_moveit_config' build argument 'cmake_target' from command line to 'None'
[0.471s] [34mcolcon.colcon_core.verb[0m [1;30mLevel 5[0m set package 'bot_moveit_config' build argument 'cmake_target_skip_unavailable' from command line to 'False'
[0.471s] [34mcolcon.colcon_core.verb[0m [1;30mLevel 5[0m set package 'bot_moveit_config' build argument 'cmake_clean_cache' from command line to 'False'
[0.471s] [34mcolcon.colcon_core.verb[0m [1;30mLevel 5[0m set package 'bot_moveit_config' build argument 'cmake_clean_first' from command line to 'False'
[0.471s] [34mcolcon.colcon_core.verb[0m [1;30mLevel 5[0m set package 'bot_moveit_config' build argument 'cmake_force_configure' from command line to 'False'
[0.471s] [34mcolcon.colcon_core.verb[0m [1;30mLevel 5[0m set package 'bot_moveit_config' build argument 'ament_cmake_args' from command line to 'None'
[0.471s] [34mcolcon.colcon_core.verb[0m [1;30mLevel 5[0m set package 'bot_moveit_config' build argument 'catkin_cmake_args' from command line to 'None'
[0.471s] [34mcolcon.colcon_core.verb[0m [1;30mLevel 5[0m set package 'bot_moveit_config' build argument 'catkin_skip_building_tests' from command line to 'False'
[0.471s] [34mcolcon.colcon_core.verb[0m [1;30mDEBUG[0m [32mBuilding package 'bot_moveit_config' with the following arguments: {'ament_cmake_args': None, 'build_base': '/home/harshit/arm_vla_ws/build/bot_moveit_config', 'catkin_cmake_args': None, 'catkin_skip_building_tests': False, 'cmake_args': None, 'cmake_clean_cache': False, 'cmake_clean_first': False, 'cmake_force_configure': False, 'cmake_target': None, 'cmake_target_skip_unavailable': False, 'install_base': '/home/harshit/arm_vla_ws/install/bot_moveit_config', 'merge_install': False, 'path': '/home/harshit/arm_vla_ws/src/bot_moveit_config', 'symlink_install': False, 'test_result_base': None}[0m
[0.472s] [34mcolcon.colcon_core.verb[0m [1;30mLevel 5[0m set package 'bot_control' build argument 'cmake_args' from command line to 'None'
[0.472s] [34mcolcon.colcon_core.verb[0m [1;30mLevel 5[0m set package 'bot_control' build argument 'cmake_target' from command line to 'None'
[0.472s] [34mcolcon.colcon_core.verb[0m [1;30mLevel 5[0m set package 'bot_control' build argument 'cmake_target_skip_unavailable' from command line to 'False'
[0.472s] [34mcolcon.colcon_core.verb[0m [1;30mLevel 5[0m set package 'bot_control' build argument 'cmake_clean_cache' from command line to 'False'
[0.472s] [34mcolcon.colcon_core.verb[0m [1;30mLevel 5[0m set package 'bot_control' build argument 'cmake_clean_first' from command line to 'False'
[0.472s] [34mcolcon.colcon_core.verb[0m [1;30mLevel 5[0m set package 'bot_control' build argument 'cmake_force_configure' from command line to 'False'
[0.472s] [34mcolcon.colcon_core.verb[0m [1;30mLevel 5[0m set package 'bot_control' build argument 'ament_cmake_args' from command line to 'None'
[0.472s] [34mcolcon.colcon_core.verb[0m [1;30mLevel 5[0m set package 'bot_control' build argument 'catkin_cmake_args' from command line to 'None'
[0.472s] [34mcolcon.colcon_core.verb[0m [1;30mLevel 5[0m set package 'bot_control' build argument 'catkin_skip_building_tests' from command line to 'False'
[0.472s] [34mcolcon.colcon_core.verb[0m [1;30mDEBUG[0m [32mBuilding package 'bot_control' with the following arguments: {'ament_cmake_args': None, 'build_base': '/home/harshit/arm_vla_ws/build/bot_control', 'catkin_cmake_args': None, 'catkin_skip_building_tests': False, 'cmake_args': None, 'cmake_clean_cache': False, 'cmake_clean_first': False, 'cmake_force_configure': False, 'cmake_target': None, 'cmake_target_skip_unavailable': False, 'install_base': '/home/harshit/arm_vla_ws/install/bot_control', 'merge_install': False, 'path': '/home/harshit/arm_vla_ws/src/bot_control', 'symlink_install': False, 'test_result_base': None}[0m
[0.472s] [34mcolcon.colcon_core.executor[0m [1;30mINFO[0m Executing jobs using 'parallel' executor
[0.473s] [34mcolcon.colcon_parallel_executor.executor.parallel[0m [1;30mDEBUG[0m [32mrun_until_complete[0m
[0.474s] [34mcolcon.colcon_ros.task.ament_cmake.build[0m [1;30mINFO[0m Building ROS package in '/home/harshit/arm_vla_ws/src/bot_description' with build type 'ament_cmake'
[0.474s] [34mcolcon.colcon_cmake.task.cmake.build[0m [1;30mINFO[0m Building CMake package in '/home/harshit/arm_vla_ws/src/bot_description'
[0.476s] [34mcolcon.colcon_core.plugin_system[0m [1;30mINFO[0m Skipping extension 'colcon_core.shell.bat': Not used on non-Windows systems
[0.476s] [34mcolcon.colcon_core.shell[0m [1;30mINFO[0m Skip shell extension 'powershell' for command environment: Not usable outside of PowerShell
[0.476s] [34mcolcon.colcon_core.shell[0m [1;30mDEBUG[0m [32mSkip shell extension 'dsv' for command environment[0m
[0.481s] [34mcolcon.colcon_ros.task.ament_python.build[0m [1;30mINFO[0m Building ROS package in '/home/harshit/arm_vla_ws/src/arm_vla_pkg' with build type 'ament_python'
[0.482s] [34mcolcon.colcon_core.shell[0m [1;30mLevel 1[0m create_environment_hook('arm_vla_pkg', 'ament_prefix_path')
[0.482s] [34mcolcon.colcon_core.shell[0m [1;30mINFO[0m Creating environment hook '/home/harshit/arm_vla_ws/install/arm_vla_pkg/share/arm_vla_pkg/hook/ament_prefix_path.ps1'
[0.483s] [34mcolcon.colcon_core.shell[0m [1;30mINFO[0m Creating environment descriptor '/home/harshit/arm_vla_ws/install/arm_vla_pkg/share/arm_vla_pkg/hook/ament_prefix_path.dsv'
[0.484s] [34mcolcon.colcon_core.shell[0m [1;30mINFO[0m Creating environment hook '/home/harshit/arm_vla_ws/install/arm_vla_pkg/share/arm_vla_pkg/hook/ament_prefix_path.sh'
[0.484s] [34mcolcon.colcon_core.shell[0m [1;30mINFO[0m Skip shell extension 'powershell' for command environment: Not usable outside of PowerShell
[0.484s] [34mcolcon.colcon_core.shell[0m [1;30mDEBUG[0m [32mSkip shell extension 'dsv' for command environment[0m
[0.489s] [34mcolcon.colcon_ros.task.ament_cmake.build[0m [1;30mINFO[0m Building ROS package in '/home/harshit/arm_vla_ws/src/bot_gazebo' with build type 'ament_cmake'
[0.489s] [34mcolcon.colcon_cmake.task.cmake.build[0m [1;30mINFO[0m Building CMake package in '/home/harshit/arm_vla_ws/src/bot_gazebo'
[0.489s] [34mcolcon.colcon_core.shell[0m [1;30mINFO[0m Skip shell extension 'powershell' for command environment: Not usable outside of PowerShell
[0.489s] [34mcolcon.colcon_core.shell[0m [1;30mDEBUG[0m [32mSkip shell extension 'dsv' for command environment[0m
[0.499s] [34mcolcon.colcon_core.event_handler.log_command[0m [1;30mDEBUG[0m [32mInvoking command in '/home/harshit/arm_vla_ws/build/bot_description': CMAKE_PREFIX_PATH=${CMAKE_PREFIX_PATH}:/home/harshit/colcon_ws/install/eyantra_solution:/opt/ros/humble /usr/bin/cmake /home/harshit/arm_vla_ws/src/bot_description -DCMAKE_INSTALL_PREFIX=/home/harshit/arm_vla_ws/install/bot_description[0m
[0.833s] [34mcolcon.colcon_ros.task.ament_python.build[0m [1;30mWARNING[0m [33mPackage 'arm_vla_pkg' doesn't explicitly install a marker in the package index (colcon-ros currently does it implicitly but that fallback will be removed in the future)[0m
[0.834s] [34mcolcon.colcon_core.task.python.build[0m [1;30mINFO[0m Building Python package in '/home/harshit/arm_vla_ws/src/arm_vla_pkg'
[0.834s] [34mcolcon.colcon_core.shell[0m [1;30mINFO[0m Skip shell extension 'powershell' for command environment: Not usable outside of PowerShell
[0.834s] [34mcolcon.colcon_core.shell[0m [1;30mDEBUG[0m [32mSkip shell extension 'dsv' for command environment[0m
[0.845s] [34mcolcon.colcon_core.event_handler.log_command[0m [1;30mDEBUG[0m [32mInvoking command in '/home/harshit/arm_vla_ws/build/bot_gazebo': CMAKE_PREFIX_PATH=${CMAKE_PREFIX_PATH}:/home/harshit/colcon_ws/install/eyantra_solution:/opt/ros/humble /usr/bin/cmake /home/harshit/arm_vla_ws/src/bot_gazebo -DCMAKE_INSTALL_PREFIX=/home/harshit/arm_vla_ws/install/bot_gazebo[0m
[1.243s] [34mcolcon.colcon_core.event_handler.log_command[0m [1;30mDEBUG[0m [32mInvoked command in '/home/harshit/arm_vla_ws/build/bot_description' returned '0': CMAKE_PREFIX_PATH=${CMAKE_PREFIX_PATH}:/home/harshit/colcon_ws/install/eyantra_solution:/opt/ros/humble /usr/bin/cmake /home/harshit/arm_vla_ws/src/bot_description -DCMAKE_INSTALL_PREFIX=/home/harshit/arm_vla_ws/install/bot_description[0m
[1.245s] [34mcolcon.colcon_core.event_handler.log_command[0m [1;30mDEBUG[0m [32mInvoking command in '/home/harshit/arm_vla_ws/build/bot_description': CMAKE_PREFIX_PATH=${CMAKE_PREFIX_PATH}:/home/harshit/colcon_ws/install/eyantra_solution:/opt/ros/humble /usr/bin/cmake --build /home/harshit/arm_vla_ws/build/bot_description -- -j8 -l8[0m
[1.271s] [34mcolcon.colcon_core.event_handler.log_command[0m [1;30mDEBUG[0m [32mInvoking command in '/home/harshit/arm_vla_ws/src/arm_vla_pkg': PYTHONPATH=/home/harshit/arm_vla_ws/build/arm_vla_pkg/prefix_override:/usr/lib/python3/dist-packages/colcon_core/task/python/colcon_distutils_commands:/home/harshit/arm_vla_ws/install/arm_vla_pkg/lib/python3.10/site-packages:${PYTHONPATH} /usr/bin/python3 -W ignore:setup.py install is deprecated -W ignore:easy_install command is deprecated setup.py egg_info --egg-base ../../build/arm_vla_pkg build --build-base /home/harshit/arm_vla_ws/build/arm_vla_pkg/build install --record /home/harshit/arm_vla_ws/build/arm_vla_pkg/install.log --single-version-externally-managed install_data[0m
[1.282s] [34mcolcon.colcon_core.event_handler.log_command[0m [1;30mDEBUG[0m [32mInvoked command in '/home/harshit/arm_vla_ws/build/bot_description' returned '0': CMAKE_PREFIX_PATH=${CMAKE_PREFIX_PATH}:/home/harshit/colcon_ws/install/eyantra_solution:/opt/ros/humble /usr/bin/cmake --build /home/harshit/arm_vla_ws/build/bot_description -- -j8 -l8[0m
[1.292s] [34mcolcon.colcon_core.event_handler.log_command[0m [1;30mDEBUG[0m [32mInvoking command in '/home/harshit/arm_vla_ws/build/bot_description': CMAKE_PREFIX_PATH=${CMAKE_PREFIX_PATH}:/home/harshit/colcon_ws/install/eyantra_solution:/opt/ros/humble /usr/bin/cmake --install /home/harshit/arm_vla_ws/build/bot_description[0m
[1.311s] [34mcolcon.colcon_core.environment[0m [1;30mLevel 1[0m create_environment_scripts_only(bot_description)
[1.312s] [34mcolcon.colcon_core.event_handler.log_command[0m [1;30mDEBUG[0m [32mInvoked command in '/home/harshit/arm_vla_ws/build/bot_description' returned '0': CMAKE_PREFIX_PATH=${CMAKE_PREFIX_PATH}:/home/harshit/colcon_ws/install/eyantra_solution:/opt/ros/humble /usr/bin/cmake --install /home/harshit/arm_vla_ws/build/bot_description[0m
[1.314s] [34mcolcon.colcon_core.environment[0m [1;30mLevel 1[0m checking '/home/harshit/arm_vla_ws/install/bot_description' for CMake module files
[1.314s] [34mcolcon.colcon_core.environment[0m [1;30mLevel 1[0m checking '/home/harshit/arm_vla_ws/install/bot_description' for CMake config files
[1.314s] [34mcolcon.colcon_core.shell[0m [1;30mLevel 1[0m create_environment_hook('bot_description', 'cmake_prefix_path')
[1.314s] [34mcolcon.colcon_core.shell[0m [1;30mINFO[0m Creating environment hook '/home/harshit/arm_vla_ws/install/bot_description/share/bot_description/hook/cmake_prefix_path.ps1'
[1.315s] [34mcolcon.colcon_core.shell[0m [1;30mINFO[0m Creating environment descriptor '/home/harshit/arm_vla_ws/install/bot_description/share/bot_description/hook/cmake_prefix_path.dsv'
[1.315s] [34mcolcon.colcon_core.shell[0m [1;30mINFO[0m Creating environment hook '/home/harshit/arm_vla_ws/install/bot_description/share/bot_description/hook/cmake_prefix_path.sh'
[1.316s] [34mcolcon.colcon_core.environment[0m [1;30mLevel 1[0m checking '/home/harshit/arm_vla_ws/install/bot_description/bin'
[1.316s] [34mcolcon.colcon_core.environment[0m [1;30mLevel 1[0m checking '/home/harshit/arm_vla_ws/install/bot_description/lib/pkgconfig/bot_description.pc'
[1.316s] [34mcolcon.colcon_core.environment[0m [1;30mLevel 1[0m checking '/home/harshit/arm_vla_ws/install/bot_description/lib/python3.10/site-packages'
[1.316s] [34mcolcon.colcon_core.environment[0m [1;30mLevel 1[0m checking '/home/harshit/arm_vla_ws/install/bot_description/bin'
[1.316s] [34mcolcon.colcon_core.shell[0m [1;30mINFO[0m Creating package script '/home/harshit/arm_vla_ws/install/bot_description/share/bot_description/package.ps1'
[1.317s] [34mcolcon.colcon_core.shell[0m [1;30mINFO[0m Creating package descriptor '/home/harshit/arm_vla_ws/install/bot_description/share/bot_description/package.dsv'
[1.317s] [34mcolcon.colcon_core.shell[0m [1;30mINFO[0m Creating package script '/home/harshit/arm_vla_ws/install/bot_description/share/bot_description/package.sh'
[1.318s] [34mcolcon.colcon_core.shell[0m [1;30mINFO[0m Creating package script '/home/harshit/arm_vla_ws/install/bot_description/share/bot_description/package.bash'
[1.318s] [34mcolcon.colcon_core.shell[0m [1;30mINFO[0m Creating package script '/home/harshit/arm_vla_ws/install/bot_description/share/bot_description/package.zsh'
[1.319s] [34mcolcon.colcon_core.environment[0m [1;30mLevel 1[0m create_file_with_runtime_dependencies(/home/harshit/arm_vla_ws/install/bot_description/share/colcon-core/packages/bot_description)
[1.319s] [34mcolcon.colcon_core.environment[0m [1;30mLevel 1[0m create_environment_scripts_only(bot_description)
[1.320s] [34mcolcon.colcon_core.environment[0m [1;30mLevel 1[0m checking '/home/harshit/arm_vla_ws/install/bot_description' for CMake module files
[1.320s] [34mcolcon.colcon_core.environment[0m [1;30mLevel 1[0m checking '/home/harshit/arm_vla_ws/install/bot_description' for CMake config files
[1.320s] [34mcolcon.colcon_core.shell[0m [1;30mLevel 1[0m create_environment_hook('bot_description', 'cmake_prefix_path')
[1.320s] [34mcolcon.colcon_core.shell[0m [1;30mINFO[0m Creating environment hook '/home/harshit/arm_vla_ws/install/bot_description/share/bot_description/hook/cmake_prefix_path.ps1'
[1.321s] [34mcolcon.colcon_core.shell[0m [1;30mINFO[0m Creating environment descriptor '/home/harshit/arm_vla_ws/install/bot_description/share/bot_description/hook/cmake_prefix_path.dsv'
[1.321s] [34mcolcon.colcon_core.shell[0m [1;30mINFO[0m Creating environment hook '/home/harshit/arm_vla_ws/install/bot_description/share/bot_description/hook/cmake_prefix_path.sh'
[1.322s] [34mcolcon.colcon_core.environment[0m [1;30mLevel 1[0m checking '/home/harshit/arm_vla_ws/install/bot_description/bin'
[1.322s] [34mcolcon.colcon_core.environment[0m [1;30mLevel 1[0m checking '/home/harshit/arm_vla_ws/install/bot_description/lib/pkgconfig/bot_description.pc'
[1.322s] [34mcolcon.colcon_core.environment[0m [1;30mLevel 1[0m checking '/home/harshit/arm_vla_ws/install/bot_description/lib/python3.10/site-packages'
[1.322s] [34mcolcon.colcon_core.environment[0m [1;30mLevel 1[0m checking '/home/harshit/arm_vla_ws/install/bot_description/bin'
[1.323s] [34mcolcon.colcon_core.shell[0m [1;30mINFO[0m Creating package script '/home/harshit/arm_vla_ws/install/bot_description/share/bot_description/package.ps1'
[1.323s] [34mcolcon.colcon_core.shell[0m [1;30mINFO[0m Creating package descriptor '/home/harshit/arm_vla_ws/install/bot_description/share/bot_description/package.dsv'
[1.324s] [34mcolcon.colcon_core.shell[0m [1;30mINFO[0m Creating package script '/home/harshit/arm_vla_ws/install/bot_description/share/bot_description/package.sh'
[1.324s] [34mcolcon.colcon_core.shell[0m [1;30mINFO[0m Creating package script '/home/harshit/arm_vla_ws/install/bot_description/share/bot_description/package.bash'
[1.324s] [34mcolcon.colcon_core.shell[0m [1;30mINFO[0m Creating package script '/home/harshit/arm_vla_ws/install/bot_description/share/bot_description/package.zsh'
[1.325s] [34mcolcon.colcon_core.environment[0m [1;30mLevel 1[0m create_file_with_runtime_dependencies(/home/harshit/arm_vla_ws/install/bot_description/share/colcon-core/packages/bot_description)
[1.325s] [34mcolcon.colcon_ros.task.ament_cmake.build[0m [1;30mINFO[0m Building ROS package in '/home/harshit/arm_vla_ws/src/bot_moveit_config' with build type 'ament_cmake'
[1.325s] [34mcolcon.colcon_cmake.task.cmake.build[0m [1;30mINFO[0m Building CMake package in '/home/harshit/arm_vla_ws/src/bot_moveit_config'
[1.325s] [34mcolcon.colcon_core.shell[0m [1;30mINFO[0m Skip shell extension 'powershell' for command environment: Not usable outside of PowerShell
[1.326s] [34mcolcon.colcon_core.shell[0m [1;30mDEBUG[0m [32mSkip shell extension 'dsv' for command environment[0m
[1.334s] [34mcolcon.colcon_core.event_handler.log_command[0m [1;30mDEBUG[0m [32mInvoking command in '/home/harshit/arm_vla_ws/build/bot_moveit_config': AMENT_PREFIX_PATH=/home/harshit/arm_vla_ws/install/bot_description:${AMENT_PREFIX_PATH} CMAKE_PREFIX_PATH=/home/harshit/arm_vla_ws/install/bot_description:/home/harshit/colcon_ws/install/ur_simulation_gz:/home/harshit/colcon_ws/install/ur_description:/home/harshit/colcon_ws/install/ur5_control:/home/harshit/colcon_ws/install/linkattacher_msgs:/home/harshit/colcon_ws/install/eyantra_warehouse:/home/harshit/colcon_ws/install/ebot_description:/home/harshit/colcon_ws/install/eyantra_solution:/opt/ros/humble /usr/bin/cmake /home/harshit/arm_vla_ws/src/bot_moveit_config -DCMAKE_INSTALL_PREFIX=/home/harshit/arm_vla_ws/install/bot_moveit_config[0m
[1.484s] [34mcolcon.colcon_core.event_handler.log_command[0m [1;30mDEBUG[0m [32mInvoked command in '/home/harshit/arm_vla_ws/build/bot_gazebo' returned '0': CMAKE_PREFIX_PATH=${CMAKE_PREFIX_PATH}:/home/harshit/colcon_ws/install/eyantra_solution:/opt/ros/humble /usr/bin/cmake /home/harshit/arm_vla_ws/src/bot_gazebo -DCMAKE_INSTALL_PREFIX=/home/harshit/arm_vla_ws/install/bot_gazebo[0m
[1.485s] [34mcolcon.colcon_core.event_handler.log_command[0m [1;30mDEBUG[0m [32mInvoking command in '/home/harshit/arm_vla_ws/build/bot_gazebo': CMAKE_PREFIX_PATH=${CMAKE_PREFIX_PATH}:/home/harshit/colcon_ws/install/eyantra_solution:/opt/ros/humble /usr/bin/cmake --build /home/harshit/arm_vla_ws/build/bot_gazebo -- -j8 -l8[0m
[1.524s] [34mcolcon.colcon_core.event_handler.log_command[0m [1;30mDEBUG[0m [32mInvoked command in '/home/harshit/arm_vla_ws/build/bot_gazebo' returned '0': CMAKE_PREFIX_PATH=${CMAKE_PREFIX_PATH}:/home/harshit/colcon_ws/install/eyantra_solution:/opt/ros/humble /usr/bin/cmake --build /home/harshit/arm_vla_ws/build/bot_gazebo -- -j8 -l8[0m
[1.525s] [34mcolcon.colcon_core.event_handler.log_command[0m [1;30mDEBUG[0m [32mInvoking command in '/home/harshit/arm_vla_ws/build/bot_gazebo': CMAKE_PREFIX_PATH=${CMAKE_PREFIX_PATH}:/home/harshit/colcon_ws/install/eyantra_solution:/opt/ros/humble /usr/bin/cmake --install /home/harshit/arm_vla_ws/build/bot_gazebo[0m
[1.537s] [34mcolcon.colcon_core.environment[0m [1;30mLevel 1[0m create_environment_scripts_only(bot_gazebo)
[1.537s] [34mcolcon.colcon_core.environment[0m [1;30mLevel 1[0m checking '/home/harshit/arm_vla_ws/install/bot_gazebo' for CMake module files
[1.538s] [34mcolcon.colcon_core.event_handler.log_command[0m [1;30mDEBUG[0m [32mInvoked command in '/home/harshit/arm_vla_ws/build/bot_gazebo' returned '0': CMAKE_PREFIX_PATH=${CMAKE_PREFIX_PATH}:/home/harshit/colcon_ws/install/eyantra_solution:/opt/ros/humble /usr/bin/cmake --install /home/harshit/arm_vla_ws/build/bot_gazebo[0m
[1.538s] [34mcolcon.colcon_core.environment[0m [1;30mLevel 1[0m checking '/home/harshit/arm_vla_ws/install/bot_gazebo' for CMake config files
[1.538s] [34mcolcon.colcon_core.shell[0m [1;30mLevel 1[0m create_environment_hook('bot_gazebo', 'cmake_prefix_path')
[1.538s] [34mcolcon.colcon_core.shell[0m [1;30mINFO[0m Creating environment hook '/home/harshit/arm_vla_ws/install/bot_gazebo/share/bot_gazebo/hook/cmake_prefix_path.ps1'
[1.539s] [34mcolcon.colcon_core.shell[0m [1;30mINFO[0m Creating environment descriptor '/home/harshit/arm_vla_ws/install/bot_gazebo/share/bot_gazebo/hook/cmake_prefix_path.dsv'
[1.539s] [34mcolcon.colcon_core.shell[0m [1;30mINFO[0m Creating environment hook '/home/harshit/arm_vla_ws/install/bot_gazebo/share/bot_gazebo/hook/cmake_prefix_path.sh'
[1.540s] [34mcolcon.colcon_core.environment[0m [1;30mLevel 1[0m checking '/home/harshit/arm_vla_ws/install/bot_gazebo/bin'
[1.540s] [34mcolcon.colcon_core.environment[0m [1;30mLevel 1[0m checking '/home/harshit/arm_vla_ws/install/bot_gazebo/lib/pkgconfig/bot_gazebo.pc'
[1.540s] [34mcolcon.colcon_core.environment[0m [1;30mLevel 1[0m checking '/home/harshit/arm_vla_ws/install/bot_gazebo/lib/python3.10/site-packages'
[1.540s] [34mcolcon.colcon_core.environment[0m [1;30mLevel 1[0m checking '/home/harshit/arm_vla_ws/install/bot_gazebo/bin'
[1.540s] [34mcolcon.colcon_core.shell[0m [1;30mINFO[0m Creating package script '/home/harshit/arm_vla_ws/install/bot_gazebo/share/bot_gazebo/package.ps1'
[1.541s] [34mcolcon.colcon_core.shell[0m [1;30mINFO[0m Creating package descriptor '/home/harshit/arm_vla_ws/install/bot_gazebo/share/bot_gazebo/package.dsv'
[1.541s] [34mcolcon.colcon_core.shell[0m [1;30mINFO[0m Creating package script '/home/harshit/arm_vla_ws/install/bot_gazebo/share/bot_gazebo/package.sh'
[1.541s] [34mcolcon.colcon_core.shell[0m [1;30mINFO[0m Creating package script '/home/harshit/arm_vla_ws/install/bot_gazebo/share/bot_gazebo/package.bash'
[1.542s] [34mcolcon.colcon_core.shell[0m [1;30mINFO[0m Creating package script '/home/harshit/arm_vla_ws/install/bot_gazebo/share/bot_gazebo/package.zsh'
[1.542s] [34mcolcon.colcon_core.environment[0m [1;30mLevel 1[0m create_file_with_runtime_dependencies(/home/harshit/arm_vla_ws/install/bot_gazebo/share/colcon-core/packages/bot_gazebo)
[1.542s] [34mcolcon.colcon_core.environment[0m [1;30mLevel 1[0m create_environment_scripts_only(bot_gazebo)
[1.543s] [34mcolcon.colcon_core.environment[0m [1;30mLevel 1[0m checking '/home/harshit/arm_vla_ws/install/bot_gazebo' for CMake module files
[1.543s] [34mcolcon.colcon_core.environment[0m [1;30mLevel 1[0m checking '/home/harshit/arm_vla_ws/install/bot_gazebo' for CMake config files
[1.543s] [34mcolcon.colcon_core.shell[0m [1;30mLevel 1[0m create_environment_hook('bot_gazebo', 'cmake_prefix_path')
[1.543s] [34mcolcon.colcon_core.shell[0m [1;30mINFO[0m Creating environment hook '/home/harshit/arm_vla_ws/install/bot_gazebo/share/bot_gazebo/hook/cmake_prefix_path.ps1'
[1.544s] [34mcolcon.colcon_core.shell[0m [1;30mINFO[0m Creating environment descriptor '/home/harshit/arm_vla_ws/install/bot_gazebo/share/bot_gazebo/hook/cmake_prefix_path.dsv'
[1.544s] [34mcolcon.colcon_core.shell[0m [1;30mINFO[0m Creating environment hook '/home/harshit/arm_vla_ws/install/bot_gazebo/share/bot_gazebo/hook/cmake_prefix_path.sh'
[1.544s] [34mcolcon.colcon_core.environment[0m [1;30mLevel 1[0m checking '/home/harshit/arm_vla_ws/install/bot_gazebo/bin'
[1.544s] [34mcolcon.colcon_core.environment[0m [1;30mLevel 1[0m checking '/home/harshit/arm_vla_ws/install/bot_gazebo/lib/pkgconfig/bot_gazebo.pc'
[1.545s] [34mcolcon.colcon_core.environment[0m [1;30mLevel 1[0m checking '/home/harshit/arm_vla_ws/install/bot_gazebo/lib/python3.10/site-packages'
[1.545s] [34mcolcon.colcon_core.environment[0m [1;30mLevel 1[0m checking '/home/harshit/arm_vla_ws/install/bot_gazebo/bin'
[1.545s] [34mcolcon.colcon_core.shell[0m [1;30mINFO[0m Creating package script '/home/harshit/arm_vla_ws/install/bot_gazebo/share/bot_gazebo/package.ps1'
[1.546s] [34mcolcon.colcon_core.shell[0m [1;30mINFO[0m Creating package descriptor '/home/harshit/arm_vla_ws/install/bot_gazebo/share/bot_gazebo/package.dsv'
[1.546s] [34mcolcon.colcon_core.shell[0m [1;30mINFO[0m Creating package script '/home/harshit/arm_vla_ws/install/bot_gazebo/share/bot_gazebo/package.sh'
[1.546s] [34mcolcon.colcon_core.shell[0m [1;30mINFO[0m Creating package script '/home/harshit/arm_vla_ws/install/bot_gazebo/share/bot_gazebo/package.bash'
[1.546s] [34mcolcon.colcon_core.shell[0m [1;30mINFO[0m Creating package script '/home/harshit/arm_vla_ws/install/bot_gazebo/share/bot_gazebo/package.zsh'
[1.547s] [34mcolcon.colcon_core.environment[0m [1;30mLevel 1[0m create_file_with_runtime_dependencies(/home/harshit/arm_vla_ws/install/bot_gazebo/share/colcon-core/packages/bot_gazebo)
[1.552s] [34mcolcon.colcon_core.environment[0m [1;30mLevel 1[0m checking '/home/harshit/arm_vla_ws/install/arm_vla_pkg' for CMake module files
[1.553s] [34mcolcon.colcon_core.event_handler.log_command[0m [1;30mDEBUG[0m [32mInvoked command in '/home/harshit/arm_vla_ws/src/arm_vla_pkg' returned '0': PYTHONPATH=/home/harshit/arm_vla_ws/build/arm_vla_pkg/prefix_override:/usr/lib/python3/dist-packages/colcon_core/task/python/colcon_distutils_commands:/home/harshit/arm_vla_ws/install/arm_vla_pkg/lib/python3.10/site-packages:${PYTHONPATH} /usr/bin/python3 -W ignore:setup.py install is deprecated -W ignore:easy_install command is deprecated setup.py egg_info --egg-base ../../build/arm_vla_pkg build --build-base /home/harshit/arm_vla_ws/build/arm_vla_pkg/build install --record /home/harshit/arm_vla_ws/build/arm_vla_pkg/install.log --single-version-externally-managed install_data[0m
[1.553s] [34mcolcon.colcon_core.environment[0m [1;30mLevel 1[0m checking '/home/harshit/arm_vla_ws/install/arm_vla_pkg' for CMake config files
[1.553s] [34mcolcon.colcon_core.environment[0m [1;30mLevel 1[0m checking '/home/harshit/arm_vla_ws/install/arm_vla_pkg/lib'
[1.554s] [34mcolcon.colcon_core.environment[0m [1;30mLevel 1[0m checking '/home/harshit/arm_vla_ws/install/arm_vla_pkg/bin'
[1.554s] [34mcolcon.colcon_core.environment[0m [1;30mLevel 1[0m checking '/home/harshit/arm_vla_ws/install/arm_vla_pkg/lib/pkgconfig/arm_vla_pkg.pc'
[1.554s] [34mcolcon.colcon_core.environment[0m [1;30mLevel 1[0m checking '/home/harshit/arm_vla_ws/install/arm_vla_pkg/lib/python3.10/site-packages'
[1.554s] [34mcolcon.colcon_core.shell[0m [1;30mLevel 1[0m create_environment_hook('arm_vla_pkg', 'pythonpath')
[1.554s] [34mcolcon.colcon_core.shell[0m [1;30mINFO[0m Creating environment hook '/home/harshit/arm_vla_ws/install/arm_vla_pkg/share/arm_vla_pkg/hook/pythonpath.ps1'
[1.554s] [34mcolcon.colcon_core.shell[0m [1;30mINFO[0m Creating environment descriptor '/home/harshit/arm_vla_ws/install/arm_vla_pkg/share/arm_vla_pkg/hook/pythonpath.dsv'
[1.555s] [34mcolcon.colcon_core.shell[0m [1;30mINFO[0m Creating environment hook '/home/harshit/arm_vla_ws/install/arm_vla_pkg/share/arm_vla_pkg/hook/pythonpath.sh'
[1.555s] [34mcolcon.colcon_core.environment[0m [1;30mLevel 1[0m checking '/home/harshit/arm_vla_ws/install/arm_vla_pkg/bin'
[1.555s] [34mcolcon.colcon_core.environment[0m [1;30mLevel 1[0m create_environment_scripts_only(arm_vla_pkg)
[1.555s] [34mcolcon.colcon_core.shell[0m [1;30mINFO[0m Creating package script '/home/harshit/arm_vla_ws/install/arm_vla_pkg/share/arm_vla_pkg/package.ps1'
[1.556s] [34mcolcon.colcon_core.shell[0m [1;30mINFO[0m Creating package descriptor '/home/harshit/arm_vla_ws/install/arm_vla_pkg/share/arm_vla_pkg/package.dsv'
[1.556s] [34mcolcon.colcon_core.shell[0m [1;30mINFO[0m Creating package script '/home/harshit/arm_vla_ws/install/arm_vla_pkg/share/arm_vla_pkg/package.sh'
[1.556s] [34mcolcon.colcon_core.shell[0m [1;30mINFO[0m Creating package script '/home/harshit/arm_vla_ws/install/arm_vla_pkg/share/arm_vla_pkg/package.bash'
[1.556s] [34mcolcon.colcon_core.shell[0m [1;30mINFO[0m Creating package script '/home/harshit/arm_vla_ws/install/arm_vla_pkg/share/arm_vla_pkg/package.zsh'
[1.557s] [34mcolcon.colcon_core.environment[0m [1;30mLevel 1[0m create_file_with_runtime_dependencies(/home/harshit/arm_vla_ws/install/arm_vla_pkg/share/colcon-core/packages/arm_vla_pkg)
[1.875s] [34mcolcon.colcon_core.event_handler.log_command[0m [1;30mDEBUG[0m [32mInvoked command in '/home/harshit/arm_vla_ws/build/bot_moveit_config' returned '0': AMENT_PREFIX_PATH=/home/harshit/arm_vla_ws/install/bot_description:${AMENT_PREFIX_PATH} CMAKE_PREFIX_PATH=/home/harshit/arm_vla_ws/install/bot_description:/home/harshit/colcon_ws/install/ur_simulation_gz:/home/harshit/colcon_ws/install/ur_description:/home/harshit/colcon_ws/install/ur5_control:/home/harshit/colcon_ws/install/linkattacher_msgs:/home/harshit/colcon_ws/install/eyantra_warehouse:/home/harshit/colcon_ws/install/ebot_description:/home/harshit/colcon_ws/install/eyantra_solution:/opt/ros/humble /usr/bin/cmake /home/harshit/arm_vla_ws/src/bot_moveit_config -DCMAKE_INSTALL_PREFIX=/home/harshit/arm_vla_ws/install/bot_moveit_config[0m
[1.875s] [34mcolcon.colcon_core.event_handler.log_command[0m [1;30mDEBUG[0m [32mInvoking command in '/home/harshit/arm_vla_ws/build/bot_moveit_config': AMENT_PREFIX_PATH=/home/harshit/arm_vla_ws/install/bot_description:${AMENT_PREFIX_PATH} CMAKE_PREFIX_PATH=/home/harshit/arm_vla_ws/install/bot_description:/home/harshit/colcon_ws/install/ur_simulation_gz:/home/harshit/colcon_ws/install/ur_description:/home/harshit/colcon_ws/install/ur5_control:/home/harshit/colcon_ws/install/linkattacher_msgs:/home/harshit/colcon_ws/install/eyantra_warehouse:/home/harshit/colcon_ws/install/ebot_description:/home/harshit/colcon_ws/install/eyantra_solution:/opt/ros/humble /usr/bin/cmake --build /home/harshit/arm_vla_ws/build/bot_moveit_config -- -j8 -l8[0m
[1.912s] [34mcolcon.colcon_core.event_handler.log_command[0m [1;30mDEBUG[0m [32mInvoked command in '/home/harshit/arm_vla_ws/build/bot_moveit_config' returned '0': AMENT_PREFIX_PATH=/home/harshit/arm_vla_ws/install/bot_description:${AMENT_PREFIX_PATH} CMAKE_PREFIX_PATH=/home/harshit/arm_vla_ws/install/bot_description:/home/harshit/colcon_ws/install/ur_simulation_gz:/home/harshit/colcon_ws/install/ur_description:/home/harshit/colcon_ws/install/ur5_control:/home/harshit/colcon_ws/install/linkattacher_msgs:/home/harshit/colcon_ws/install/eyantra_warehouse:/home/harshit/colcon_ws/install/ebot_description:/home/harshit/colcon_ws/install/eyantra_solution:/opt/ros/humble /usr/bin/cmake --build /home/harshit/arm_vla_ws/build/bot_moveit_config -- -j8 -l8[0m
[1.914s] [34mcolcon.colcon_core.event_handler.log_command[0m [1;30mDEBUG[0m [32mInvoking command in '/home/harshit/arm_vla_ws/build/bot_moveit_config': AMENT_PREFIX_PATH=/home/harshit/arm_vla_ws/install/bot_description:${AMENT_PREFIX_PATH} CMAKE_PREFIX_PATH=/home/harshit/arm_vla_ws/install/bot_description:/home/harshit/colcon_ws/install/ur_simulation_gz:/home/harshit/colcon_ws/install/ur_description:/home/harshit/colcon_ws/install/ur5_control:/home/harshit/colcon_ws/install/linkattacher_msgs:/home/harshit/colcon_ws/install/eyantra_warehouse:/home/harshit/colcon_ws/install/ebot_description:/home/harshit/colcon_ws/install/eyantra_solution:/opt/ros/humble /usr/bin/cmake --install /home/harshit/arm_vla_ws/build/bot_moveit_config[0m
[1.927s] [34mcolcon.colcon_core.environment[0m [1;30mLevel 1[0m create_environment_scripts_only(bot_moveit_config)
[1.927s] [34mcolcon.colcon_core.environment[0m [1;30mLevel 1[0m checking '/home/harshit/arm_vla_ws/install/bot_moveit_config' for CMake module files
[1.927s] [34mcolcon.colcon_core.event_handler.log_command[0m [1;30mDEBUG[0m [32mInvoked command in '/home/harshit/arm_vla_ws/build/bot_moveit_config' returned '0': AMENT_PREFIX_PATH=/home/harshit/arm_vla_ws/install/bot_description:${AMENT_PREFIX_PATH} CMAKE_PREFIX_PATH=/home/harshit/arm_vla_ws/install/bot_description:/home/harshit/colcon_ws/install/ur_simulation_gz:/home/harshit/colcon_ws/install/ur_description:/home/harshit/colcon_ws/install/ur5_control:/home/harshit/colcon_ws/install/linkattacher_msgs:/home/harshit/colcon_ws/install/eyantra_warehouse:/home/harshit/colcon_ws/install/ebot_description:/home/harshit/colcon_ws/install/eyantra_solution:/opt/ros/humble /usr/bin/cmake --install /home/harshit/arm_vla_ws/build/bot_moveit_config[0m
[1.928s] [34mcolcon.colcon_core.environment[0m [1;30mLevel 1[0m checking '/home/harshit/arm_vla_ws/install/bot_moveit_config' for CMake config files
[1.928s] [34mcolcon.colcon_core.shell[0m [1;30mLevel 1[0m create_environment_hook('bot_moveit_config', 'cmake_prefix_path')
[1.928s] [34mcolcon.colcon_core.shell[0m [1;30mINFO[0m Creating environment hook '/home/harshit/arm_vla_ws/install/bot_moveit_config/share/bot_moveit_config/hook/cmake_prefix_path.ps1'
[1.929s] [34mcolcon.colcon_core.shell[0m [1;30mINFO[0m Creating environment descriptor '/home/harshit/arm_vla_ws/install/bot_moveit_config/share/bot_moveit_config/hook/cmake_prefix_path.dsv'
[1.929s] [34mcolcon.colcon_core.shell[0m [1;30mINFO[0m Creating environment hook '/home/harshit/arm_vla_ws/install/bot_moveit_config/share/bot_moveit_config/hook/cmake_prefix_path.sh'
[1.930s] [34mcolcon.colcon_core.environment[0m [1;30mLevel 1[0m checking '/home/harshit/arm_vla_ws/install/bot_moveit_config/bin'
[1.930s] [34mcolcon.colcon_core.environment[0m [1;30mLevel 1[0m checking '/home/harshit/arm_vla_ws/install/bot_moveit_config/lib/pkgconfig/bot_moveit_config.pc'
[1.930s] [34mcolcon.colcon_core.environment[0m [1;30mLevel 1[0m checking '/home/harshit/arm_vla_ws/install/bot_moveit_config/lib/python3.10/site-packages'
[1.930s] [34mcolcon.colcon_core.environment[0m [1;30mLevel 1[0m checking '/home/harshit/arm_vla_ws/install/bot_moveit_config/bin'
[1.930s] [34mcolcon.colcon_core.shell[0m [1;30mINFO[0m Creating package script '/home/harshit/arm_vla_ws/install/bot_moveit_config/share/bot_moveit_config/package.ps1'
[1.931s] [34mcolcon.colcon_core.shell[0m [1;30mINFO[0m Creating package descriptor '/home/harshit/arm_vla_ws/install/bot_moveit_config/share/bot_moveit_config/package.dsv'
[1.931s] [34mcolcon.colcon_core.shell[0m [1;30mINFO[0m Creating package script '/home/harshit/arm_vla_ws/install/bot_moveit_config/share/bot_moveit_config/package.sh'
[1.931s] [34mcolcon.colcon_core.shell[0m [1;30mINFO[0m Creating package script '/home/harshit/arm_vla_ws/install/bot_moveit_config/share/bot_moveit_config/package.bash'
[1.931s] [34mcolcon.colcon_core.shell[0m [1;30mINFO[0m Creating package script '/home/harshit/arm_vla_ws/install/bot_moveit_config/share/bot_moveit_config/package.zsh'
[1.932s] [34mcolcon.colcon_core.environment[0m [1;30mLevel 1[0m create_file_with_runtime_dependencies(/home/harshit/arm_vla_ws/install/bot_moveit_config/share/colcon-core/packages/bot_moveit_config)
[1.932s] [34mcolcon.colcon_core.environment[0m [1;30mLevel 1[0m create_environment_scripts_only(bot_moveit_config)
[1.932s] [34mcolcon.colcon_core.environment[0m [1;30mLevel 1[0m checking '/home/harshit/arm_vla_ws/install/bot_moveit_config' for CMake module files
[1.932s] [34mcolcon.colcon_core.environment[0m [1;30mLevel 1[0m checking '/home/harshit/arm_vla_ws/install/bot_moveit_config' for CMake config files
[1.933s] [34mcolcon.colcon_core.shell[0m [1;30mLevel 1[0m create_environment_hook('bot_moveit_config', 'cmake_prefix_path')
[1.933s] [34mcolcon.colcon_core.shell[0m [1;30mINFO[0m Creating environment hook '/home/harshit/arm_vla_ws/install/bot_moveit_config/share/bot_moveit_config/hook/cmake_prefix_path.ps1'
[1.933s] [34mcolcon.colcon_core.shell[0m [1;30mINFO[0m Creating environment descriptor '/home/harshit/arm_vla_ws/install/bot_moveit_config/share/bot_moveit_config/hook/cmake_prefix_path.dsv'
[1.933s] [34mcolcon.colcon_core.shell[0m [1;30mINFO[0m Creating environment hook '/home/harshit/arm_vla_ws/install/bot_moveit_config/share/bot_moveit_config/hook/cmake_prefix_path.sh'
[1.934s] [34mcolcon.colcon_core.environment[0m [1;30mLevel 1[0m checking '/home/harshit/arm_vla_ws/install/bot_moveit_config/bin'
[1.934s] [34mcolcon.colcon_core.environment[0m [1;30mLevel 1[0m checking '/home/harshit/arm_vla_ws/install/bot_moveit_config/lib/pkgconfig/bot_moveit_config.pc'
[1.934s] [34mcolcon.colcon_core.environment[0m [1;30mLevel 1[0m checking '/home/harshit/arm_vla_ws/install/bot_moveit_config/lib/python3.10/site-packages'
[1.934s] [34mcolcon.colcon_core.environment[0m [1;30mLevel 1[0m checking '/home/harshit/arm_vla_ws/install/bot_moveit_config/bin'
[1.934s] [34mcolcon.colcon_core.shell[0m [1;30mINFO[0m Creating package script '/home/harshit/arm_vla_ws/install/bot_moveit_config/share/bot_moveit_config/package.ps1'
[1.935s] [34mcolcon.colcon_core.shell[0m [1;30mINFO[0m Creating package descriptor '/home/harshit/arm_vla_ws/install/bot_moveit_config/share/bot_moveit_config/package.dsv'
[1.935s] [34mcolcon.colcon_core.shell[0m [1;30mINFO[0m Creating package script '/home/harshit/arm_vla_ws/install/bot_moveit_config/share/bot_moveit_config/package.sh'
[1.935s] [34mcolcon.colcon_core.shell[0m [1;30mINFO[0m Creating package script '/home/harshit/arm_vla_ws/install/bot_moveit_config/share/bot_moveit_config/package.bash'
[1.935s] [34mcolcon.colcon_core.shell[0m [1;30mINFO[0m Creating package script '/home/harshit/arm_vla_ws/install/bot_moveit_config/share/bot_moveit_config/package.zsh'
[1.936s] [34mcolcon.colcon_core.environment[0m [1;30mLevel 1[0m create_file_with_runtime_dependencies(/home/harshit/arm_vla_ws/install/bot_moveit_config/share/colcon-core/packages/bot_moveit_config)
[1.936s] [34mcolcon.colcon_ros.task.ament_python.build[0m [1;30mINFO[0m Building ROS package in '/home/harshit/arm_vla_ws/src/bot_control' with build type 'ament_python'
[1.936s] [34mcolcon.colcon_core.shell[0m [1;30mLevel 1[0m create_environment_hook('bot_control', 'ament_prefix_path')
[1.936s] [34mcolcon.colcon_core.shell[0m [1;30mINFO[0m Creating environment hook '/home/harshit/arm_vla_ws/install/bot_control/share/bot_control/hook/ament_prefix_path.ps1'
[1.937s] [34mcolcon.colcon_core.shell[0m [1;30mINFO[0m Creating environment descriptor '/home/harshit/arm_vla_ws/install/bot_control/share/bot_control/hook/ament_prefix_path.dsv'
[1.937s] [34mcolcon.colcon_core.shell[0m [1;30mINFO[0m Creating environment hook '/home/harshit/arm_vla_ws/install/bot_control/share/bot_control/hook/ament_prefix_path.sh'
[1.937s] [34mcolcon.colcon_core.shell[0m [1;30mINFO[0m Skip shell extension 'powershell' for command environment: Not usable outside of PowerShell
[1.938s] [34mcolcon.colcon_core.shell[0m [1;30mDEBUG[0m [32mSkip shell extension 'dsv' for command environment[0m
[2.168s] [34mcolcon.colcon_ros.task.ament_python.build[0m [1;30mWARNING[0m [33mPackage 'bot_control' doesn't explicitly install a marker in the package index (colcon-ros currently does it implicitly but that fallback will be removed in the future)[0m
[2.169s] [34mcolcon.colcon_core.task.python.build[0m [1;30mINFO[0m Building Python package in '/home/harshit/arm_vla_ws/src/bot_control'
[2.169s] [34mcolcon.colcon_core.shell[0m [1;30mINFO[0m Skip shell extension 'powershell' for command environment: Not usable outside of PowerShell
[2.169s] [34mcolcon.colcon_core.shell[0m [1;30mDEBUG[0m [32mSkip shell extension 'dsv' for command environment[0m
[2.537s] [34mcolcon.colcon_core.event_handler.log_command[0m [1;30mDEBUG[0m [32mInvoking command in '/home/harshit/arm_vla_ws/src/bot_control': AMENT_PREFIX_PATH=/home/harshit/arm_vla_ws/install/bot_moveit_config:/home/harshit/arm_vla_ws/install/bot_description:${AMENT_PREFIX_PATH} CMAKE_PREFIX_PATH=/home/harshit/arm_vla_ws/install/bot_moveit_config:/home/harshit/arm_vla_ws/install/bot_description:${CMAKE_PREFIX_PATH} PYTHONPATH=/home/harshit/arm_vla_ws/build/bot_control/prefix_override:/usr/lib/python3/dist-packages/colcon_core/task/python/colcon_distutils_commands:/home/harshit/arm_vla_ws/install/bot_control/lib/python3.10/site-packages:${PYTHONPATH} /usr/bin/python3 -W ignore:setup.py install is deprecated -W ignore:easy_install command is deprecated setup.py egg_info --egg-base ../../build/bot_control build --build-base /home/harshit/arm_vla_ws/build/bot_control/build install --record /home/harshit/arm_vla_ws/build/bot_control/install.log --single-version-externally-managed install_data[0m
[2.795s] [34mcolcon.colcon_core.environment[0m [1;30mLevel 1[0m checking '/home/harshit/arm_vla_ws/install/bot_control' for CMake module files
[2.795s] [34mcolcon.colcon_core.event_handler.log_command[0m [1;30mDEBUG[0m [32mInvoked command in '/home/harshit/arm_vla_ws/src/bot_control' returned '0': AMENT_PREFIX_PATH=/home/harshit/arm_vla_ws/install/bot_moveit_config:/home/harshit/arm_vla_ws/install/bot_description:${AMENT_PREFIX_PATH} CMAKE_PREFIX_PATH=/home/harshit/arm_vla_ws/install/bot_moveit_config:/home/harshit/arm_vla_ws/install/bot_description:${CMAKE_PREFIX_PATH} PYTHONPATH=/home/harshit/arm_vla_ws/build/bot_control/prefix_override:/usr/lib/python3/dist-packages/colcon_core/task/python/colcon_distutils_commands:/home/harshit/arm_vla_ws/install/bot_control/lib/python3.10/site-packages:${PYTHONPATH} /usr/bin/python3 -W ignore:setup.py install is deprecated -W ignore:easy_install command is deprecated setup.py egg_info --egg-base ../../build/bot_control build --build-base /home/harshit/arm_vla_ws/build/bot_control/build install --record /home/harshit/arm_vla_ws/build/bot_control/install.log --single-version-externally-managed install_data[0m
[2.796s] [34mcolcon.colcon_core.environment[0m [1;30mLevel 1[0m checking '/home/harshit/arm_vla_ws/install/bot_control' for CMake config files
[2.796s] [34mcolcon.colcon_core.environment[0m [1;30mLevel 1[0m checking '/home/harshit/arm_vla_ws/install/bot_control/lib'
[2.796s] [34mcolcon.colcon_core.environment[0m [1;30mLevel 1[0m checking '/home/harshit/arm_vla_ws/install/bot_control/bin'
[2.796s] [34mcolcon.colcon_core.environment[0m [1;30mLevel 1[0m checking '/home/harshit/arm_vla_ws/install/bot_control/lib/pkgconfig/bot_control.pc'
[2.796s] [34mcolcon.colcon_core.environment[0m [1;30mLevel 1[0m checking '/home/harshit/arm_vla_ws/install/bot_control/lib/python3.10/site-packages'
[2.796s] [34mcolcon.colcon_core.shell[0m [1;30mLevel 1[0m create_environment_hook('bot_control', 'pythonpath')
[2.797s] [34mcolcon.colcon_core.shell[0m [1;30mINFO[0m Creating environment hook '/home/harshit/arm_vla_ws/install/bot_control/share/bot_control/hook/pythonpath.ps1'
[2.797s] [34mcolcon.colcon_core.shell[0m [1;30mINFO[0m Creating environment descriptor '/home/harshit/arm_vla_ws/install/bot_control/share/bot_control/hook/pythonpath.dsv'
[2.797s] [34mcolcon.colcon_core.shell[0m [1;30mINFO[0m Creating environment hook '/home/harshit/arm_vla_ws/install/bot_control/share/bot_control/hook/pythonpath.sh'
[2.798s] [34mcolcon.colcon_core.environment[0m [1;30mLevel 1[0m checking '/home/harshit/arm_vla_ws/install/bot_control/bin'
[2.798s] [34mcolcon.colcon_core.environment[0m [1;30mLevel 1[0m create_environment_scripts_only(bot_control)
[2.798s] [34mcolcon.colcon_core.shell[0m [1;30mINFO[0m Creating package script '/home/harshit/arm_vla_ws/install/bot_control/share/bot_control/package.ps1'
[2.798s] [34mcolcon.colcon_core.shell[0m [1;30mINFO[0m Creating package descriptor '/home/harshit/arm_vla_ws/install/bot_control/share/bot_control/package.dsv'
[2.798s] [34mcolcon.colcon_core.shell[0m [1;30mINFO[0m Creating package script '/home/harshit/arm_vla_ws/install/bot_control/share/bot_control/package.sh'
[2.799s] [34mcolcon.colcon_core.shell[0m [1;30mINFO[0m Creating package script '/home/harshit/arm_vla_ws/install/bot_control/share/bot_control/package.bash'
[2.799s] [34mcolcon.colcon_core.shell[0m [1;30mINFO[0m Creating package script '/home/harshit/arm_vla_ws/install/bot_control/share/bot_control/package.zsh'
[2.799s] [34mcolcon.colcon_core.environment[0m [1;30mLevel 1[0m create_file_with_runtime_dependencies(/home/harshit/arm_vla_ws/install/bot_control/share/colcon-core/packages/bot_control)
[2.799s] [34mcolcon.colcon_parallel_executor.executor.parallel[0m [1;30mDEBUG[0m [32mclosing loop[0m
[2.800s] [34mcolcon.colcon_parallel_executor.executor.parallel[0m [1;30mDEBUG[0m [32mloop closed[0m
[2.800s] [34mcolcon.colcon_parallel_executor.executor.parallel[0m [1;30mDEBUG[0m [32mrun_until_complete finished with '0'[0m
[2.800s] [34mcolcon.colcon_core.event_reactor[0m [1;30mDEBUG[0m [32mjoining thread[0m
[2.804s] [34mcolcon.colcon_core.plugin_system[0m [1;30mINFO[0m Skipping extension 'colcon_notification.desktop_notification.terminal_notifier': Not used on non-Darwin systems
[2.804s] [34mcolcon.colcon_core.plugin_system[0m [1;30mINFO[0m Skipping extension 'colcon_notification.desktop_notification.win32': Not used on non-Windows systems
[2.804s] [34mcolcon.colcon_notification.desktop_notification[0m [1;30mINFO[0m Sending desktop notification using 'notify2'
[2.814s] [34mcolcon.colcon_core.event_reactor[0m [1;30mDEBUG[0m [32mjoined thread[0m
[2.814s] [34mcolcon.colcon_core.shell[0m [1;30mINFO[0m Creating prefix script '/home/harshit/arm_vla_ws/install/local_setup.ps1'
[2.815s] [34mcolcon.colcon_core.shell[0m [1;30mINFO[0m Creating prefix util module '/home/harshit/arm_vla_ws/install/_local_setup_util_ps1.py'
[2.816s] [34mcolcon.colcon_core.shell[0m [1;30mINFO[0m Creating prefix chain script '/home/harshit/arm_vla_ws/install/setup.ps1'
[2.817s] [34mcolcon.colcon_core.shell[0m [1;30mINFO[0m Creating prefix script '/home/harshit/arm_vla_ws/install/local_setup.sh'
[2.817s] [34mcolcon.colcon_core.shell[0m [1;30mINFO[0m Creating prefix util module '/home/harshit/arm_vla_ws/install/_local_setup_util_sh.py'
[2.818s] [34mcolcon.colcon_core.shell[0m [1;30mINFO[0m Creating prefix chain script '/home/harshit/arm_vla_ws/install/setup.sh'
[2.819s] [34mcolcon.colcon_core.shell[0m [1;30mINFO[0m Creating prefix script '/home/harshit/arm_vla_ws/install/local_setup.bash'
[2.819s] [34mcolcon.colcon_core.shell[0m [1;30mINFO[0m Creating prefix chain script '/home/harshit/arm_vla_ws/install/setup.bash'
[2.820s] [34mcolcon.colcon_core.shell[0m [1;30mINFO[0m Creating prefix script '/home/harshit/arm_vla_ws/install/local_setup.zsh'
[2.820s] [34mcolcon.colcon_core.shell[0m [1;30mINFO[0m Creating prefix chain script '/home/harshit/arm_vla_ws/install/setup.zsh'
