-- Install configuration: ""
-- Up-to-date: /home/harshit/arm_vla_ws/install/bot_description/share/bot_description/config
-- Installing: /home/harshit/arm_vla_ws/install/bot_description/share/bot_description/config/initial_positions.yaml
-- Up-to-date: /home/harshit/arm_vla_ws/install/bot_description/share/bot_description/launch
-- Up-to-date: /home/harshit/arm_vla_ws/install/bot_description/share/bot_description/launch/description_launch.py
-- Up-to-date: /home/harshit/arm_vla_ws/install/bot_description/share/bot_description/launch/robot_state_publisher_launch.py
-- Up-to-date: /home/harshit/arm_vla_ws/install/bot_description/share/bot_description/meshes
-- Up-to-date: /home/harshit/arm_vla_ws/install/bot_description/share/bot_description/meshes/lower_arm.stl
-- Up-to-date: /home/harshit/arm_vla_ws/install/bot_description/share/bot_description/meshes/wrist.stl
-- Up-to-date: /home/harshit/arm_vla_ws/install/bot_description/share/bot_description/meshes/left_claw.stl
-- Up-to-date: /home/harshit/arm_vla_ws/install/bot_description/share/bot_description/meshes/claw_base.stl
-- Up-to-date: /home/harshit/arm_vla_ws/install/bot_description/share/bot_description/meshes/right_claw.stl
-- Up-to-date: /home/harshit/arm_vla_ws/install/bot_description/share/bot_description/meshes/base_cylinder.stl
-- Up-to-date: /home/harshit/arm_vla_ws/install/bot_description/share/bot_description/meshes/upper_arm.stl
-- Up-to-date: /home/harshit/arm_vla_ws/install/bot_description/share/bot_description/meshes/top_plate.stl
-- Up-to-date: /home/harshit/arm_vla_ws/install/bot_description/share/bot_description/meshes/d415.dae
-- Up-to-date: /home/harshit/arm_vla_ws/install/bot_description/share/bot_description/urdf
-- Up-to-date: /home/harshit/arm_vla_ws/install/bot_description/share/bot_description/urdf/bot.urdf.xacro
-- Up-to-date: /home/harshit/arm_vla_ws/install/bot_description/share/bot_description/urdf/bot_core.xacro
-- Up-to-date: /home/harshit/arm_vla_ws/install/bot_description/share/bot_description/urdf/bot.ros2_control.xacro
-- Up-to-date: /home/harshit/arm_vla_ws/install/bot_description/share/bot_description/urdf/bot_gz.urdf
-- Up-to-date: /home/harshit/arm_vla_ws/install/bot_description/share/bot_description/urdf/real_cobot.urdf.xacro
-- Up-to-date: /home/harshit/arm_vla_ws/install/bot_description/share/bot_description/urdf/bot_gz.urdf.xacro
-- Up-to-date: /home/harshit/arm_vla_ws/install/bot_description/share/bot_description/urdf/end_effector_camera.xacro
-- Up-to-date: /home/harshit/arm_vla_ws/install/bot_description/share/bot_description/urdf/bot_tf_camera.xacro
-- Up-to-date: /home/harshit/arm_vla_ws/install/bot_description/share/bot_description/urdf/inertial_macros.xacro
-- Up-to-date: /home/harshit/arm_vla_ws/install/bot_description/share/bot_description/rviz
-- Up-to-date: /home/harshit/arm_vla_ws/install/bot_description/share/bot_description/rviz/description.rviz
-- Up-to-date: /home/harshit/arm_vla_ws/install/bot_description/share/ament_index/resource_index/package_run_dependencies/bot_description
-- Up-to-date: /home/harshit/arm_vla_ws/install/bot_description/share/ament_index/resource_index/parent_prefix_path/bot_description
-- Up-to-date: /home/harshit/arm_vla_ws/install/bot_description/share/bot_description/environment/ament_prefix_path.sh
-- Up-to-date: /home/harshit/arm_vla_ws/install/bot_description/share/bot_description/environment/ament_prefix_path.dsv
-- Up-to-date: /home/harshit/arm_vla_ws/install/bot_description/share/bot_description/environment/path.sh
-- Up-to-date: /home/harshit/arm_vla_ws/install/bot_description/share/bot_description/environment/path.dsv
-- Up-to-date: /home/harshit/arm_vla_ws/install/bot_description/share/bot_description/local_setup.bash
-- Up-to-date: /home/harshit/arm_vla_ws/install/bot_description/share/bot_description/local_setup.sh
-- Up-to-date: /home/harshit/arm_vla_ws/install/bot_description/share/bot_description/local_setup.zsh
-- Up-to-date: /home/harshit/arm_vla_ws/install/bot_description/share/bot_description/local_setup.dsv
-- Installing: /home/harshit/arm_vla_ws/install/bot_description/share/bot_description/package.dsv
-- Up-to-date: /home/harshit/arm_vla_ws/install/bot_description/share/ament_index/resource_index/packages/bot_description
-- Up-to-date: /home/harshit/arm_vla_ws/install/bot_description/share/bot_description/cmake/bot_descriptionConfig.cmake
-- Up-to-date: /home/harshit/arm_vla_ws/install/bot_description/share/bot_description/cmake/bot_descriptionConfig-version.cmake
-- Up-to-date: /home/harshit/arm_vla_ws/install/bot_description/share/bot_description/package.xml
