[0.023s] Invoking command in '/home/harshit/arm_vla_ws/build/akabot_gazebo': CMAKE_PREFIX_PATH=${CMAKE_PREFIX_PATH}:/home/harshit/colcon_ws/install/eyantra_solution:/opt/ros/humble /usr/bin/cmake /home/harshit/arm_vla_ws/src/akabot_gazebo -DCMAKE_INSTALL_PREFIX=/home/harshit/arm_vla_ws/install/akabot_gazebo
[0.113s] -- The C compiler identification is GNU 11.4.0
[0.193s] -- The CXX compiler identification is GNU 11.4.0
[0.204s] -- Detecting C compiler ABI info
[0.290s] -- Detecting C compiler ABI info - done
[0.298s] -- Check for working C compiler: /usr/bin/cc - skipped
[0.298s] -- Detecting C compile features
[0.299s] -- Detecting C compile features - done
[0.303s] -- Detecting CXX compiler ABI info
[0.401s] -- Detecting CXX compiler ABI info - done
[0.409s] -- Check for working CXX compiler: /usr/bin/c++ - skipped
[0.410s] -- Detecting CXX compile features
[0.410s] -- Detecting CXX compile features - done
[0.420s] -- Found ament_cmake: 1.3.12 (/opt/ros/humble/share/ament_cmake/cmake)
[0.556s] -- Found Python3: /usr/bin/python3 (found version "3.10.12") found components: Interpreter 
[0.658s] -- Found urdf: 2.6.1 (/opt/ros/humble/share/urdf/cmake)
[0.779s] -- Configuring done
[0.782s] -- Generating done
[0.784s] -- Build files have been written to: /home/harshit/arm_vla_ws/build/akabot_gazebo
[0.796s] Invoked command in '/home/harshit/arm_vla_ws/build/akabot_gazebo' returned '0': CMAKE_PREFIX_PATH=${CMAKE_PREFIX_PATH}:/home/harshit/colcon_ws/install/eyantra_solution:/opt/ros/humble /usr/bin/cmake /home/harshit/arm_vla_ws/src/akabot_gazebo -DCMAKE_INSTALL_PREFIX=/home/harshit/arm_vla_ws/install/akabot_gazebo
[0.798s] Invoking command in '/home/harshit/arm_vla_ws/build/akabot_gazebo': CMAKE_PREFIX_PATH=${CMAKE_PREFIX_PATH}:/home/harshit/colcon_ws/install/eyantra_solution:/opt/ros/humble /usr/bin/cmake --build /home/harshit/arm_vla_ws/build/akabot_gazebo -- -j8 -l8
[0.837s] Invoked command in '/home/harshit/arm_vla_ws/build/akabot_gazebo' returned '0': CMAKE_PREFIX_PATH=${CMAKE_PREFIX_PATH}:/home/harshit/colcon_ws/install/eyantra_solution:/opt/ros/humble /usr/bin/cmake --build /home/harshit/arm_vla_ws/build/akabot_gazebo -- -j8 -l8
[0.838s] Invoking command in '/home/harshit/arm_vla_ws/build/akabot_gazebo': CMAKE_PREFIX_PATH=${CMAKE_PREFIX_PATH}:/home/harshit/colcon_ws/install/eyantra_solution:/opt/ros/humble /usr/bin/cmake --install /home/harshit/arm_vla_ws/build/akabot_gazebo
[0.845s] -- Install configuration: ""
[0.845s] -- Installing: /home/harshit/arm_vla_ws/install/akabot_gazebo/share/akabot_gazebo/config
[0.845s] -- Installing: /home/harshit/arm_vla_ws/install/akabot_gazebo/share/akabot_gazebo/config/akabot_bridge.yaml
[0.845s] -- Installing: /home/harshit/arm_vla_ws/install/akabot_gazebo/share/akabot_gazebo/launch
[0.846s] -- Installing: /home/harshit/arm_vla_ws/install/akabot_gazebo/share/akabot_gazebo/launch/gz_launch.py
[0.846s] -- Installing: /home/harshit/arm_vla_ws/install/akabot_gazebo/share/akabot_gazebo/worlds
[0.846s] -- Installing: /home/harshit/arm_vla_ws/install/akabot_gazebo/share/akabot_gazebo/worlds/pick_and_place.world
[0.848s] -- Installing: /home/harshit/arm_vla_ws/install/akabot_gazebo/share/akabot_gazebo/worlds/test.world
[0.848s] -- Installing: /home/harshit/arm_vla_ws/install/akabot_gazebo/share/ament_index/resource_index/package_run_dependencies/akabot_gazebo
[0.848s] -- Installing: /home/harshit/arm_vla_ws/install/akabot_gazebo/share/ament_index/resource_index/parent_prefix_path/akabot_gazebo
[0.848s] -- Installing: /home/harshit/arm_vla_ws/install/akabot_gazebo/share/akabot_gazebo/environment/ament_prefix_path.sh
[0.848s] -- Installing: /home/harshit/arm_vla_ws/install/akabot_gazebo/share/akabot_gazebo/environment/ament_prefix_path.dsv
[0.848s] -- Installing: /home/harshit/arm_vla_ws/install/akabot_gazebo/share/akabot_gazebo/environment/path.sh
[0.848s] -- Installing: /home/harshit/arm_vla_ws/install/akabot_gazebo/share/akabot_gazebo/environment/path.dsv
[0.848s] -- Installing: /home/harshit/arm_vla_ws/install/akabot_gazebo/share/akabot_gazebo/local_setup.bash
[0.848s] -- Installing: /home/harshit/arm_vla_ws/install/akabot_gazebo/share/akabot_gazebo/local_setup.sh
[0.849s] -- Installing: /home/harshit/arm_vla_ws/install/akabot_gazebo/share/akabot_gazebo/local_setup.zsh
[0.849s] -- Installing: /home/harshit/arm_vla_ws/install/akabot_gazebo/share/akabot_gazebo/local_setup.dsv
[0.849s] -- Installing: /home/harshit/arm_vla_ws/install/akabot_gazebo/share/akabot_gazebo/package.dsv
[0.849s] -- Installing: /home/harshit/arm_vla_ws/install/akabot_gazebo/share/ament_index/resource_index/packages/akabot_gazebo
[0.849s] -- Installing: /home/harshit/arm_vla_ws/install/akabot_gazebo/share/akabot_gazebo/cmake/akabot_gazeboConfig.cmake
[0.849s] -- Installing: /home/harshit/arm_vla_ws/install/akabot_gazebo/share/akabot_gazebo/cmake/akabot_gazeboConfig-version.cmake
[0.849s] -- Installing: /home/harshit/arm_vla_ws/install/akabot_gazebo/share/akabot_gazebo/package.xml
[0.851s] Invoked command in '/home/harshit/arm_vla_ws/build/akabot_gazebo' returned '0': CMAKE_PREFIX_PATH=${CMAKE_PREFIX_PATH}:/home/harshit/colcon_ws/install/eyantra_solution:/opt/ros/humble /usr/bin/cmake --install /home/harshit/arm_vla_ws/build/akabot_gazebo
