[0.670s] Invoking command in '/home/harshit/arm_vla_ws/src/arm_vla_pkg': PYTHONPATH=/home/harshit/arm_vla_ws/build/arm_vla_pkg/prefix_override:/usr/lib/python3/dist-packages/colcon_core/task/python/colcon_distutils_commands:/home/harshit/arm_vla_ws/install/arm_vla_pkg/lib/python3.10/site-packages:${PYTHONPATH} /usr/bin/python3 -W ignore:setup.py install is deprecated -W ignore:easy_install command is deprecated setup.py egg_info --egg-base ../../build/arm_vla_pkg build --build-base /home/harshit/arm_vla_ws/build/arm_vla_pkg/build install --record /home/harshit/arm_vla_ws/build/arm_vla_pkg/install.log --single-version-externally-managed install_data
[0.864s] running egg_info
[0.864s] writing ../../build/arm_vla_pkg/arm_vla_pkg.egg-info/PKG-INFO
[0.864s] writing dependency_links to ../../build/arm_vla_pkg/arm_vla_pkg.egg-info/dependency_links.txt
[0.864s] writing entry points to ../../build/arm_vla_pkg/arm_vla_pkg.egg-info/entry_points.txt
[0.865s] writing requirements to ../../build/arm_vla_pkg/arm_vla_pkg.egg-info/requires.txt
[0.865s] writing top-level names to ../../build/arm_vla_pkg/arm_vla_pkg.egg-info/top_level.txt
[0.866s] reading manifest file '../../build/arm_vla_pkg/arm_vla_pkg.egg-info/SOURCES.txt'
[0.867s] writing manifest file '../../build/arm_vla_pkg/arm_vla_pkg.egg-info/SOURCES.txt'
[0.867s] running build
[0.867s] running build_py
[0.867s] copying arm_vla_pkg/nodes/action_node.py -> /home/harshit/arm_vla_ws/build/arm_vla_pkg/build/lib/arm_vla_pkg/nodes
[0.868s] running install
[0.868s] running install_lib
[0.869s] copying /home/harshit/arm_vla_ws/build/arm_vla_pkg/build/lib/arm_vla_pkg/nodes/action_node.py -> /home/harshit/arm_vla_ws/install/arm_vla_pkg/lib/python3.10/site-packages/arm_vla_pkg/nodes
[0.869s] byte-compiling /home/harshit/arm_vla_ws/install/arm_vla_pkg/lib/python3.10/site-packages/arm_vla_pkg/nodes/action_node.py to action_node.cpython-310.pyc
[0.872s] running install_data
[0.872s] running install_egg_info
[0.874s] removing '/home/harshit/arm_vla_ws/install/arm_vla_pkg/lib/python3.10/site-packages/arm_vla_pkg-0.1.0-py3.10.egg-info' (and everything under it)
[0.874s] Copying ../../build/arm_vla_pkg/arm_vla_pkg.egg-info to /home/harshit/arm_vla_ws/install/arm_vla_pkg/lib/python3.10/site-packages/arm_vla_pkg-0.1.0-py3.10.egg-info
[0.875s] running install_scripts
[0.892s] Installing action_node script to /home/harshit/arm_vla_ws/install/arm_vla_pkg/lib/arm_vla_pkg
[0.892s] Installing brain_node script to /home/harshit/arm_vla_ws/install/arm_vla_pkg/lib/arm_vla_pkg
[0.892s] Installing speech_node script to /home/harshit/arm_vla_ws/install/arm_vla_pkg/lib/arm_vla_pkg
[0.892s] Installing vision_node script to /home/harshit/arm_vla_ws/install/arm_vla_pkg/lib/arm_vla_pkg
[0.893s] writing list of installed files to '/home/harshit/arm_vla_ws/build/arm_vla_pkg/install.log'
[0.936s] Invoked command in '/home/harshit/arm_vla_ws/src/arm_vla_pkg' returned '0': PYTHONPATH=/home/harshit/arm_vla_ws/build/arm_vla_pkg/prefix_override:/usr/lib/python3/dist-packages/colcon_core/task/python/colcon_distutils_commands:/home/harshit/arm_vla_ws/install/arm_vla_pkg/lib/python3.10/site-packages:${PYTHONPATH} /usr/bin/python3 -W ignore:setup.py install is deprecated -W ignore:easy_install command is deprecated setup.py egg_info --egg-base ../../build/arm_vla_pkg build --build-base /home/harshit/arm_vla_ws/build/arm_vla_pkg/build install --record /home/harshit/arm_vla_ws/build/arm_vla_pkg/install.log --single-version-externally-managed install_data
