[0.355s] Invoking command in '/home/harshit/arm_vla_ws/build/bot_gazebo': CMAKE_PREFIX_PATH=${CMAKE_PREFIX_PATH}:/home/harshit/colcon_ws/install/eyantra_solution:/opt/ros/humble /usr/bin/cmake /home/harshit/arm_vla_ws/src/bot_gazebo -DCMAKE_INSTALL_PREFIX=/home/harshit/arm_vla_ws/install/bot_gazebo
[0.423s] -- The C compiler identification is GNU 11.4.0
[0.477s] -- The CXX compiler identification is GNU 11.4.0
[0.483s] -- Detecting C compiler ABI info
[0.546s] -- Detecting C compiler ABI info - done
[0.552s] -- Check for working C compiler: /usr/bin/cc - skipped
[0.552s] -- Detecting C compile features
[0.552s] -- Detecting C compile features - done
[0.554s] -- Detecting CXX compiler ABI info
[0.626s] -- Detecting CXX compiler ABI info - done
[0.631s] -- Check for working CXX compiler: /usr/bin/c++ - skipped
[0.632s] -- Detecting CXX compile features
[0.632s] -- Detecting CXX compile features - done
[0.635s] -- Found ament_cmake: 1.3.12 (/opt/ros/humble/share/ament_cmake/cmake)
[0.775s] -- Found Python3: /usr/bin/python3 (found version "3.10.12") found components: Interpreter 
[0.871s] -- Found urdf: 2.6.1 (/opt/ros/humble/share/urdf/cmake)
[0.984s] -- Configuring done
[0.986s] -- Generating done
[0.988s] -- Build files have been written to: /home/harshit/arm_vla_ws/build/bot_gazebo
[0.994s] Invoked command in '/home/harshit/arm_vla_ws/build/bot_gazebo' returned '0': CMAKE_PREFIX_PATH=${CMAKE_PREFIX_PATH}:/home/harshit/colcon_ws/install/eyantra_solution:/opt/ros/humble /usr/bin/cmake /home/harshit/arm_vla_ws/src/bot_gazebo -DCMAKE_INSTALL_PREFIX=/home/harshit/arm_vla_ws/install/bot_gazebo
[0.995s] Invoking command in '/home/harshit/arm_vla_ws/build/bot_gazebo': CMAKE_PREFIX_PATH=${CMAKE_PREFIX_PATH}:/home/harshit/colcon_ws/install/eyantra_solution:/opt/ros/humble /usr/bin/cmake --build /home/harshit/arm_vla_ws/build/bot_gazebo -- -j8 -l8
[1.034s] Invoked command in '/home/harshit/arm_vla_ws/build/bot_gazebo' returned '0': CMAKE_PREFIX_PATH=${CMAKE_PREFIX_PATH}:/home/harshit/colcon_ws/install/eyantra_solution:/opt/ros/humble /usr/bin/cmake --build /home/harshit/arm_vla_ws/build/bot_gazebo -- -j8 -l8
[1.036s] Invoking command in '/home/harshit/arm_vla_ws/build/bot_gazebo': CMAKE_PREFIX_PATH=${CMAKE_PREFIX_PATH}:/home/harshit/colcon_ws/install/eyantra_solution:/opt/ros/humble /usr/bin/cmake --install /home/harshit/arm_vla_ws/build/bot_gazebo
[1.043s] -- Install configuration: ""
[1.043s] -- Installing: /home/harshit/arm_vla_ws/install/bot_gazebo/share/bot_gazebo/config
[1.043s] -- Installing: /home/harshit/arm_vla_ws/install/bot_gazebo/share/bot_gazebo/config/bot_bridge.yaml
[1.043s] -- Installing: /home/harshit/arm_vla_ws/install/bot_gazebo/share/bot_gazebo/launch
[1.043s] -- Installing: /home/harshit/arm_vla_ws/install/bot_gazebo/share/bot_gazebo/launch/gz_launch.py
[1.043s] -- Installing: /home/harshit/arm_vla_ws/install/bot_gazebo/share/bot_gazebo/worlds
[1.043s] -- Installing: /home/harshit/arm_vla_ws/install/bot_gazebo/share/bot_gazebo/worlds/pick_and_place_balls.world
[1.044s] -- Installing: /home/harshit/arm_vla_ws/install/bot_gazebo/share/ament_index/resource_index/package_run_dependencies/bot_gazebo
[1.044s] -- Installing: /home/harshit/arm_vla_ws/install/bot_gazebo/share/ament_index/resource_index/parent_prefix_path/bot_gazebo
[1.044s] -- Installing: /home/harshit/arm_vla_ws/install/bot_gazebo/share/bot_gazebo/environment/ament_prefix_path.sh
[1.044s] -- Installing: /home/harshit/arm_vla_ws/install/bot_gazebo/share/bot_gazebo/environment/ament_prefix_path.dsv
[1.044s] -- Installing: /home/harshit/arm_vla_ws/install/bot_gazebo/share/bot_gazebo/environment/path.sh
[1.044s] -- Installing: /home/harshit/arm_vla_ws/install/bot_gazebo/share/bot_gazebo/environment/path.dsv
[1.045s] -- Installing: /home/harshit/arm_vla_ws/install/bot_gazebo/share/bot_gazebo/local_setup.bash
[1.045s] -- Installing: /home/harshit/arm_vla_ws/install/bot_gazebo/share/bot_gazebo/local_setup.sh
[1.045s] -- Installing: /home/harshit/arm_vla_ws/install/bot_gazebo/share/bot_gazebo/local_setup.zsh
[1.045s] -- Installing: /home/harshit/arm_vla_ws/install/bot_gazebo/share/bot_gazebo/local_setup.dsv
[1.045s] -- Installing: /home/harshit/arm_vla_ws/install/bot_gazebo/share/bot_gazebo/package.dsv
[1.045s] -- Installing: /home/harshit/arm_vla_ws/install/bot_gazebo/share/ament_index/resource_index/packages/bot_gazebo
[1.045s] -- Installing: /home/harshit/arm_vla_ws/install/bot_gazebo/share/bot_gazebo/cmake/bot_gazeboConfig.cmake
[1.045s] -- Installing: /home/harshit/arm_vla_ws/install/bot_gazebo/share/bot_gazebo/cmake/bot_gazeboConfig-version.cmake
[1.046s] -- Installing: /home/harshit/arm_vla_ws/install/bot_gazebo/share/bot_gazebo/package.xml
[1.048s] Invoked command in '/home/harshit/arm_vla_ws/build/bot_gazebo' returned '0': CMAKE_PREFIX_PATH=${CMAKE_PREFIX_PATH}:/home/harshit/colcon_ws/install/eyantra_solution:/opt/ros/humble /usr/bin/cmake --install /home/harshit/arm_vla_ws/build/bot_gazebo
