[0.019s] Invoking command in '/home/harshit/arm_vla_ws/build/bot_moveit_config': CMAKE_PREFIX_PATH=/home/harshit/arm_vla_ws/install/bot_description:/home/harshit/arm_vla_ws/install/bot_moveit_config:/home/harshit/arm_vla_ws/install/bot_gazebo:/home/harshit/colcon_ws/install/ur_simulation_gz:/home/harshit/colcon_ws/install/ur_description:/home/harshit/colcon_ws/install/ur5_control:/home/harshit/colcon_ws/install/linkattacher_msgs:/home/harshit/colcon_ws/install/eyantra_warehouse:/home/harshit/colcon_ws/install/ebot_description:/home/harshit/arm_vla_ws/install/bot_control:/home/harshit/arm_vla_ws/install/arm_vla_pkg:/home/harshit/colcon_ws/install/eyantra_solution:/opt/ros/humble /usr/bin/cmake --build /home/harshit/arm_vla_ws/build/bot_moveit_config -- -j8 -l8
[0.084s] Invoked command in '/home/harshit/arm_vla_ws/build/bot_moveit_config' returned '0': CMAKE_PREFIX_PATH=/home/harshit/arm_vla_ws/install/bot_description:/home/harshit/arm_vla_ws/install/bot_moveit_config:/home/harshit/arm_vla_ws/install/bot_gazebo:/home/harshit/colcon_ws/install/ur_simulation_gz:/home/harshit/colcon_ws/install/ur_description:/home/harshit/colcon_ws/install/ur5_control:/home/harshit/colcon_ws/install/linkattacher_msgs:/home/harshit/colcon_ws/install/eyantra_warehouse:/home/harshit/colcon_ws/install/ebot_description:/home/harshit/arm_vla_ws/install/bot_control:/home/harshit/arm_vla_ws/install/arm_vla_pkg:/home/harshit/colcon_ws/install/eyantra_solution:/opt/ros/humble /usr/bin/cmake --build /home/harshit/arm_vla_ws/build/bot_moveit_config -- -j8 -l8
[0.090s] Invoking command in '/home/harshit/arm_vla_ws/build/bot_moveit_config': CMAKE_PREFIX_PATH=/home/harshit/arm_vla_ws/install/bot_description:/home/harshit/arm_vla_ws/install/bot_moveit_config:/home/harshit/arm_vla_ws/install/bot_gazebo:/home/harshit/colcon_ws/install/ur_simulation_gz:/home/harshit/colcon_ws/install/ur_description:/home/harshit/colcon_ws/install/ur5_control:/home/harshit/colcon_ws/install/linkattacher_msgs:/home/harshit/colcon_ws/install/eyantra_warehouse:/home/harshit/colcon_ws/install/ebot_description:/home/harshit/arm_vla_ws/install/bot_control:/home/harshit/arm_vla_ws/install/arm_vla_pkg:/home/harshit/colcon_ws/install/eyantra_solution:/opt/ros/humble /usr/bin/cmake --install /home/harshit/arm_vla_ws/build/bot_moveit_config
[0.104s] -- Install configuration: ""
[0.104s] -- Up-to-date: /home/harshit/arm_vla_ws/install/bot_moveit_config/share/ament_index/resource_index/package_run_dependencies/bot_moveit_config
[0.104s] -- Up-to-date: /home/harshit/arm_vla_ws/install/bot_moveit_config/share/ament_index/resource_index/parent_prefix_path/bot_moveit_config
[0.104s] -- Up-to-date: /home/harshit/arm_vla_ws/install/bot_moveit_config/share/bot_moveit_config/environment/ament_prefix_path.sh
[0.105s] -- Up-to-date: /home/harshit/arm_vla_ws/install/bot_moveit_config/share/bot_moveit_config/environment/ament_prefix_path.dsv
[0.105s] -- Up-to-date: /home/harshit/arm_vla_ws/install/bot_moveit_config/share/bot_moveit_config/environment/path.sh
[0.105s] -- Up-to-date: /home/harshit/arm_vla_ws/install/bot_moveit_config/share/bot_moveit_config/environment/path.dsv
[0.105s] -- Up-to-date: /home/harshit/arm_vla_ws/install/bot_moveit_config/share/bot_moveit_config/local_setup.bash
[0.105s] -- Up-to-date: /home/harshit/arm_vla_ws/install/bot_moveit_config/share/bot_moveit_config/local_setup.sh
[0.105s] -- Up-to-date: /home/harshit/arm_vla_ws/install/bot_moveit_config/share/bot_moveit_config/local_setup.zsh
[0.105s] -- Up-to-date: /home/harshit/arm_vla_ws/install/bot_moveit_config/share/bot_moveit_config/local_setup.dsv
[0.105s] -- Installing: /home/harshit/arm_vla_ws/install/bot_moveit_config/share/bot_moveit_config/package.dsv
[0.105s] -- Up-to-date: /home/harshit/arm_vla_ws/install/bot_moveit_config/share/ament_index/resource_index/packages/bot_moveit_config
[0.105s] -- Up-to-date: /home/harshit/arm_vla_ws/install/bot_moveit_config/share/bot_moveit_config/cmake/bot_moveit_configConfig.cmake
[0.105s] -- Up-to-date: /home/harshit/arm_vla_ws/install/bot_moveit_config/share/bot_moveit_config/cmake/bot_moveit_configConfig-version.cmake
[0.105s] -- Up-to-date: /home/harshit/arm_vla_ws/install/bot_moveit_config/share/bot_moveit_config/package.xml
[0.106s] -- Up-to-date: /home/harshit/arm_vla_ws/install/bot_moveit_config/share/bot_moveit_config/config
[0.106s] -- Up-to-date: /home/harshit/arm_vla_ws/install/bot_moveit_config/share/bot_moveit_config/config/joint_limits.yaml
[0.108s] -- Up-to-date: /home/harshit/arm_vla_ws/install/bot_moveit_config/share/bot_moveit_config/config/bot.srdf
[0.109s] -- Up-to-date: /home/harshit/arm_vla_ws/install/bot_moveit_config/share/bot_moveit_config/config/kinematics.yaml
[0.109s] -- Up-to-date: /home/harshit/arm_vla_ws/install/bot_moveit_config/share/bot_moveit_config/config/moveit_controllers.yaml
[0.109s] -- Up-to-date: /home/harshit/arm_vla_ws/install/bot_moveit_config/share/bot_moveit_config/config/ompl_planning.yaml
[0.109s] -- Up-to-date: /home/harshit/arm_vla_ws/install/bot_moveit_config/share/bot_moveit_config/launch
[0.109s] -- Up-to-date: /home/harshit/arm_vla_ws/install/bot_moveit_config/share/bot_moveit_config/launch/demo.launch.py
[0.109s] -- Up-to-date: /home/harshit/arm_vla_ws/install/bot_moveit_config/share/bot_moveit_config/launch/moveit_rviz.launch.py
[0.109s] -- Up-to-date: /home/harshit/arm_vla_ws/install/bot_moveit_config/share/bot_moveit_config/rviz
[0.109s] -- Up-to-date: /home/harshit/arm_vla_ws/install/bot_moveit_config/share/bot_moveit_config/rviz/moveit.rviz
[0.109s] -- Up-to-date: /home/harshit/arm_vla_ws/install/bot_moveit_config/share/bot_moveit_config/srdf
[0.110s] -- Up-to-date: /home/harshit/arm_vla_ws/install/bot_moveit_config/share/bot_moveit_config/srdf/bot.srdf
[0.110s] -- Up-to-date: /home/harshit/arm_vla_ws/install/bot_moveit_config/share/bot_moveit_config/.setup_assistant
[0.110s] Invoked command in '/home/harshit/arm_vla_ws/build/bot_moveit_config' returned '0': CMAKE_PREFIX_PATH=/home/harshit/arm_vla_ws/install/bot_description:/home/harshit/arm_vla_ws/install/bot_moveit_config:/home/harshit/arm_vla_ws/install/bot_gazebo:/home/harshit/colcon_ws/install/ur_simulation_gz:/home/harshit/colcon_ws/install/ur_description:/home/harshit/colcon_ws/install/ur5_control:/home/harshit/colcon_ws/install/linkattacher_msgs:/home/harshit/colcon_ws/install/eyantra_warehouse:/home/harshit/colcon_ws/install/ebot_description:/home/harshit/arm_vla_ws/install/bot_control:/home/harshit/arm_vla_ws/install/arm_vla_pkg:/home/harshit/colcon_ws/install/eyantra_solution:/opt/ros/humble /usr/bin/cmake --install /home/harshit/arm_vla_ws/build/bot_moveit_config
