[0.012s] Invoking command in '/home/harshit/arm_vla_ws/build/akabot_moveit_config': CMAKE_PREFIX_PATH=/home/harshit/arm_vla_ws/install/akabot_description:/home/harshit/arm_vla_ws/install/akabot_moveit_config:/home/harshit/arm_vla_ws/install/akabot_gazebo:/home/harshit/arm_vla_ws/install/akabot_bringup:/home/harshit/arm_vla_ws/install/arm_vla_pkg:/home/harshit/arm_vla_ws/install/akabot_control:/opt/ros/humble /usr/bin/cmake /home/harshit/arm_vla_ws/src/akabot_moveit_config -DCMAKE_INSTALL_PREFIX=/home/harshit/arm_vla_ws/install/akabot_moveit_config
[0.061s] -- The C compiler identification is GNU 11.4.0
[0.107s] -- The CXX compiler identification is GNU 11.4.0
[0.113s] -- Detecting C compiler ABI info
[0.175s] -- Detecting C compiler ABI info - done
[0.182s] -- Check for working C compiler: /usr/bin/cc - skipped
[0.182s] -- Detecting C compile features
[0.182s] -- Detecting C compile features - done
[0.184s] -- Detecting CXX compiler ABI info
[0.255s] -- Detecting CXX compiler ABI info - done
[0.260s] -- Check for working CXX compiler: /usr/bin/c++ - skipped
[0.260s] -- Detecting CXX compile features
[0.261s] -- Detecting CXX compile features - done
[0.263s] -- Found ament_cmake: 1.3.12 (/opt/ros/humble/share/ament_cmake/cmake)
[0.386s] -- Found Python3: /usr/bin/python3 (found version "3.10.12") found components: Interpreter 
[0.514s] -- Configuring done
[0.517s] -- Generating done
[0.518s] -- Build files have been written to: /home/harshit/arm_vla_ws/build/akabot_moveit_config
[0.523s] Invoked command in '/home/harshit/arm_vla_ws/build/akabot_moveit_config' returned '0': CMAKE_PREFIX_PATH=/home/harshit/arm_vla_ws/install/akabot_description:/home/harshit/arm_vla_ws/install/akabot_moveit_config:/home/harshit/arm_vla_ws/install/akabot_gazebo:/home/harshit/arm_vla_ws/install/akabot_bringup:/home/harshit/arm_vla_ws/install/arm_vla_pkg:/home/harshit/arm_vla_ws/install/akabot_control:/opt/ros/humble /usr/bin/cmake /home/harshit/arm_vla_ws/src/akabot_moveit_config -DCMAKE_INSTALL_PREFIX=/home/harshit/arm_vla_ws/install/akabot_moveit_config
[0.524s] Invoking command in '/home/harshit/arm_vla_ws/build/akabot_moveit_config': CMAKE_PREFIX_PATH=/home/harshit/arm_vla_ws/install/akabot_description:/home/harshit/arm_vla_ws/install/akabot_moveit_config:/home/harshit/arm_vla_ws/install/akabot_gazebo:/home/harshit/arm_vla_ws/install/akabot_bringup:/home/harshit/arm_vla_ws/install/arm_vla_pkg:/home/harshit/arm_vla_ws/install/akabot_control:/opt/ros/humble /usr/bin/cmake --build /home/harshit/arm_vla_ws/build/akabot_moveit_config -- -j8 -l8
[0.559s] Invoked command in '/home/harshit/arm_vla_ws/build/akabot_moveit_config' returned '0': CMAKE_PREFIX_PATH=/home/harshit/arm_vla_ws/install/akabot_description:/home/harshit/arm_vla_ws/install/akabot_moveit_config:/home/harshit/arm_vla_ws/install/akabot_gazebo:/home/harshit/arm_vla_ws/install/akabot_bringup:/home/harshit/arm_vla_ws/install/arm_vla_pkg:/home/harshit/arm_vla_ws/install/akabot_control:/opt/ros/humble /usr/bin/cmake --build /home/harshit/arm_vla_ws/build/akabot_moveit_config -- -j8 -l8
[0.560s] Invoking command in '/home/harshit/arm_vla_ws/build/akabot_moveit_config': CMAKE_PREFIX_PATH=/home/harshit/arm_vla_ws/install/akabot_description:/home/harshit/arm_vla_ws/install/akabot_moveit_config:/home/harshit/arm_vla_ws/install/akabot_gazebo:/home/harshit/arm_vla_ws/install/akabot_bringup:/home/harshit/arm_vla_ws/install/arm_vla_pkg:/home/harshit/arm_vla_ws/install/akabot_control:/opt/ros/humble /usr/bin/cmake --install /home/harshit/arm_vla_ws/build/akabot_moveit_config
[0.568s] -- Install configuration: ""
[0.568s] -- Installing: /home/harshit/arm_vla_ws/install/akabot_moveit_config/share/ament_index/resource_index/package_run_dependencies/akabot_moveit_config
[0.569s] -- Installing: /home/harshit/arm_vla_ws/install/akabot_moveit_config/share/ament_index/resource_index/parent_prefix_path/akabot_moveit_config
[0.569s] -- Installing: /home/harshit/arm_vla_ws/install/akabot_moveit_config/share/akabot_moveit_config/environment/ament_prefix_path.sh
[0.569s] -- Installing: /home/harshit/arm_vla_ws/install/akabot_moveit_config/share/akabot_moveit_config/environment/ament_prefix_path.dsv
[0.569s] -- Installing: /home/harshit/arm_vla_ws/install/akabot_moveit_config/share/akabot_moveit_config/environment/path.sh
[0.569s] -- Installing: /home/harshit/arm_vla_ws/install/akabot_moveit_config/share/akabot_moveit_config/environment/path.dsv
[0.569s] -- Installing: /home/harshit/arm_vla_ws/install/akabot_moveit_config/share/akabot_moveit_config/local_setup.bash
[0.569s] -- Installing: /home/harshit/arm_vla_ws/install/akabot_moveit_config/share/akabot_moveit_config/local_setup.sh
[0.569s] -- Installing: /home/harshit/arm_vla_ws/install/akabot_moveit_config/share/akabot_moveit_config/local_setup.zsh
[0.570s] -- Installing: /home/harshit/arm_vla_ws/install/akabot_moveit_config/share/akabot_moveit_config/local_setup.dsv
[0.570s] -- Installing: /home/harshit/arm_vla_ws/install/akabot_moveit_config/share/akabot_moveit_config/package.dsv
[0.570s] -- Installing: /home/harshit/arm_vla_ws/install/akabot_moveit_config/share/ament_index/resource_index/packages/akabot_moveit_config
[0.570s] -- Installing: /home/harshit/arm_vla_ws/install/akabot_moveit_config/share/akabot_moveit_config/cmake/akabot_moveit_configConfig.cmake
[0.570s] -- Installing: /home/harshit/arm_vla_ws/install/akabot_moveit_config/share/akabot_moveit_config/cmake/akabot_moveit_configConfig-version.cmake
[0.570s] -- Installing: /home/harshit/arm_vla_ws/install/akabot_moveit_config/share/akabot_moveit_config/package.xml
[0.570s] -- Installing: /home/harshit/arm_vla_ws/install/akabot_moveit_config/share/akabot_moveit_config/config
[0.570s] -- Installing: /home/harshit/arm_vla_ws/install/akabot_moveit_config/share/akabot_moveit_config/config/joint_limits.yaml
[0.570s] -- Installing: /home/harshit/arm_vla_ws/install/akabot_moveit_config/share/akabot_moveit_config/config/kinematics.yaml
[0.571s] -- Installing: /home/harshit/arm_vla_ws/install/akabot_moveit_config/share/akabot_moveit_config/config/moveit_controllers.yaml
[0.571s] -- Installing: /home/harshit/arm_vla_ws/install/akabot_moveit_config/share/akabot_moveit_config/config/ompl_planning.yaml
[0.571s] -- Installing: /home/harshit/arm_vla_ws/install/akabot_moveit_config/share/akabot_moveit_config/launch
[0.571s] -- Installing: /home/harshit/arm_vla_ws/install/akabot_moveit_config/share/akabot_moveit_config/launch/demo.launch.py
[0.571s] -- Installing: /home/harshit/arm_vla_ws/install/akabot_moveit_config/share/akabot_moveit_config/launch/moveit_rviz.launch.py
[0.571s] -- Installing: /home/harshit/arm_vla_ws/install/akabot_moveit_config/share/akabot_moveit_config/rviz
[0.571s] -- Installing: /home/harshit/arm_vla_ws/install/akabot_moveit_config/share/akabot_moveit_config/rviz/moveit.rviz
[0.571s] -- Installing: /home/harshit/arm_vla_ws/install/akabot_moveit_config/share/akabot_moveit_config/srdf
[0.571s] -- Installing: /home/harshit/arm_vla_ws/install/akabot_moveit_config/share/akabot_moveit_config/srdf/akabot.srdf
[0.571s] -- Installing: /home/harshit/arm_vla_ws/install/akabot_moveit_config/share/akabot_moveit_config/urdf
[0.571s] -- Installing: /home/harshit/arm_vla_ws/install/akabot_moveit_config/share/akabot_moveit_config/urdf/fake_akabot.urdf.xacro
[0.572s] -- Installing: /home/harshit/arm_vla_ws/install/akabot_moveit_config/share/akabot_moveit_config/.setup_assistant
[0.574s] Invoked command in '/home/harshit/arm_vla_ws/build/akabot_moveit_config' returned '0': CMAKE_PREFIX_PATH=/home/harshit/arm_vla_ws/install/akabot_description:/home/harshit/arm_vla_ws/install/akabot_moveit_config:/home/harshit/arm_vla_ws/install/akabot_gazebo:/home/harshit/arm_vla_ws/install/akabot_bringup:/home/harshit/arm_vla_ws/install/arm_vla_pkg:/home/harshit/arm_vla_ws/install/akabot_control:/opt/ros/humble /usr/bin/cmake --install /home/harshit/arm_vla_ws/build/akabot_moveit_config
