[0.017s] Invoking command in '/home/harshit/arm_vla_ws/build/akabot_gazebo': CMAKE_PREFIX_PATH=/opt/ros/humble /usr/bin/cmake /home/harshit/arm_vla_ws/src/akabot_gazebo -DCMAKE_INSTALL_PREFIX=/home/harshit/arm_vla_ws/install/akabot_gazebo
[0.086s] -- The C compiler identification is GNU 11.4.0
[0.154s] -- The CXX compiler identification is GNU 11.4.0
[0.163s] -- Detecting C compiler ABI info
[0.230s] -- Detecting C compiler ABI info - done
[0.237s] -- Check for working C compiler: /usr/bin/cc - skipped
[0.237s] -- Detecting C compile features
[0.238s] -- Detecting C compile features - done
[0.240s] -- Detecting CXX compiler ABI info
[0.315s] -- Detecting CXX compiler ABI info - done
[0.322s] -- Check for working CXX compiler: /usr/bin/c++ - skipped
[0.323s] -- Detecting CXX compile features
[0.323s] -- Detecting CXX compile features - done
[0.325s] -- Found ament_cmake: 1.3.12 (/opt/ros/humble/share/ament_cmake/cmake)
[0.483s] -- Found Python3: /usr/bin/python3 (found version "3.10.12") found components: Interpreter 
[0.575s] -- Found urdf: 2.6.1 (/opt/ros/humble/share/urdf/cmake)
[0.697s] -- Configuring done
[0.701s] -- Generating done
[0.702s] -- Build files have been written to: /home/harshit/arm_vla_ws/build/akabot_gazebo
[0.720s] Invoked command in '/home/harshit/arm_vla_ws/build/akabot_gazebo' returned '0': CMAKE_PREFIX_PATH=/opt/ros/humble /usr/bin/cmake /home/harshit/arm_vla_ws/src/akabot_gazebo -DCMAKE_INSTALL_PREFIX=/home/harshit/arm_vla_ws/install/akabot_gazebo
[0.721s] Invoking command in '/home/harshit/arm_vla_ws/build/akabot_gazebo': CMAKE_PREFIX_PATH=/opt/ros/humble /usr/bin/cmake --build /home/harshit/arm_vla_ws/build/akabot_gazebo -- -j8 -l8
[0.760s] Invoked command in '/home/harshit/arm_vla_ws/build/akabot_gazebo' returned '0': CMAKE_PREFIX_PATH=/opt/ros/humble /usr/bin/cmake --build /home/harshit/arm_vla_ws/build/akabot_gazebo -- -j8 -l8
[0.762s] Invoking command in '/home/harshit/arm_vla_ws/build/akabot_gazebo': CMAKE_PREFIX_PATH=/opt/ros/humble /usr/bin/cmake --install /home/harshit/arm_vla_ws/build/akabot_gazebo
[0.768s] -- Install configuration: ""
[0.768s] -- Installing: /home/harshit/arm_vla_ws/install/akabot_gazebo/share/akabot_gazebo/config
[0.769s] -- Installing: /home/harshit/arm_vla_ws/install/akabot_gazebo/share/akabot_gazebo/config/remind.yaml
[0.769s] -- Installing: /home/harshit/arm_vla_ws/install/akabot_gazebo/share/akabot_gazebo/config/akabot_bridge.yaml
[0.769s] -- Installing: /home/harshit/arm_vla_ws/install/akabot_gazebo/share/akabot_gazebo/launch
[0.769s] -- Installing: /home/harshit/arm_vla_ws/install/akabot_gazebo/share/akabot_gazebo/launch/gz_launch.py
[0.770s] -- Installing: /home/harshit/arm_vla_ws/install/akabot_gazebo/share/akabot_gazebo/worlds
[0.770s] -- Installing: /home/harshit/arm_vla_ws/install/akabot_gazebo/share/akabot_gazebo/worlds/pick_and_place_balls.world
[0.770s] -- Installing: /home/harshit/arm_vla_ws/install/akabot_gazebo/share/akabot_gazebo/worlds/pick_and_place.world
[0.770s] -- Installing: /home/harshit/arm_vla_ws/install/akabot_gazebo/share/akabot_gazebo/worlds/test.world
[0.771s] -- Installing: /home/harshit/arm_vla_ws/install/akabot_gazebo/share/ament_index/resource_index/package_run_dependencies/akabot_gazebo
[0.771s] -- Installing: /home/harshit/arm_vla_ws/install/akabot_gazebo/share/ament_index/resource_index/parent_prefix_path/akabot_gazebo
[0.771s] -- Installing: /home/harshit/arm_vla_ws/install/akabot_gazebo/share/akabot_gazebo/environment/ament_prefix_path.sh
[0.771s] -- Installing: /home/harshit/arm_vla_ws/install/akabot_gazebo/share/akabot_gazebo/environment/ament_prefix_path.dsv
[0.771s] -- Installing: /home/harshit/arm_vla_ws/install/akabot_gazebo/share/akabot_gazebo/environment/path.sh
[0.771s] -- Installing: /home/harshit/arm_vla_ws/install/akabot_gazebo/share/akabot_gazebo/environment/path.dsv
[0.772s] -- Installing: /home/harshit/arm_vla_ws/install/akabot_gazebo/share/akabot_gazebo/local_setup.bash
[0.772s] -- Installing: /home/harshit/arm_vla_ws/install/akabot_gazebo/share/akabot_gazebo/local_setup.sh
[0.772s] -- Installing: /home/harshit/arm_vla_ws/install/akabot_gazebo/share/akabot_gazebo/local_setup.zsh
[0.772s] -- Installing: /home/harshit/arm_vla_ws/install/akabot_gazebo/share/akabot_gazebo/local_setup.dsv
[0.772s] -- Installing: /home/harshit/arm_vla_ws/install/akabot_gazebo/share/akabot_gazebo/package.dsv
[0.772s] -- Installing: /home/harshit/arm_vla_ws/install/akabot_gazebo/share/ament_index/resource_index/packages/akabot_gazebo
[0.772s] -- Installing: /home/harshit/arm_vla_ws/install/akabot_gazebo/share/akabot_gazebo/cmake/akabot_gazeboConfig.cmake
[0.773s] -- Installing: /home/harshit/arm_vla_ws/install/akabot_gazebo/share/akabot_gazebo/cmake/akabot_gazeboConfig-version.cmake
[0.773s] -- Installing: /home/harshit/arm_vla_ws/install/akabot_gazebo/share/akabot_gazebo/package.xml
[0.775s] Invoked command in '/home/harshit/arm_vla_ws/build/akabot_gazebo' returned '0': CMAKE_PREFIX_PATH=/opt/ros/humble /usr/bin/cmake --install /home/harshit/arm_vla_ws/build/akabot_gazebo
