[0.024s] Invoking command in '/home/harshit/arm_vla_ws/build/akabot_gazebo': CMAKE_PREFIX_PATH=${CMAKE_PREFIX_PATH}:/home/harshit/arm_vla_ws/install/arm_vla_pkg:/home/harshit/arm_vla_ws/install/akabot_control:/home/harshit/colcon_ws/install/eyantra_solution:/opt/ros/humble /usr/bin/cmake --build /home/harshit/arm_vla_ws/build/akabot_gazebo -- -j8 -l8
[0.357s] Invoked command in '/home/harshit/arm_vla_ws/build/akabot_gazebo' returned '0': CMAKE_PREFIX_PATH=${CMAKE_PREFIX_PATH}:/home/harshit/arm_vla_ws/install/arm_vla_pkg:/home/harshit/arm_vla_ws/install/akabot_control:/home/harshit/colcon_ws/install/eyantra_solution:/opt/ros/humble /usr/bin/cmake --build /home/harshit/arm_vla_ws/build/akabot_gazebo -- -j8 -l8
[0.359s] Invoking command in '/home/harshit/arm_vla_ws/build/akabot_gazebo': CMAKE_PREFIX_PATH=${CMAKE_PREFIX_PATH}:/home/harshit/arm_vla_ws/install/arm_vla_pkg:/home/harshit/arm_vla_ws/install/akabot_control:/home/harshit/colcon_ws/install/eyantra_solution:/opt/ros/humble /usr/bin/cmake --install /home/harshit/arm_vla_ws/build/akabot_gazebo
[0.367s] -- Install configuration: ""
[0.368s] -- Up-to-date: /home/harshit/arm_vla_ws/install/akabot_gazebo/share/akabot_gazebo/config
[0.369s] -- Up-to-date: /home/harshit/arm_vla_ws/install/akabot_gazebo/share/akabot_gazebo/config/akabot_bridge.yaml
[0.369s] -- Up-to-date: /home/harshit/arm_vla_ws/install/akabot_gazebo/share/akabot_gazebo/launch
[0.370s] -- Up-to-date: /home/harshit/arm_vla_ws/install/akabot_gazebo/share/akabot_gazebo/launch/gz_launch.py
[0.370s] -- Up-to-date: /home/harshit/arm_vla_ws/install/akabot_gazebo/share/akabot_gazebo/worlds
[0.370s] -- Up-to-date: /home/harshit/arm_vla_ws/install/akabot_gazebo/share/akabot_gazebo/worlds/pick_and_place.world
[0.370s] -- Up-to-date: /home/harshit/arm_vla_ws/install/akabot_gazebo/share/akabot_gazebo/worlds/test.world
[0.371s] -- Up-to-date: /home/harshit/arm_vla_ws/install/akabot_gazebo/share/ament_index/resource_index/package_run_dependencies/akabot_gazebo
[0.372s] -- Up-to-date: /home/harshit/arm_vla_ws/install/akabot_gazebo/share/ament_index/resource_index/parent_prefix_path/akabot_gazebo
[0.374s] -- Up-to-date: /home/harshit/arm_vla_ws/install/akabot_gazebo/share/akabot_gazebo/environment/ament_prefix_path.sh
[0.374s] -- Up-to-date: /home/harshit/arm_vla_ws/install/akabot_gazebo/share/akabot_gazebo/environment/ament_prefix_path.dsv
[0.375s] -- Up-to-date: /home/harshit/arm_vla_ws/install/akabot_gazebo/share/akabot_gazebo/environment/path.sh
[0.375s] -- Up-to-date: /home/harshit/arm_vla_ws/install/akabot_gazebo/share/akabot_gazebo/environment/path.dsv
[0.375s] -- Up-to-date: /home/harshit/arm_vla_ws/install/akabot_gazebo/share/akabot_gazebo/local_setup.bash
[0.375s] -- Up-to-date: /home/harshit/arm_vla_ws/install/akabot_gazebo/share/akabot_gazebo/local_setup.sh
[0.375s] -- Up-to-date: /home/harshit/arm_vla_ws/install/akabot_gazebo/share/akabot_gazebo/local_setup.zsh
[0.376s] -- Up-to-date: /home/harshit/arm_vla_ws/install/akabot_gazebo/share/akabot_gazebo/local_setup.dsv
[0.376s] -- Installing: /home/harshit/arm_vla_ws/install/akabot_gazebo/share/akabot_gazebo/package.dsv
[0.377s] -- Up-to-date: /home/harshit/arm_vla_ws/install/akabot_gazebo/share/ament_index/resource_index/packages/akabot_gazebo
[0.377s] -- Up-to-date: /home/harshit/arm_vla_ws/install/akabot_gazebo/share/akabot_gazebo/cmake/akabot_gazeboConfig.cmake
[0.377s] -- Up-to-date: /home/harshit/arm_vla_ws/install/akabot_gazebo/share/akabot_gazebo/cmake/akabot_gazeboConfig-version.cmake
[0.378s] -- Up-to-date: /home/harshit/arm_vla_ws/install/akabot_gazebo/share/akabot_gazebo/package.xml
[0.380s] Invoked command in '/home/harshit/arm_vla_ws/build/akabot_gazebo' returned '0': CMAKE_PREFIX_PATH=${CMAKE_PREFIX_PATH}:/home/harshit/arm_vla_ws/install/arm_vla_pkg:/home/harshit/arm_vla_ws/install/akabot_control:/home/harshit/colcon_ws/install/eyantra_solution:/opt/ros/humble /usr/bin/cmake --install /home/harshit/arm_vla_ws/build/akabot_gazebo
