[0.541s] Invoking command in '/home/harshit/arm_vla_ws/src/akabot_control': AMENT_PREFIX_PATH=/home/harshit/arm_vla_ws/install/akabot_moveit_config:/home/harshit/arm_vla_ws/install/akabot_description:${AMENT_PREFIX_PATH} CMAKE_PREFIX_PATH=/home/harshit/arm_vla_ws/install/akabot_moveit_config:/home/harshit/arm_vla_ws/install/akabot_description:${CMAKE_PREFIX_PATH} PYTHONPATH=/home/harshit/arm_vla_ws/build/akabot_control/prefix_override:/usr/lib/python3/dist-packages/colcon_core/task/python/colcon_distutils_commands:/home/harshit/arm_vla_ws/install/akabot_control/lib/python3.10/site-packages:${PYTHONPATH} /usr/bin/python3 -W ignore:setup.py install is deprecated -W ignore:easy_install command is deprecated setup.py egg_info --egg-base ../../build/akabot_control build --build-base /home/harshit/arm_vla_ws/build/akabot_control/build install --record /home/harshit/arm_vla_ws/build/akabot_control/install.log --single-version-externally-managed install_data
[0.720s] running egg_info
[0.721s] creating ../../build/akabot_control/akabot_control.egg-info
[0.721s] writing ../../build/akabot_control/akabot_control.egg-info/PKG-INFO
[0.721s] writing dependency_links to ../../build/akabot_control/akabot_control.egg-info/dependency_links.txt
[0.721s] writing entry points to ../../build/akabot_control/akabot_control.egg-info/entry_points.txt
[0.721s] writing requirements to ../../build/akabot_control/akabot_control.egg-info/requires.txt
[0.721s] writing top-level names to ../../build/akabot_control/akabot_control.egg-info/top_level.txt
[0.722s] writing manifest file '../../build/akabot_control/akabot_control.egg-info/SOURCES.txt'
[0.725s] reading manifest file '../../build/akabot_control/akabot_control.egg-info/SOURCES.txt'
[0.726s] writing manifest file '../../build/akabot_control/akabot_control.egg-info/SOURCES.txt'
[0.726s] running build
[0.726s] running build_py
[0.726s] creating /home/harshit/arm_vla_ws/build/akabot_control/build
[0.726s] creating /home/harshit/arm_vla_ws/build/akabot_control/build/lib
[0.726s] creating /home/harshit/arm_vla_ws/build/akabot_control/build/lib/akabot_control
[0.726s] copying akabot_control/__init__.py -> /home/harshit/arm_vla_ws/build/akabot_control/build/lib/akabot_control
[0.726s] copying akabot_control/akabot_controller.py -> /home/harshit/arm_vla_ws/build/akabot_control/build/lib/akabot_control
[0.726s] copying akabot_control/interactive_control.py -> /home/harshit/arm_vla_ws/build/akabot_control/build/lib/akabot_control
[0.727s] running install
[0.727s] running install_lib
[0.727s] creating /home/harshit/arm_vla_ws/install/akabot_control/lib/python3.10/site-packages/akabot_control
[0.727s] copying /home/harshit/arm_vla_ws/build/akabot_control/build/lib/akabot_control/__init__.py -> /home/harshit/arm_vla_ws/install/akabot_control/lib/python3.10/site-packages/akabot_control
[0.727s] copying /home/harshit/arm_vla_ws/build/akabot_control/build/lib/akabot_control/akabot_controller.py -> /home/harshit/arm_vla_ws/install/akabot_control/lib/python3.10/site-packages/akabot_control
[0.727s] copying /home/harshit/arm_vla_ws/build/akabot_control/build/lib/akabot_control/interactive_control.py -> /home/harshit/arm_vla_ws/install/akabot_control/lib/python3.10/site-packages/akabot_control
[0.728s] byte-compiling /home/harshit/arm_vla_ws/install/akabot_control/lib/python3.10/site-packages/akabot_control/__init__.py to __init__.cpython-310.pyc
[0.728s] byte-compiling /home/harshit/arm_vla_ws/install/akabot_control/lib/python3.10/site-packages/akabot_control/akabot_controller.py to akabot_controller.cpython-310.pyc
[0.729s] byte-compiling /home/harshit/arm_vla_ws/install/akabot_control/lib/python3.10/site-packages/akabot_control/interactive_control.py to interactive_control.cpython-310.pyc
[0.729s] running install_data
[0.730s] creating /home/harshit/arm_vla_ws/install/akabot_control/share/ament_index
[0.730s] creating /home/harshit/arm_vla_ws/install/akabot_control/share/ament_index/resource_index
[0.730s] creating /home/harshit/arm_vla_ws/install/akabot_control/share/ament_index/resource_index/packages
[0.730s] copying resource/akabot_control -> /home/harshit/arm_vla_ws/install/akabot_control/share/ament_index/resource_index/packages
[0.730s] copying package.xml -> /home/harshit/arm_vla_ws/install/akabot_control/share/akabot_control
[0.730s] creating /home/harshit/arm_vla_ws/install/akabot_control/share/akabot_control/launch
[0.730s] copying launch/control.launch.py -> /home/harshit/arm_vla_ws/install/akabot_control/share/akabot_control/launch
[0.730s] copying launch/gazebo_control.launch.py -> /home/harshit/arm_vla_ws/install/akabot_control/share/akabot_control/launch
[0.730s] copying launch/demo.launch.py -> /home/harshit/arm_vla_ws/install/akabot_control/share/akabot_control/launch
[0.730s] creating /home/harshit/arm_vla_ws/install/akabot_control/share/akabot_control/config
[0.731s] copying config/controller_params.yaml -> /home/harshit/arm_vla_ws/install/akabot_control/share/akabot_control/config
[0.731s] creating /home/harshit/arm_vla_ws/install/akabot_control/share/akabot_control/scripts
[0.731s] copying scripts/test_poses.py -> /home/harshit/arm_vla_ws/install/akabot_control/share/akabot_control/scripts
[0.731s] running install_egg_info
[0.732s] Copying ../../build/akabot_control/akabot_control.egg-info to /home/harshit/arm_vla_ws/install/akabot_control/lib/python3.10/site-packages/akabot_control-1.0.0-py3.10.egg-info
[0.733s] running install_scripts
[0.747s] Installing akabot_controller script to /home/harshit/arm_vla_ws/install/akabot_control/lib/akabot_control
[0.748s] Installing interactive_control script to /home/harshit/arm_vla_ws/install/akabot_control/lib/akabot_control
[0.748s] writing list of installed files to '/home/harshit/arm_vla_ws/build/akabot_control/install.log'
[0.771s] Invoked command in '/home/harshit/arm_vla_ws/src/akabot_control' returned '0': AMENT_PREFIX_PATH=/home/harshit/arm_vla_ws/install/akabot_moveit_config:/home/harshit/arm_vla_ws/install/akabot_description:${AMENT_PREFIX_PATH} CMAKE_PREFIX_PATH=/home/harshit/arm_vla_ws/install/akabot_moveit_config:/home/harshit/arm_vla_ws/install/akabot_description:${CMAKE_PREFIX_PATH} PYTHONPATH=/home/harshit/arm_vla_ws/build/akabot_control/prefix_override:/usr/lib/python3/dist-packages/colcon_core/task/python/colcon_distutils_commands:/home/harshit/arm_vla_ws/install/akabot_control/lib/python3.10/site-packages:${PYTHONPATH} /usr/bin/python3 -W ignore:setup.py install is deprecated -W ignore:easy_install command is deprecated setup.py egg_info --egg-base ../../build/akabot_control build --build-base /home/harshit/arm_vla_ws/build/akabot_control/build install --record /home/harshit/arm_vla_ws/build/akabot_control/install.log --single-version-externally-managed install_data
