[0.894s] Invoking command in '/home/harshit/arm_vla_ws/src/akabot_control': AMENT_PREFIX_PATH=/home/harshit/arm_vla_ws/install/akabot_moveit_config:/home/harshit/arm_vla_ws/install/akabot_description:${AMENT_PREFIX_PATH} CMAKE_PREFIX_PATH=/home/harshit/arm_vla_ws/install/akabot_moveit_config:/home/harshit/arm_vla_ws/install/akabot_description PYTHONPATH=/home/harshit/arm_vla_ws/build/akabot_control/prefix_override:/usr/lib/python3/dist-packages/colcon_core/task/python/colcon_distutils_commands:/home/harshit/arm_vla_ws/install/akabot_control/lib/python3.10/site-packages:${PYTHONPATH} /usr/bin/python3 -W ignore:setup.py install is deprecated -W ignore:easy_install command is deprecated setup.py egg_info --egg-base ../../build/akabot_control build --build-base /home/harshit/arm_vla_ws/build/akabot_control/build install --record /home/harshit/arm_vla_ws/build/akabot_control/install.log --single-version-externally-managed install_data
[1.171s] running egg_info
[1.172s] writing ../../build/akabot_control/akabot_control.egg-info/PKG-INFO
[1.174s] writing dependency_links to ../../build/akabot_control/akabot_control.egg-info/dependency_links.txt
[1.174s] writing entry points to ../../build/akabot_control/akabot_control.egg-info/entry_points.txt
[1.175s] writing requirements to ../../build/akabot_control/akabot_control.egg-info/requires.txt
[1.175s] writing top-level names to ../../build/akabot_control/akabot_control.egg-info/top_level.txt
[1.178s] reading manifest file '../../build/akabot_control/akabot_control.egg-info/SOURCES.txt'
[1.180s] writing manifest file '../../build/akabot_control/akabot_control.egg-info/SOURCES.txt'
[1.180s] running build
[1.180s] running build_py
[1.181s] running install
[1.181s] running install_lib
[1.183s] running install_data
[1.184s] running install_egg_info
[1.186s] removing '/home/harshit/arm_vla_ws/install/akabot_control/lib/python3.10/site-packages/akabot_control-1.0.0-py3.10.egg-info' (and everything under it)
[1.187s] Copying ../../build/akabot_control/akabot_control.egg-info to /home/harshit/arm_vla_ws/install/akabot_control/lib/python3.10/site-packages/akabot_control-1.0.0-py3.10.egg-info
[1.188s] running install_scripts
[1.211s] Installing akabot_controller script to /home/harshit/arm_vla_ws/install/akabot_control/lib/akabot_control
[1.211s] Installing interactive_control script to /home/harshit/arm_vla_ws/install/akabot_control/lib/akabot_control
[1.212s] Installing publish_tf script to /home/harshit/arm_vla_ws/install/akabot_control/lib/akabot_control
[1.212s] Installing scanning_vision_pick_place script to /home/harshit/arm_vla_ws/install/akabot_control/lib/akabot_control
[1.212s] Installing simple_ball_detector script to /home/harshit/arm_vla_ws/install/akabot_control/lib/akabot_control
[1.212s] Installing test_ee_camera script to /home/harshit/arm_vla_ws/install/akabot_control/lib/akabot_control
[1.212s] Installing vision_pick_place script to /home/harshit/arm_vla_ws/install/akabot_control/lib/akabot_control
[1.212s] writing list of installed files to '/home/harshit/arm_vla_ws/build/akabot_control/install.log'
[1.249s] Invoked command in '/home/harshit/arm_vla_ws/src/akabot_control' returned '0': AMENT_PREFIX_PATH=/home/harshit/arm_vla_ws/install/akabot_moveit_config:/home/harshit/arm_vla_ws/install/akabot_description:${AMENT_PREFIX_PATH} CMAKE_PREFIX_PATH=/home/harshit/arm_vla_ws/install/akabot_moveit_config:/home/harshit/arm_vla_ws/install/akabot_description PYTHONPATH=/home/harshit/arm_vla_ws/build/akabot_control/prefix_override:/usr/lib/python3/dist-packages/colcon_core/task/python/colcon_distutils_commands:/home/harshit/arm_vla_ws/install/akabot_control/lib/python3.10/site-packages:${PYTHONPATH} /usr/bin/python3 -W ignore:setup.py install is deprecated -W ignore:easy_install command is deprecated setup.py egg_info --egg-base ../../build/akabot_control build --build-base /home/harshit/arm_vla_ws/build/akabot_control/build install --record /home/harshit/arm_vla_ws/build/akabot_control/install.log --single-version-externally-managed install_data
