[0.637s] Invoking command in '/home/harshit/arm_vla_ws/src/bot_control': CMAKE_PREFIX_PATH=/home/harshit/arm_vla_ws/install/bot_moveit_config:/home/harshit/arm_vla_ws/install/bot_description:/home/harshit/arm_vla_ws/install/bot_gazebo:/home/harshit/colcon_ws/install/ur_simulation_gz:/home/harshit/colcon_ws/install/ur_description:/home/harshit/colcon_ws/install/ur5_control:/home/harshit/colcon_ws/install/linkattacher_msgs:/home/harshit/colcon_ws/install/eyantra_warehouse:/home/harshit/colcon_ws/install/ebot_description PYTHONPATH=/home/harshit/arm_vla_ws/build/bot_control/prefix_override:/usr/lib/python3/dist-packages/colcon_core/task/python/colcon_distutils_commands:/home/harshit/arm_vla_ws/install/bot_control/lib/python3.10/site-packages:${PYTHONPATH} /usr/bin/python3 -W ignore:setup.py install is deprecated -W ignore:easy_install command is deprecated setup.py egg_info --egg-base ../../build/bot_control build --build-base /home/harshit/arm_vla_ws/build/bot_control/build install --record /home/harshit/arm_vla_ws/build/bot_control/install.log --single-version-externally-managed install_data
[0.847s] running egg_info
[0.847s] writing ../../build/bot_control/bot_control.egg-info/PKG-INFO
[0.847s] writing dependency_links to ../../build/bot_control/bot_control.egg-info/dependency_links.txt
[0.848s] writing entry points to ../../build/bot_control/bot_control.egg-info/entry_points.txt
[0.848s] writing requirements to ../../build/bot_control/bot_control.egg-info/requires.txt
[0.848s] writing top-level names to ../../build/bot_control/bot_control.egg-info/top_level.txt
[0.849s] reading manifest file '../../build/bot_control/bot_control.egg-info/SOURCES.txt'
[0.850s] writing manifest file '../../build/bot_control/bot_control.egg-info/SOURCES.txt'
[0.850s] running build
[0.850s] running build_py
[0.850s] running install
[0.851s] running install_lib
[0.852s] running install_data
[0.852s] running install_egg_info
[0.853s] removing '/home/harshit/arm_vla_ws/install/bot_control/lib/python3.10/site-packages/bot_control-1.0.0-py3.10.egg-info' (and everything under it)
[0.854s] Copying ../../build/bot_control/bot_control.egg-info to /home/harshit/arm_vla_ws/install/bot_control/lib/python3.10/site-packages/bot_control-1.0.0-py3.10.egg-info
[0.854s] running install_scripts
[0.871s] Installing bot_controller script to /home/harshit/arm_vla_ws/install/bot_control/lib/bot_control
[0.871s] Installing dual_camera_picker script to /home/harshit/arm_vla_ws/install/bot_control/lib/bot_control
[0.871s] Installing interactive_control script to /home/harshit/arm_vla_ws/install/bot_control/lib/bot_control
[0.871s] Installing publish_tf script to /home/harshit/arm_vla_ws/install/bot_control/lib/bot_control
[0.871s] Installing scanning_vision_pick_place script to /home/harshit/arm_vla_ws/install/bot_control/lib/bot_control
[0.871s] Installing simple_ball_detector script to /home/harshit/arm_vla_ws/install/bot_control/lib/bot_control
[0.871s] Installing test_ee_camera script to /home/harshit/arm_vla_ws/install/bot_control/lib/bot_control
[0.871s] Installing vision_pick_place script to /home/harshit/arm_vla_ws/install/bot_control/lib/bot_control
[0.871s] writing list of installed files to '/home/harshit/arm_vla_ws/build/bot_control/install.log'
[0.900s] Invoked command in '/home/harshit/arm_vla_ws/src/bot_control' returned '0': CMAKE_PREFIX_PATH=/home/harshit/arm_vla_ws/install/bot_moveit_config:/home/harshit/arm_vla_ws/install/bot_description:/home/harshit/arm_vla_ws/install/bot_gazebo:/home/harshit/colcon_ws/install/ur_simulation_gz:/home/harshit/colcon_ws/install/ur_description:/home/harshit/colcon_ws/install/ur5_control:/home/harshit/colcon_ws/install/linkattacher_msgs:/home/harshit/colcon_ws/install/eyantra_warehouse:/home/harshit/colcon_ws/install/ebot_description PYTHONPATH=/home/harshit/arm_vla_ws/build/bot_control/prefix_override:/usr/lib/python3/dist-packages/colcon_core/task/python/colcon_distutils_commands:/home/harshit/arm_vla_ws/install/bot_control/lib/python3.10/site-packages:${PYTHONPATH} /usr/bin/python3 -W ignore:setup.py install is deprecated -W ignore:easy_install command is deprecated setup.py egg_info --egg-base ../../build/bot_control build --build-base /home/harshit/arm_vla_ws/build/bot_control/build install --record /home/harshit/arm_vla_ws/build/bot_control/install.log --single-version-externally-managed install_data
