[0.123s] DEBUG:colcon:Command line arguments: ['/usr/bin/colcon', 'build']
[0.123s] DEBUG:colcon:Parsed command line arguments: Namespace(log_base=None, log_level=None, verb_name='build', build_base='build', install_base='install', merge_install=False, symlink_install=False, test_result_base=None, continue_on_error=False, executor='parallel', parallel_workers=8, event_handlers=None, ignore_user_meta=False, metas=['./colcon.meta'], base_paths=['.'], packages_ignore=None, packages_ignore_regex=None, paths=None, packages_up_to=None, packages_up_to_regex=None, packages_above=None, packages_above_and_dependencies=None, packages_above_depth=None, packages_select_by_dep=None, packages_skip_by_dep=None, packages_skip_up_to=None, packages_select_build_failed=False, packages_skip_build_finished=False, packages_select_test_failures=False, packages_skip_test_passed=False, packages_select=None, packages_skip=None, packages_select_regex=None, packages_skip_regex=None, packages_start=None, packages_end=None, allow_overriding=[], cmake_args=None, cmake_target=None, cmake_target_skip_unavailable=False, cmake_clean_cache=False, cmake_clean_first=False, cmake_force_configure=False, ament_cmake_args=None, catkin_cmake_args=None, catkin_skip_building_tests=False, mixin_files=None, mixin=None, verb_parser=<colcon_mixin.mixin.mixin_argument.MixinArgumentDecorator object at 0x7ee2187592d0>, verb_extension=<colcon_core.verb.build.BuildVerb object at 0x7ee218758e20>, main=<bound method BuildVerb.main of <colcon_core.verb.build.BuildVerb object at 0x7ee218758e20>>, mixin_verb=('build',))
[0.319s] Level 1:colcon.colcon_core.package_discovery:discover_packages(colcon_meta) check parameters
[0.319s] Level 1:colcon.colcon_core.package_discovery:discover_packages(recursive) check parameters
[0.319s] Level 1:colcon.colcon_core.package_discovery:discover_packages(ignore) check parameters
[0.319s] Level 1:colcon.colcon_core.package_discovery:discover_packages(path) check parameters
[0.320s] Level 1:colcon.colcon_core.package_discovery:discover_packages(colcon_meta) discover
[0.320s] Level 1:colcon.colcon_core.package_discovery:discover_packages(recursive) discover
[0.320s] INFO:colcon.colcon_core.package_discovery:Crawling recursively for packages in '/home/harshit/arm_vla_ws'
[0.320s] Level 1:colcon.colcon_core.package_identification:_identify(.) by extensions ['ignore', 'ignore_ament_install']
[0.320s] Level 1:colcon.colcon_core.package_identification:_identify(.) by extension 'ignore'
[0.320s] Level 1:colcon.colcon_core.package_identification:_identify(.) by extension 'ignore_ament_install'
[0.320s] Level 1:colcon.colcon_core.package_identification:_identify(.) by extensions ['colcon_pkg']
[0.320s] Level 1:colcon.colcon_core.package_identification:_identify(.) by extension 'colcon_pkg'
[0.320s] Level 1:colcon.colcon_core.package_identification:_identify(.) by extensions ['colcon_meta']
[0.320s] Level 1:colcon.colcon_core.package_identification:_identify(.) by extension 'colcon_meta'
[0.320s] Level 1:colcon.colcon_core.package_identification:_identify(.) by extensions ['ros']
[0.320s] Level 1:colcon.colcon_core.package_identification:_identify(.) by extension 'ros'
[0.332s] Level 1:colcon.colcon_core.package_identification:_identify(.) by extensions ['cmake', 'python']
[0.332s] Level 1:colcon.colcon_core.package_identification:_identify(.) by extension 'cmake'
[0.332s] Level 1:colcon.colcon_core.package_identification:_identify(.) by extension 'python'
[0.332s] Level 1:colcon.colcon_core.package_identification:_identify(.) by extensions ['python_setup_py']
[0.332s] Level 1:colcon.colcon_core.package_identification:_identify(.) by extension 'python_setup_py'
[0.332s] Level 1:colcon.colcon_core.package_identification:_identify(build) by extensions ['ignore', 'ignore_ament_install']
[0.332s] Level 1:colcon.colcon_core.package_identification:_identify(build) by extension 'ignore'
[0.332s] Level 1:colcon.colcon_core.package_identification:_identify(build) ignored
[0.333s] Level 1:colcon.colcon_core.package_identification:_identify(install) by extensions ['ignore', 'ignore_ament_install']
[0.333s] Level 1:colcon.colcon_core.package_identification:_identify(install) by extension 'ignore'
[0.333s] Level 1:colcon.colcon_core.package_identification:_identify(install) ignored
[0.333s] Level 1:colcon.colcon_core.package_identification:_identify(log) by extensions ['ignore', 'ignore_ament_install']
[0.333s] Level 1:colcon.colcon_core.package_identification:_identify(log) by extension 'ignore'
[0.333s] Level 1:colcon.colcon_core.package_identification:_identify(log) ignored
[0.333s] Level 1:colcon.colcon_core.package_identification:_identify(modelfiles) by extensions ['ignore', 'ignore_ament_install']
[0.333s] Level 1:colcon.colcon_core.package_identification:_identify(modelfiles) by extension 'ignore'
[0.333s] Level 1:colcon.colcon_core.package_identification:_identify(modelfiles) by extension 'ignore_ament_install'
[0.333s] Level 1:colcon.colcon_core.package_identification:_identify(modelfiles) by extensions ['colcon_pkg']
[0.333s] Level 1:colcon.colcon_core.package_identification:_identify(modelfiles) by extension 'colcon_pkg'
[0.333s] Level 1:colcon.colcon_core.package_identification:_identify(modelfiles) by extensions ['colcon_meta']
[0.333s] Level 1:colcon.colcon_core.package_identification:_identify(modelfiles) by extension 'colcon_meta'
[0.333s] Level 1:colcon.colcon_core.package_identification:_identify(modelfiles) by extensions ['ros']
[0.333s] Level 1:colcon.colcon_core.package_identification:_identify(modelfiles) by extension 'ros'
[0.334s] Level 1:colcon.colcon_core.package_identification:_identify(modelfiles) by extensions ['cmake', 'python']
[0.334s] Level 1:colcon.colcon_core.package_identification:_identify(modelfiles) by extension 'cmake'
[0.334s] Level 1:colcon.colcon_core.package_identification:_identify(modelfiles) by extension 'python'
[0.334s] Level 1:colcon.colcon_core.package_identification:_identify(modelfiles) by extensions ['python_setup_py']
[0.334s] Level 1:colcon.colcon_core.package_identification:_identify(modelfiles) by extension 'python_setup_py'
[0.334s] Level 1:colcon.colcon_core.package_identification:_identify(src) by extensions ['ignore', 'ignore_ament_install']
[0.334s] Level 1:colcon.colcon_core.package_identification:_identify(src) by extension 'ignore'
[0.334s] Level 1:colcon.colcon_core.package_identification:_identify(src) by extension 'ignore_ament_install'
[0.334s] Level 1:colcon.colcon_core.package_identification:_identify(src) by extensions ['colcon_pkg']
[0.334s] Level 1:colcon.colcon_core.package_identification:_identify(src) by extension 'colcon_pkg'
[0.334s] Level 1:colcon.colcon_core.package_identification:_identify(src) by extensions ['colcon_meta']
[0.334s] Level 1:colcon.colcon_core.package_identification:_identify(src) by extension 'colcon_meta'
[0.334s] Level 1:colcon.colcon_core.package_identification:_identify(src) by extensions ['ros']
[0.334s] Level 1:colcon.colcon_core.package_identification:_identify(src) by extension 'ros'
[0.334s] Level 1:colcon.colcon_core.package_identification:_identify(src) by extensions ['cmake', 'python']
[0.334s] Level 1:colcon.colcon_core.package_identification:_identify(src) by extension 'cmake'
[0.334s] Level 1:colcon.colcon_core.package_identification:_identify(src) by extension 'python'
[0.334s] Level 1:colcon.colcon_core.package_identification:_identify(src) by extensions ['python_setup_py']
[0.334s] Level 1:colcon.colcon_core.package_identification:_identify(src) by extension 'python_setup_py'
[0.335s] Level 1:colcon.colcon_core.package_identification:_identify(src/akabot_bringup) by extensions ['ignore', 'ignore_ament_install']
[0.335s] Level 1:colcon.colcon_core.package_identification:_identify(src/akabot_bringup) by extension 'ignore'
[0.335s] Level 1:colcon.colcon_core.package_identification:_identify(src/akabot_bringup) by extension 'ignore_ament_install'
[0.335s] Level 1:colcon.colcon_core.package_identification:_identify(src/akabot_bringup) by extensions ['colcon_pkg']
[0.335s] Level 1:colcon.colcon_core.package_identification:_identify(src/akabot_bringup) by extension 'colcon_pkg'
[0.335s] Level 1:colcon.colcon_core.package_identification:_identify(src/akabot_bringup) by extensions ['colcon_meta']
[0.335s] Level 1:colcon.colcon_core.package_identification:_identify(src/akabot_bringup) by extension 'colcon_meta'
[0.335s] Level 1:colcon.colcon_core.package_identification:_identify(src/akabot_bringup) by extensions ['ros']
[0.335s] Level 1:colcon.colcon_core.package_identification:_identify(src/akabot_bringup) by extension 'ros'
[0.338s] DEBUG:colcon.colcon_core.package_identification:Package 'src/akabot_bringup' with type 'ros.ament_cmake' and name 'akabot_bringup'
[0.338s] Level 1:colcon.colcon_core.package_identification:_identify(src/akabot_control) by extensions ['ignore', 'ignore_ament_install']
[0.338s] Level 1:colcon.colcon_core.package_identification:_identify(src/akabot_control) by extension 'ignore'
[0.338s] Level 1:colcon.colcon_core.package_identification:_identify(src/akabot_control) by extension 'ignore_ament_install'
[0.338s] Level 1:colcon.colcon_core.package_identification:_identify(src/akabot_control) by extensions ['colcon_pkg']
[0.338s] Level 1:colcon.colcon_core.package_identification:_identify(src/akabot_control) by extension 'colcon_pkg'
[0.338s] Level 1:colcon.colcon_core.package_identification:_identify(src/akabot_control) by extensions ['colcon_meta']
[0.338s] Level 1:colcon.colcon_core.package_identification:_identify(src/akabot_control) by extension 'colcon_meta'
[0.338s] Level 1:colcon.colcon_core.package_identification:_identify(src/akabot_control) by extensions ['ros']
[0.338s] Level 1:colcon.colcon_core.package_identification:_identify(src/akabot_control) by extension 'ros'
[0.340s] DEBUG:colcon.colcon_core.package_identification:Package 'src/akabot_control' with type 'ros.ament_python' and name 'akabot_control'
[0.340s] Level 1:colcon.colcon_core.package_identification:_identify(src/akabot_description) by extensions ['ignore', 'ignore_ament_install']
[0.340s] Level 1:colcon.colcon_core.package_identification:_identify(src/akabot_description) by extension 'ignore'
[0.340s] Level 1:colcon.colcon_core.package_identification:_identify(src/akabot_description) by extension 'ignore_ament_install'
[0.340s] Level 1:colcon.colcon_core.package_identification:_identify(src/akabot_description) by extensions ['colcon_pkg']
[0.340s] Level 1:colcon.colcon_core.package_identification:_identify(src/akabot_description) by extension 'colcon_pkg'
[0.340s] Level 1:colcon.colcon_core.package_identification:_identify(src/akabot_description) by extensions ['colcon_meta']
[0.340s] Level 1:colcon.colcon_core.package_identification:_identify(src/akabot_description) by extension 'colcon_meta'
[0.340s] Level 1:colcon.colcon_core.package_identification:_identify(src/akabot_description) by extensions ['ros']
[0.340s] Level 1:colcon.colcon_core.package_identification:_identify(src/akabot_description) by extension 'ros'
[0.341s] DEBUG:colcon.colcon_core.package_identification:Package 'src/akabot_description' with type 'ros.ament_cmake' and name 'akabot_description'
[0.341s] Level 1:colcon.colcon_core.package_identification:_identify(src/akabot_gazebo) by extensions ['ignore', 'ignore_ament_install']
[0.341s] Level 1:colcon.colcon_core.package_identification:_identify(src/akabot_gazebo) by extension 'ignore'
[0.341s] Level 1:colcon.colcon_core.package_identification:_identify(src/akabot_gazebo) by extension 'ignore_ament_install'
[0.341s] Level 1:colcon.colcon_core.package_identification:_identify(src/akabot_gazebo) by extensions ['colcon_pkg']
[0.341s] Level 1:colcon.colcon_core.package_identification:_identify(src/akabot_gazebo) by extension 'colcon_pkg'
[0.341s] Level 1:colcon.colcon_core.package_identification:_identify(src/akabot_gazebo) by extensions ['colcon_meta']
[0.341s] Level 1:colcon.colcon_core.package_identification:_identify(src/akabot_gazebo) by extension 'colcon_meta'
[0.341s] Level 1:colcon.colcon_core.package_identification:_identify(src/akabot_gazebo) by extensions ['ros']
[0.341s] Level 1:colcon.colcon_core.package_identification:_identify(src/akabot_gazebo) by extension 'ros'
[0.342s] DEBUG:colcon.colcon_core.package_identification:Package 'src/akabot_gazebo' with type 'ros.ament_cmake' and name 'akabot_gazebo'
[0.342s] Level 1:colcon.colcon_core.package_identification:_identify(src/akabot_moveit_config) by extensions ['ignore', 'ignore_ament_install']
[0.342s] Level 1:colcon.colcon_core.package_identification:_identify(src/akabot_moveit_config) by extension 'ignore'
[0.342s] Level 1:colcon.colcon_core.package_identification:_identify(src/akabot_moveit_config) by extension 'ignore_ament_install'
[0.342s] Level 1:colcon.colcon_core.package_identification:_identify(src/akabot_moveit_config) by extensions ['colcon_pkg']
[0.342s] Level 1:colcon.colcon_core.package_identification:_identify(src/akabot_moveit_config) by extension 'colcon_pkg'
[0.342s] Level 1:colcon.colcon_core.package_identification:_identify(src/akabot_moveit_config) by extensions ['colcon_meta']
[0.342s] Level 1:colcon.colcon_core.package_identification:_identify(src/akabot_moveit_config) by extension 'colcon_meta'
[0.343s] Level 1:colcon.colcon_core.package_identification:_identify(src/akabot_moveit_config) by extensions ['ros']
[0.343s] Level 1:colcon.colcon_core.package_identification:_identify(src/akabot_moveit_config) by extension 'ros'
[0.343s] DEBUG:colcon.colcon_core.package_identification:Package 'src/akabot_moveit_config' with type 'ros.ament_cmake' and name 'akabot_moveit_config'
[0.344s] Level 1:colcon.colcon_core.package_identification:_identify(src/arm_vla_pkg) by extensions ['ignore', 'ignore_ament_install']
[0.344s] Level 1:colcon.colcon_core.package_identification:_identify(src/arm_vla_pkg) by extension 'ignore'
[0.344s] Level 1:colcon.colcon_core.package_identification:_identify(src/arm_vla_pkg) by extension 'ignore_ament_install'
[0.344s] Level 1:colcon.colcon_core.package_identification:_identify(src/arm_vla_pkg) by extensions ['colcon_pkg']
[0.344s] Level 1:colcon.colcon_core.package_identification:_identify(src/arm_vla_pkg) by extension 'colcon_pkg'
[0.344s] Level 1:colcon.colcon_core.package_identification:_identify(src/arm_vla_pkg) by extensions ['colcon_meta']
[0.344s] Level 1:colcon.colcon_core.package_identification:_identify(src/arm_vla_pkg) by extension 'colcon_meta'
[0.344s] Level 1:colcon.colcon_core.package_identification:_identify(src/arm_vla_pkg) by extensions ['ros']
[0.344s] Level 1:colcon.colcon_core.package_identification:_identify(src/arm_vla_pkg) by extension 'ros'
[0.345s] DEBUG:colcon.colcon_core.package_identification:Package 'src/arm_vla_pkg' with type 'ros.ament_python' and name 'arm_vla_pkg'
[0.345s] Level 1:colcon.colcon_core.package_discovery:discover_packages(recursive) using defaults
[0.345s] Level 1:colcon.colcon_core.package_discovery:discover_packages(ignore) discover
[0.345s] Level 1:colcon.colcon_core.package_discovery:discover_packages(ignore) using defaults
[0.345s] Level 1:colcon.colcon_core.package_discovery:discover_packages(path) discover
[0.345s] Level 1:colcon.colcon_core.package_discovery:discover_packages(path) using defaults
[0.380s] Level 1:colcon.colcon_core.package_discovery:discover_packages(prefix_path) check parameters
[0.380s] Level 1:colcon.colcon_core.package_discovery:discover_packages(prefix_path) discover
[0.381s] WARNING:colcon.colcon_ros.prefix_path.ament:The path '/home/harshit/arm_vla_ws/install/arm_vla_pkg' in the environment variable AMENT_PREFIX_PATH doesn't exist
[0.381s] WARNING:colcon.colcon_ros.prefix_path.ament:The path '/home/harshit/arm_vla_ws/install/akabot_control' in the environment variable AMENT_PREFIX_PATH doesn't exist
[0.381s] WARNING:colcon.colcon_ros.prefix_path.ament:The path '/home/harshit/arm_vla_ws/install/akabot_moveit_config' in the environment variable AMENT_PREFIX_PATH doesn't exist
[0.381s] WARNING:colcon.colcon_ros.prefix_path.ament:The path '/home/harshit/arm_vla_ws/install/akabot_gazebo' in the environment variable AMENT_PREFIX_PATH doesn't exist
[0.381s] WARNING:colcon.colcon_ros.prefix_path.ament:The path '/home/harshit/arm_vla_ws/install/akabot_description' in the environment variable AMENT_PREFIX_PATH doesn't exist
[0.381s] WARNING:colcon.colcon_ros.prefix_path.ament:The path '/home/harshit/arm_vla_ws/install/akabot_bringup' in the environment variable AMENT_PREFIX_PATH doesn't exist
[0.381s] WARNING:colcon.colcon_ros.prefix_path.catkin:The path '/home/harshit/arm_vla_ws/install/akabot_moveit_config' in the environment variable CMAKE_PREFIX_PATH doesn't exist
[0.381s] WARNING:colcon.colcon_ros.prefix_path.catkin:The path '/home/harshit/arm_vla_ws/install/akabot_gazebo' in the environment variable CMAKE_PREFIX_PATH doesn't exist
[0.381s] WARNING:colcon.colcon_ros.prefix_path.catkin:The path '/home/harshit/arm_vla_ws/install/akabot_description' in the environment variable CMAKE_PREFIX_PATH doesn't exist
[0.381s] WARNING:colcon.colcon_ros.prefix_path.catkin:The path '/home/harshit/arm_vla_ws/install/akabot_bringup' in the environment variable CMAKE_PREFIX_PATH doesn't exist
[0.382s] DEBUG:colcon.colcon_installed_package_information.package_discovery:Found 0 installed packages in /home/harshit/arm_vla_ws/install
[0.384s] DEBUG:colcon.colcon_installed_package_information.package_discovery:Found 326 installed packages in /opt/ros/humble
[0.386s] Level 1:colcon.colcon_core.package_discovery:discover_packages(prefix_path) using defaults
[0.426s] Level 5:colcon.colcon_core.verb:set package 'akabot_bringup' build argument 'cmake_args' from command line to 'None'
[0.427s] Level 5:colcon.colcon_core.verb:set package 'akabot_bringup' build argument 'cmake_target' from command line to 'None'
[0.427s] Level 5:colcon.colcon_core.verb:set package 'akabot_bringup' build argument 'cmake_target_skip_unavailable' from command line to 'False'
[0.427s] Level 5:colcon.colcon_core.verb:set package 'akabot_bringup' build argument 'cmake_clean_cache' from command line to 'False'
[0.427s] Level 5:colcon.colcon_core.verb:set package 'akabot_bringup' build argument 'cmake_clean_first' from command line to 'False'
[0.427s] Level 5:colcon.colcon_core.verb:set package 'akabot_bringup' build argument 'cmake_force_configure' from command line to 'False'
[0.427s] Level 5:colcon.colcon_core.verb:set package 'akabot_bringup' build argument 'ament_cmake_args' from command line to 'None'
[0.427s] Level 5:colcon.colcon_core.verb:set package 'akabot_bringup' build argument 'catkin_cmake_args' from command line to 'None'
[0.427s] Level 5:colcon.colcon_core.verb:set package 'akabot_bringup' build argument 'catkin_skip_building_tests' from command line to 'False'
[0.427s] DEBUG:colcon.colcon_core.verb:Building package 'akabot_bringup' with the following arguments: {'ament_cmake_args': None, 'build_base': '/home/harshit/arm_vla_ws/build/akabot_bringup', 'catkin_cmake_args': None, 'catkin_skip_building_tests': False, 'cmake_args': None, 'cmake_clean_cache': False, 'cmake_clean_first': False, 'cmake_force_configure': False, 'cmake_target': None, 'cmake_target_skip_unavailable': False, 'install_base': '/home/harshit/arm_vla_ws/install/akabot_bringup', 'merge_install': False, 'path': '/home/harshit/arm_vla_ws/src/akabot_bringup', 'symlink_install': False, 'test_result_base': None}
[0.427s] Level 5:colcon.colcon_core.verb:set package 'akabot_description' build argument 'cmake_args' from command line to 'None'
[0.427s] Level 5:colcon.colcon_core.verb:set package 'akabot_description' build argument 'cmake_target' from command line to 'None'
[0.427s] Level 5:colcon.colcon_core.verb:set package 'akabot_description' build argument 'cmake_target_skip_unavailable' from command line to 'False'
[0.427s] Level 5:colcon.colcon_core.verb:set package 'akabot_description' build argument 'cmake_clean_cache' from command line to 'False'
[0.427s] Level 5:colcon.colcon_core.verb:set package 'akabot_description' build argument 'cmake_clean_first' from command line to 'False'
[0.427s] Level 5:colcon.colcon_core.verb:set package 'akabot_description' build argument 'cmake_force_configure' from command line to 'False'
[0.427s] Level 5:colcon.colcon_core.verb:set package 'akabot_description' build argument 'ament_cmake_args' from command line to 'None'
[0.427s] Level 5:colcon.colcon_core.verb:set package 'akabot_description' build argument 'catkin_cmake_args' from command line to 'None'
[0.427s] Level 5:colcon.colcon_core.verb:set package 'akabot_description' build argument 'catkin_skip_building_tests' from command line to 'False'
[0.427s] DEBUG:colcon.colcon_core.verb:Building package 'akabot_description' with the following arguments: {'ament_cmake_args': None, 'build_base': '/home/harshit/arm_vla_ws/build/akabot_description', 'catkin_cmake_args': None, 'catkin_skip_building_tests': False, 'cmake_args': None, 'cmake_clean_cache': False, 'cmake_clean_first': False, 'cmake_force_configure': False, 'cmake_target': None, 'cmake_target_skip_unavailable': False, 'install_base': '/home/harshit/arm_vla_ws/install/akabot_description', 'merge_install': False, 'path': '/home/harshit/arm_vla_ws/src/akabot_description', 'symlink_install': False, 'test_result_base': None}
[0.428s] Level 5:colcon.colcon_core.verb:set package 'akabot_gazebo' build argument 'cmake_args' from command line to 'None'
[0.428s] Level 5:colcon.colcon_core.verb:set package 'akabot_gazebo' build argument 'cmake_target' from command line to 'None'
[0.428s] Level 5:colcon.colcon_core.verb:set package 'akabot_gazebo' build argument 'cmake_target_skip_unavailable' from command line to 'False'
[0.428s] Level 5:colcon.colcon_core.verb:set package 'akabot_gazebo' build argument 'cmake_clean_cache' from command line to 'False'
[0.428s] Level 5:colcon.colcon_core.verb:set package 'akabot_gazebo' build argument 'cmake_clean_first' from command line to 'False'
[0.428s] Level 5:colcon.colcon_core.verb:set package 'akabot_gazebo' build argument 'cmake_force_configure' from command line to 'False'
[0.428s] Level 5:colcon.colcon_core.verb:set package 'akabot_gazebo' build argument 'ament_cmake_args' from command line to 'None'
[0.428s] Level 5:colcon.colcon_core.verb:set package 'akabot_gazebo' build argument 'catkin_cmake_args' from command line to 'None'
[0.428s] Level 5:colcon.colcon_core.verb:set package 'akabot_gazebo' build argument 'catkin_skip_building_tests' from command line to 'False'
[0.428s] DEBUG:colcon.colcon_core.verb:Building package 'akabot_gazebo' with the following arguments: {'ament_cmake_args': None, 'build_base': '/home/harshit/arm_vla_ws/build/akabot_gazebo', 'catkin_cmake_args': None, 'catkin_skip_building_tests': False, 'cmake_args': None, 'cmake_clean_cache': False, 'cmake_clean_first': False, 'cmake_force_configure': False, 'cmake_target': None, 'cmake_target_skip_unavailable': False, 'install_base': '/home/harshit/arm_vla_ws/install/akabot_gazebo', 'merge_install': False, 'path': '/home/harshit/arm_vla_ws/src/akabot_gazebo', 'symlink_install': False, 'test_result_base': None}
[0.428s] Level 5:colcon.colcon_core.verb:set package 'arm_vla_pkg' build argument 'cmake_args' from command line to 'None'
[0.428s] Level 5:colcon.colcon_core.verb:set package 'arm_vla_pkg' build argument 'cmake_target' from command line to 'None'
[0.428s] Level 5:colcon.colcon_core.verb:set package 'arm_vla_pkg' build argument 'cmake_target_skip_unavailable' from command line to 'False'
[0.429s] Level 5:colcon.colcon_core.verb:set package 'arm_vla_pkg' build argument 'cmake_clean_cache' from command line to 'False'
[0.429s] Level 5:colcon.colcon_core.verb:set package 'arm_vla_pkg' build argument 'cmake_clean_first' from command line to 'False'
[0.429s] Level 5:colcon.colcon_core.verb:set package 'arm_vla_pkg' build argument 'cmake_force_configure' from command line to 'False'
[0.429s] Level 5:colcon.colcon_core.verb:set package 'arm_vla_pkg' build argument 'ament_cmake_args' from command line to 'None'
[0.429s] Level 5:colcon.colcon_core.verb:set package 'arm_vla_pkg' build argument 'catkin_cmake_args' from command line to 'None'
[0.429s] Level 5:colcon.colcon_core.verb:set package 'arm_vla_pkg' build argument 'catkin_skip_building_tests' from command line to 'False'
[0.429s] DEBUG:colcon.colcon_core.verb:Building package 'arm_vla_pkg' with the following arguments: {'ament_cmake_args': None, 'build_base': '/home/harshit/arm_vla_ws/build/arm_vla_pkg', 'catkin_cmake_args': None, 'catkin_skip_building_tests': False, 'cmake_args': None, 'cmake_clean_cache': False, 'cmake_clean_first': False, 'cmake_force_configure': False, 'cmake_target': None, 'cmake_target_skip_unavailable': False, 'install_base': '/home/harshit/arm_vla_ws/install/arm_vla_pkg', 'merge_install': False, 'path': '/home/harshit/arm_vla_ws/src/arm_vla_pkg', 'symlink_install': False, 'test_result_base': None}
[0.429s] Level 5:colcon.colcon_core.verb:set package 'akabot_moveit_config' build argument 'cmake_args' from command line to 'None'
[0.429s] Level 5:colcon.colcon_core.verb:set package 'akabot_moveit_config' build argument 'cmake_target' from command line to 'None'
[0.429s] Level 5:colcon.colcon_core.verb:set package 'akabot_moveit_config' build argument 'cmake_target_skip_unavailable' from command line to 'False'
[0.429s] Level 5:colcon.colcon_core.verb:set package 'akabot_moveit_config' build argument 'cmake_clean_cache' from command line to 'False'
[0.429s] Level 5:colcon.colcon_core.verb:set package 'akabot_moveit_config' build argument 'cmake_clean_first' from command line to 'False'
[0.429s] Level 5:colcon.colcon_core.verb:set package 'akabot_moveit_config' build argument 'cmake_force_configure' from command line to 'False'
[0.429s] Level 5:colcon.colcon_core.verb:set package 'akabot_moveit_config' build argument 'ament_cmake_args' from command line to 'None'
[0.429s] Level 5:colcon.colcon_core.verb:set package 'akabot_moveit_config' build argument 'catkin_cmake_args' from command line to 'None'
[0.429s] Level 5:colcon.colcon_core.verb:set package 'akabot_moveit_config' build argument 'catkin_skip_building_tests' from command line to 'False'
[0.429s] DEBUG:colcon.colcon_core.verb:Building package 'akabot_moveit_config' with the following arguments: {'ament_cmake_args': None, 'build_base': '/home/harshit/arm_vla_ws/build/akabot_moveit_config', 'catkin_cmake_args': None, 'catkin_skip_building_tests': False, 'cmake_args': None, 'cmake_clean_cache': False, 'cmake_clean_first': False, 'cmake_force_configure': False, 'cmake_target': None, 'cmake_target_skip_unavailable': False, 'install_base': '/home/harshit/arm_vla_ws/install/akabot_moveit_config', 'merge_install': False, 'path': '/home/harshit/arm_vla_ws/src/akabot_moveit_config', 'symlink_install': False, 'test_result_base': None}
[0.430s] Level 5:colcon.colcon_core.verb:set package 'akabot_control' build argument 'cmake_args' from command line to 'None'
[0.430s] Level 5:colcon.colcon_core.verb:set package 'akabot_control' build argument 'cmake_target' from command line to 'None'
[0.430s] Level 5:colcon.colcon_core.verb:set package 'akabot_control' build argument 'cmake_target_skip_unavailable' from command line to 'False'
[0.430s] Level 5:colcon.colcon_core.verb:set package 'akabot_control' build argument 'cmake_clean_cache' from command line to 'False'
[0.430s] Level 5:colcon.colcon_core.verb:set package 'akabot_control' build argument 'cmake_clean_first' from command line to 'False'
[0.430s] Level 5:colcon.colcon_core.verb:set package 'akabot_control' build argument 'cmake_force_configure' from command line to 'False'
[0.430s] Level 5:colcon.colcon_core.verb:set package 'akabot_control' build argument 'ament_cmake_args' from command line to 'None'
[0.430s] Level 5:colcon.colcon_core.verb:set package 'akabot_control' build argument 'catkin_cmake_args' from command line to 'None'
[0.430s] Level 5:colcon.colcon_core.verb:set package 'akabot_control' build argument 'catkin_skip_building_tests' from command line to 'False'
[0.430s] DEBUG:colcon.colcon_core.verb:Building package 'akabot_control' with the following arguments: {'ament_cmake_args': None, 'build_base': '/home/harshit/arm_vla_ws/build/akabot_control', 'catkin_cmake_args': None, 'catkin_skip_building_tests': False, 'cmake_args': None, 'cmake_clean_cache': False, 'cmake_clean_first': False, 'cmake_force_configure': False, 'cmake_target': None, 'cmake_target_skip_unavailable': False, 'install_base': '/home/harshit/arm_vla_ws/install/akabot_control', 'merge_install': False, 'path': '/home/harshit/arm_vla_ws/src/akabot_control', 'symlink_install': False, 'test_result_base': None}
[0.430s] INFO:colcon.colcon_core.executor:Executing jobs using 'parallel' executor
[0.431s] DEBUG:colcon.colcon_parallel_executor.executor.parallel:run_until_complete
[0.431s] INFO:colcon.colcon_ros.task.ament_cmake.build:Building ROS package in '/home/harshit/arm_vla_ws/src/akabot_description' with build type 'ament_cmake'
[0.432s] INFO:colcon.colcon_cmake.task.cmake.build:Building CMake package in '/home/harshit/arm_vla_ws/src/akabot_description'
[0.434s] INFO:colcon.colcon_core.plugin_system:Skipping extension 'colcon_core.shell.bat': Not used on non-Windows systems
[0.434s] INFO:colcon.colcon_core.shell:Skip shell extension 'powershell' for command environment: Not usable outside of PowerShell
[0.434s] DEBUG:colcon.colcon_core.shell:Skip shell extension 'dsv' for command environment
[0.438s] INFO:colcon.colcon_ros.task.ament_cmake.build:Building ROS package in '/home/harshit/arm_vla_ws/src/akabot_bringup' with build type 'ament_cmake'
[0.438s] INFO:colcon.colcon_cmake.task.cmake.build:Building CMake package in '/home/harshit/arm_vla_ws/src/akabot_bringup'
[0.438s] INFO:colcon.colcon_core.shell:Skip shell extension 'powershell' for command environment: Not usable outside of PowerShell
[0.438s] DEBUG:colcon.colcon_core.shell:Skip shell extension 'dsv' for command environment
[0.442s] INFO:colcon.colcon_ros.task.ament_cmake.build:Building ROS package in '/home/harshit/arm_vla_ws/src/akabot_gazebo' with build type 'ament_cmake'
[0.442s] INFO:colcon.colcon_cmake.task.cmake.build:Building CMake package in '/home/harshit/arm_vla_ws/src/akabot_gazebo'
[0.442s] INFO:colcon.colcon_core.shell:Skip shell extension 'powershell' for command environment: Not usable outside of PowerShell
[0.443s] DEBUG:colcon.colcon_core.shell:Skip shell extension 'dsv' for command environment
[0.449s] INFO:colcon.colcon_ros.task.ament_python.build:Building ROS package in '/home/harshit/arm_vla_ws/src/arm_vla_pkg' with build type 'ament_python'
[0.449s] Level 1:colcon.colcon_core.shell:create_environment_hook('arm_vla_pkg', 'ament_prefix_path')
[0.450s] INFO:colcon.colcon_core.shell:Creating environment hook '/home/harshit/arm_vla_ws/install/arm_vla_pkg/share/arm_vla_pkg/hook/ament_prefix_path.ps1'
[0.451s] INFO:colcon.colcon_core.shell:Creating environment descriptor '/home/harshit/arm_vla_ws/install/arm_vla_pkg/share/arm_vla_pkg/hook/ament_prefix_path.dsv'
[0.451s] INFO:colcon.colcon_core.shell:Creating environment hook '/home/harshit/arm_vla_ws/install/arm_vla_pkg/share/arm_vla_pkg/hook/ament_prefix_path.sh'
[0.452s] INFO:colcon.colcon_core.shell:Skip shell extension 'powershell' for command environment: Not usable outside of PowerShell
[0.452s] DEBUG:colcon.colcon_core.shell:Skip shell extension 'dsv' for command environment
[0.460s] DEBUG:colcon.colcon_core.event_handler.log_command:Invoking command in '/home/harshit/arm_vla_ws/build/akabot_description': CMAKE_PREFIX_PATH=${CMAKE_PREFIX_PATH}:/home/harshit/arm_vla_ws/install/arm_vla_pkg:/home/harshit/arm_vla_ws/install/akabot_control:/opt/ros/humble /usr/bin/cmake /home/harshit/arm_vla_ws/src/akabot_description -DCMAKE_INSTALL_PREFIX=/home/harshit/arm_vla_ws/install/akabot_description
[0.462s] DEBUG:colcon.colcon_core.event_handler.log_command:Invoking command in '/home/harshit/arm_vla_ws/build/akabot_bringup': CMAKE_PREFIX_PATH=${CMAKE_PREFIX_PATH}:/home/harshit/arm_vla_ws/install/arm_vla_pkg:/home/harshit/arm_vla_ws/install/akabot_control:/opt/ros/humble /usr/bin/cmake /home/harshit/arm_vla_ws/src/akabot_bringup -DCMAKE_INSTALL_PREFIX=/home/harshit/arm_vla_ws/install/akabot_bringup
[0.466s] DEBUG:colcon.colcon_core.event_handler.log_command:Invoking command in '/home/harshit/arm_vla_ws/build/akabot_gazebo': CMAKE_PREFIX_PATH=${CMAKE_PREFIX_PATH}:/home/harshit/arm_vla_ws/install/arm_vla_pkg:/home/harshit/arm_vla_ws/install/akabot_control:/opt/ros/humble /usr/bin/cmake /home/harshit/arm_vla_ws/src/akabot_gazebo -DCMAKE_INSTALL_PREFIX=/home/harshit/arm_vla_ws/install/akabot_gazebo
[0.781s] INFO:colcon.colcon_core.task.python.build:Building Python package in '/home/harshit/arm_vla_ws/src/arm_vla_pkg'
[0.781s] INFO:colcon.colcon_core.shell:Skip shell extension 'powershell' for command environment: Not usable outside of PowerShell
[0.781s] DEBUG:colcon.colcon_core.shell:Skip shell extension 'dsv' for command environment
[1.053s] DEBUG:colcon.colcon_core.event_handler.log_command:Invoked command in '/home/harshit/arm_vla_ws/build/akabot_bringup' returned '0': CMAKE_PREFIX_PATH=${CMAKE_PREFIX_PATH}:/home/harshit/arm_vla_ws/install/arm_vla_pkg:/home/harshit/arm_vla_ws/install/akabot_control:/opt/ros/humble /usr/bin/cmake /home/harshit/arm_vla_ws/src/akabot_bringup -DCMAKE_INSTALL_PREFIX=/home/harshit/arm_vla_ws/install/akabot_bringup
[1.055s] DEBUG:colcon.colcon_core.event_handler.log_command:Invoking command in '/home/harshit/arm_vla_ws/build/akabot_bringup': CMAKE_PREFIX_PATH=${CMAKE_PREFIX_PATH}:/home/harshit/arm_vla_ws/install/arm_vla_pkg:/home/harshit/arm_vla_ws/install/akabot_control:/opt/ros/humble /usr/bin/cmake --build /home/harshit/arm_vla_ws/build/akabot_bringup -- -j8 -l8
[1.101s] DEBUG:colcon.colcon_core.event_handler.log_command:Invoked command in '/home/harshit/arm_vla_ws/build/akabot_bringup' returned '0': CMAKE_PREFIX_PATH=${CMAKE_PREFIX_PATH}:/home/harshit/arm_vla_ws/install/arm_vla_pkg:/home/harshit/arm_vla_ws/install/akabot_control:/opt/ros/humble /usr/bin/cmake --build /home/harshit/arm_vla_ws/build/akabot_bringup -- -j8 -l8
[1.111s] DEBUG:colcon.colcon_core.event_handler.log_command:Invoking command in '/home/harshit/arm_vla_ws/build/akabot_bringup': CMAKE_PREFIX_PATH=${CMAKE_PREFIX_PATH}:/home/harshit/arm_vla_ws/install/arm_vla_pkg:/home/harshit/arm_vla_ws/install/akabot_control:/opt/ros/humble /usr/bin/cmake --install /home/harshit/arm_vla_ws/build/akabot_bringup
[1.122s] Level 1:colcon.colcon_core.environment:create_environment_scripts_only(akabot_bringup)
[1.122s] DEBUG:colcon.colcon_core.event_handler.log_command:Invoked command in '/home/harshit/arm_vla_ws/build/akabot_bringup' returned '0': CMAKE_PREFIX_PATH=${CMAKE_PREFIX_PATH}:/home/harshit/arm_vla_ws/install/arm_vla_pkg:/home/harshit/arm_vla_ws/install/akabot_control:/opt/ros/humble /usr/bin/cmake --install /home/harshit/arm_vla_ws/build/akabot_bringup
[1.125s] Level 1:colcon.colcon_core.environment:checking '/home/harshit/arm_vla_ws/install/akabot_bringup' for CMake module files
[1.125s] Level 1:colcon.colcon_core.environment:checking '/home/harshit/arm_vla_ws/install/akabot_bringup' for CMake config files
[1.125s] Level 1:colcon.colcon_core.shell:create_environment_hook('akabot_bringup', 'cmake_prefix_path')
[1.126s] INFO:colcon.colcon_core.shell:Creating environment hook '/home/harshit/arm_vla_ws/install/akabot_bringup/share/akabot_bringup/hook/cmake_prefix_path.ps1'
[1.126s] INFO:colcon.colcon_core.shell:Creating environment descriptor '/home/harshit/arm_vla_ws/install/akabot_bringup/share/akabot_bringup/hook/cmake_prefix_path.dsv'
[1.126s] INFO:colcon.colcon_core.shell:Creating environment hook '/home/harshit/arm_vla_ws/install/akabot_bringup/share/akabot_bringup/hook/cmake_prefix_path.sh'
[1.127s] Level 1:colcon.colcon_core.environment:checking '/home/harshit/arm_vla_ws/install/akabot_bringup/bin'
[1.127s] Level 1:colcon.colcon_core.environment:checking '/home/harshit/arm_vla_ws/install/akabot_bringup/lib/pkgconfig/akabot_bringup.pc'
[1.127s] Level 1:colcon.colcon_core.environment:checking '/home/harshit/arm_vla_ws/install/akabot_bringup/lib/python3.10/site-packages'
[1.128s] Level 1:colcon.colcon_core.environment:checking '/home/harshit/arm_vla_ws/install/akabot_bringup/bin'
[1.128s] INFO:colcon.colcon_core.shell:Creating package script '/home/harshit/arm_vla_ws/install/akabot_bringup/share/akabot_bringup/package.ps1'
[1.128s] INFO:colcon.colcon_core.shell:Creating package descriptor '/home/harshit/arm_vla_ws/install/akabot_bringup/share/akabot_bringup/package.dsv'
[1.129s] INFO:colcon.colcon_core.shell:Creating package script '/home/harshit/arm_vla_ws/install/akabot_bringup/share/akabot_bringup/package.sh'
[1.130s] INFO:colcon.colcon_core.shell:Creating package script '/home/harshit/arm_vla_ws/install/akabot_bringup/share/akabot_bringup/package.bash'
[1.130s] INFO:colcon.colcon_core.shell:Creating package script '/home/harshit/arm_vla_ws/install/akabot_bringup/share/akabot_bringup/package.zsh'
[1.131s] Level 1:colcon.colcon_core.environment:create_file_with_runtime_dependencies(/home/harshit/arm_vla_ws/install/akabot_bringup/share/colcon-core/packages/akabot_bringup)
[1.132s] Level 1:colcon.colcon_core.environment:create_environment_scripts_only(akabot_bringup)
[1.132s] Level 1:colcon.colcon_core.environment:checking '/home/harshit/arm_vla_ws/install/akabot_bringup' for CMake module files
[1.132s] Level 1:colcon.colcon_core.environment:checking '/home/harshit/arm_vla_ws/install/akabot_bringup' for CMake config files
[1.133s] Level 1:colcon.colcon_core.shell:create_environment_hook('akabot_bringup', 'cmake_prefix_path')
[1.133s] INFO:colcon.colcon_core.shell:Creating environment hook '/home/harshit/arm_vla_ws/install/akabot_bringup/share/akabot_bringup/hook/cmake_prefix_path.ps1'
[1.133s] INFO:colcon.colcon_core.shell:Creating environment descriptor '/home/harshit/arm_vla_ws/install/akabot_bringup/share/akabot_bringup/hook/cmake_prefix_path.dsv'
[1.133s] INFO:colcon.colcon_core.shell:Creating environment hook '/home/harshit/arm_vla_ws/install/akabot_bringup/share/akabot_bringup/hook/cmake_prefix_path.sh'
[1.134s] Level 1:colcon.colcon_core.environment:checking '/home/harshit/arm_vla_ws/install/akabot_bringup/bin'
[1.134s] Level 1:colcon.colcon_core.environment:checking '/home/harshit/arm_vla_ws/install/akabot_bringup/lib/pkgconfig/akabot_bringup.pc'
[1.134s] Level 1:colcon.colcon_core.environment:checking '/home/harshit/arm_vla_ws/install/akabot_bringup/lib/python3.10/site-packages'
[1.134s] Level 1:colcon.colcon_core.environment:checking '/home/harshit/arm_vla_ws/install/akabot_bringup/bin'
[1.135s] INFO:colcon.colcon_core.shell:Creating package script '/home/harshit/arm_vla_ws/install/akabot_bringup/share/akabot_bringup/package.ps1'
[1.135s] INFO:colcon.colcon_core.shell:Creating package descriptor '/home/harshit/arm_vla_ws/install/akabot_bringup/share/akabot_bringup/package.dsv'
[1.136s] INFO:colcon.colcon_core.shell:Creating package script '/home/harshit/arm_vla_ws/install/akabot_bringup/share/akabot_bringup/package.sh'
[1.136s] INFO:colcon.colcon_core.shell:Creating package script '/home/harshit/arm_vla_ws/install/akabot_bringup/share/akabot_bringup/package.bash'
[1.136s] INFO:colcon.colcon_core.shell:Creating package script '/home/harshit/arm_vla_ws/install/akabot_bringup/share/akabot_bringup/package.zsh'
[1.137s] Level 1:colcon.colcon_core.environment:create_file_with_runtime_dependencies(/home/harshit/arm_vla_ws/install/akabot_bringup/share/colcon-core/packages/akabot_bringup)
[1.139s] DEBUG:colcon.colcon_core.event_handler.log_command:Invoked command in '/home/harshit/arm_vla_ws/build/akabot_description' returned '0': CMAKE_PREFIX_PATH=${CMAKE_PREFIX_PATH}:/home/harshit/arm_vla_ws/install/arm_vla_pkg:/home/harshit/arm_vla_ws/install/akabot_control:/opt/ros/humble /usr/bin/cmake /home/harshit/arm_vla_ws/src/akabot_description -DCMAKE_INSTALL_PREFIX=/home/harshit/arm_vla_ws/install/akabot_description
[1.140s] DEBUG:colcon.colcon_core.event_handler.log_command:Invoking command in '/home/harshit/arm_vla_ws/build/akabot_description': CMAKE_PREFIX_PATH=${CMAKE_PREFIX_PATH}:/home/harshit/arm_vla_ws/install/arm_vla_pkg:/home/harshit/arm_vla_ws/install/akabot_control:/opt/ros/humble /usr/bin/cmake --build /home/harshit/arm_vla_ws/build/akabot_description -- -j8 -l8
[1.140s] DEBUG:colcon.colcon_core.event_handler.log_command:Invoked command in '/home/harshit/arm_vla_ws/build/akabot_gazebo' returned '0': CMAKE_PREFIX_PATH=${CMAKE_PREFIX_PATH}:/home/harshit/arm_vla_ws/install/arm_vla_pkg:/home/harshit/arm_vla_ws/install/akabot_control:/opt/ros/humble /usr/bin/cmake /home/harshit/arm_vla_ws/src/akabot_gazebo -DCMAKE_INSTALL_PREFIX=/home/harshit/arm_vla_ws/install/akabot_gazebo
[1.141s] DEBUG:colcon.colcon_core.event_handler.log_command:Invoking command in '/home/harshit/arm_vla_ws/build/akabot_gazebo': CMAKE_PREFIX_PATH=${CMAKE_PREFIX_PATH}:/home/harshit/arm_vla_ws/install/arm_vla_pkg:/home/harshit/arm_vla_ws/install/akabot_control:/opt/ros/humble /usr/bin/cmake --build /home/harshit/arm_vla_ws/build/akabot_gazebo -- -j8 -l8
[1.178s] DEBUG:colcon.colcon_core.event_handler.log_command:Invoked command in '/home/harshit/arm_vla_ws/build/akabot_gazebo' returned '0': CMAKE_PREFIX_PATH=${CMAKE_PREFIX_PATH}:/home/harshit/arm_vla_ws/install/arm_vla_pkg:/home/harshit/arm_vla_ws/install/akabot_control:/opt/ros/humble /usr/bin/cmake --build /home/harshit/arm_vla_ws/build/akabot_gazebo -- -j8 -l8
[1.179s] DEBUG:colcon.colcon_core.event_handler.log_command:Invoking command in '/home/harshit/arm_vla_ws/build/akabot_gazebo': CMAKE_PREFIX_PATH=${CMAKE_PREFIX_PATH}:/home/harshit/arm_vla_ws/install/arm_vla_pkg:/home/harshit/arm_vla_ws/install/akabot_control:/opt/ros/humble /usr/bin/cmake --install /home/harshit/arm_vla_ws/build/akabot_gazebo
[1.180s] DEBUG:colcon.colcon_core.event_handler.log_command:Invoked command in '/home/harshit/arm_vla_ws/build/akabot_description' returned '0': CMAKE_PREFIX_PATH=${CMAKE_PREFIX_PATH}:/home/harshit/arm_vla_ws/install/arm_vla_pkg:/home/harshit/arm_vla_ws/install/akabot_control:/opt/ros/humble /usr/bin/cmake --build /home/harshit/arm_vla_ws/build/akabot_description -- -j8 -l8
[1.181s] DEBUG:colcon.colcon_core.event_handler.log_command:Invoking command in '/home/harshit/arm_vla_ws/build/akabot_description': CMAKE_PREFIX_PATH=${CMAKE_PREFIX_PATH}:/home/harshit/arm_vla_ws/install/arm_vla_pkg:/home/harshit/arm_vla_ws/install/akabot_control:/opt/ros/humble /usr/bin/cmake --install /home/harshit/arm_vla_ws/build/akabot_description
[1.184s] DEBUG:colcon.colcon_core.event_handler.log_command:Invoking command in '/home/harshit/arm_vla_ws/src/arm_vla_pkg': PYTHONPATH=/home/harshit/arm_vla_ws/build/arm_vla_pkg/prefix_override:/usr/lib/python3/dist-packages/colcon_core/task/python/colcon_distutils_commands:/home/harshit/arm_vla_ws/install/arm_vla_pkg/lib/python3.10/site-packages:${PYTHONPATH} /usr/bin/python3 -W ignore:setup.py install is deprecated -W ignore:easy_install command is deprecated setup.py egg_info --egg-base ../../build/arm_vla_pkg build --build-base /home/harshit/arm_vla_ws/build/arm_vla_pkg/build install --record /home/harshit/arm_vla_ws/build/arm_vla_pkg/install.log --single-version-externally-managed install_data
[1.191s] Level 1:colcon.colcon_core.environment:create_environment_scripts_only(akabot_gazebo)
[1.191s] Level 1:colcon.colcon_core.environment:checking '/home/harshit/arm_vla_ws/install/akabot_gazebo' for CMake module files
[1.192s] DEBUG:colcon.colcon_core.event_handler.log_command:Invoked command in '/home/harshit/arm_vla_ws/build/akabot_gazebo' returned '0': CMAKE_PREFIX_PATH=${CMAKE_PREFIX_PATH}:/home/harshit/arm_vla_ws/install/arm_vla_pkg:/home/harshit/arm_vla_ws/install/akabot_control:/opt/ros/humble /usr/bin/cmake --install /home/harshit/arm_vla_ws/build/akabot_gazebo
[1.192s] Level 1:colcon.colcon_core.environment:checking '/home/harshit/arm_vla_ws/install/akabot_gazebo' for CMake config files
[1.192s] Level 1:colcon.colcon_core.shell:create_environment_hook('akabot_gazebo', 'cmake_prefix_path')
[1.192s] INFO:colcon.colcon_core.shell:Creating environment hook '/home/harshit/arm_vla_ws/install/akabot_gazebo/share/akabot_gazebo/hook/cmake_prefix_path.ps1'
[1.193s] INFO:colcon.colcon_core.shell:Creating environment descriptor '/home/harshit/arm_vla_ws/install/akabot_gazebo/share/akabot_gazebo/hook/cmake_prefix_path.dsv'
[1.193s] INFO:colcon.colcon_core.shell:Creating environment hook '/home/harshit/arm_vla_ws/install/akabot_gazebo/share/akabot_gazebo/hook/cmake_prefix_path.sh'
[1.194s] Level 1:colcon.colcon_core.environment:checking '/home/harshit/arm_vla_ws/install/akabot_gazebo/bin'
[1.194s] Level 1:colcon.colcon_core.environment:checking '/home/harshit/arm_vla_ws/install/akabot_gazebo/lib/pkgconfig/akabot_gazebo.pc'
[1.194s] Level 1:colcon.colcon_core.environment:checking '/home/harshit/arm_vla_ws/install/akabot_gazebo/lib/python3.10/site-packages'
[1.194s] Level 1:colcon.colcon_core.environment:checking '/home/harshit/arm_vla_ws/install/akabot_gazebo/bin'
[1.194s] INFO:colcon.colcon_core.shell:Creating package script '/home/harshit/arm_vla_ws/install/akabot_gazebo/share/akabot_gazebo/package.ps1'
[1.195s] INFO:colcon.colcon_core.shell:Creating package descriptor '/home/harshit/arm_vla_ws/install/akabot_gazebo/share/akabot_gazebo/package.dsv'
[1.195s] INFO:colcon.colcon_core.shell:Creating package script '/home/harshit/arm_vla_ws/install/akabot_gazebo/share/akabot_gazebo/package.sh'
[1.195s] INFO:colcon.colcon_core.shell:Creating package script '/home/harshit/arm_vla_ws/install/akabot_gazebo/share/akabot_gazebo/package.bash'
[1.196s] INFO:colcon.colcon_core.shell:Creating package script '/home/harshit/arm_vla_ws/install/akabot_gazebo/share/akabot_gazebo/package.zsh'
[1.197s] Level 1:colcon.colcon_core.environment:create_file_with_runtime_dependencies(/home/harshit/arm_vla_ws/install/akabot_gazebo/share/colcon-core/packages/akabot_gazebo)
[1.199s] Level 1:colcon.colcon_core.environment:create_environment_scripts_only(akabot_gazebo)
[1.199s] Level 1:colcon.colcon_core.environment:checking '/home/harshit/arm_vla_ws/install/akabot_gazebo' for CMake module files
[1.200s] Level 1:colcon.colcon_core.environment:checking '/home/harshit/arm_vla_ws/install/akabot_gazebo' for CMake config files
[1.201s] Level 1:colcon.colcon_core.shell:create_environment_hook('akabot_gazebo', 'cmake_prefix_path')
[1.201s] INFO:colcon.colcon_core.shell:Creating environment hook '/home/harshit/arm_vla_ws/install/akabot_gazebo/share/akabot_gazebo/hook/cmake_prefix_path.ps1'
[1.201s] INFO:colcon.colcon_core.shell:Creating environment descriptor '/home/harshit/arm_vla_ws/install/akabot_gazebo/share/akabot_gazebo/hook/cmake_prefix_path.dsv'
[1.202s] INFO:colcon.colcon_core.shell:Creating environment hook '/home/harshit/arm_vla_ws/install/akabot_gazebo/share/akabot_gazebo/hook/cmake_prefix_path.sh'
[1.202s] Level 1:colcon.colcon_core.environment:checking '/home/harshit/arm_vla_ws/install/akabot_gazebo/bin'
[1.202s] Level 1:colcon.colcon_core.environment:checking '/home/harshit/arm_vla_ws/install/akabot_gazebo/lib/pkgconfig/akabot_gazebo.pc'
[1.202s] Level 1:colcon.colcon_core.environment:checking '/home/harshit/arm_vla_ws/install/akabot_gazebo/lib/python3.10/site-packages'
[1.202s] Level 1:colcon.colcon_core.environment:checking '/home/harshit/arm_vla_ws/install/akabot_gazebo/bin'
[1.203s] INFO:colcon.colcon_core.shell:Creating package script '/home/harshit/arm_vla_ws/install/akabot_gazebo/share/akabot_gazebo/package.ps1'
[1.203s] INFO:colcon.colcon_core.shell:Creating package descriptor '/home/harshit/arm_vla_ws/install/akabot_gazebo/share/akabot_gazebo/package.dsv'
[1.203s] INFO:colcon.colcon_core.shell:Creating package script '/home/harshit/arm_vla_ws/install/akabot_gazebo/share/akabot_gazebo/package.sh'
[1.204s] INFO:colcon.colcon_core.shell:Creating package script '/home/harshit/arm_vla_ws/install/akabot_gazebo/share/akabot_gazebo/package.bash'
[1.204s] INFO:colcon.colcon_core.shell:Creating package script '/home/harshit/arm_vla_ws/install/akabot_gazebo/share/akabot_gazebo/package.zsh'
[1.204s] Level 1:colcon.colcon_core.environment:create_file_with_runtime_dependencies(/home/harshit/arm_vla_ws/install/akabot_gazebo/share/colcon-core/packages/akabot_gazebo)
[1.205s] Level 1:colcon.colcon_core.environment:create_environment_scripts_only(akabot_description)
[1.206s] Level 1:colcon.colcon_core.environment:checking '/home/harshit/arm_vla_ws/install/akabot_description' for CMake module files
[1.206s] DEBUG:colcon.colcon_core.event_handler.log_command:Invoked command in '/home/harshit/arm_vla_ws/build/akabot_description' returned '0': CMAKE_PREFIX_PATH=${CMAKE_PREFIX_PATH}:/home/harshit/arm_vla_ws/install/arm_vla_pkg:/home/harshit/arm_vla_ws/install/akabot_control:/opt/ros/humble /usr/bin/cmake --install /home/harshit/arm_vla_ws/build/akabot_description
[1.206s] Level 1:colcon.colcon_core.environment:checking '/home/harshit/arm_vla_ws/install/akabot_description' for CMake config files
[1.207s] Level 1:colcon.colcon_core.shell:create_environment_hook('akabot_description', 'cmake_prefix_path')
[1.207s] INFO:colcon.colcon_core.shell:Creating environment hook '/home/harshit/arm_vla_ws/install/akabot_description/share/akabot_description/hook/cmake_prefix_path.ps1'
[1.207s] INFO:colcon.colcon_core.shell:Creating environment descriptor '/home/harshit/arm_vla_ws/install/akabot_description/share/akabot_description/hook/cmake_prefix_path.dsv'
[1.207s] INFO:colcon.colcon_core.shell:Creating environment hook '/home/harshit/arm_vla_ws/install/akabot_description/share/akabot_description/hook/cmake_prefix_path.sh'
[1.208s] Level 1:colcon.colcon_core.environment:checking '/home/harshit/arm_vla_ws/install/akabot_description/bin'
[1.208s] Level 1:colcon.colcon_core.environment:checking '/home/harshit/arm_vla_ws/install/akabot_description/lib/pkgconfig/akabot_description.pc'
[1.208s] Level 1:colcon.colcon_core.environment:checking '/home/harshit/arm_vla_ws/install/akabot_description/lib/python3.10/site-packages'
[1.208s] Level 1:colcon.colcon_core.environment:checking '/home/harshit/arm_vla_ws/install/akabot_description/bin'
[1.208s] INFO:colcon.colcon_core.shell:Creating package script '/home/harshit/arm_vla_ws/install/akabot_description/share/akabot_description/package.ps1'
[1.209s] INFO:colcon.colcon_core.shell:Creating package descriptor '/home/harshit/arm_vla_ws/install/akabot_description/share/akabot_description/package.dsv'
[1.209s] INFO:colcon.colcon_core.shell:Creating package script '/home/harshit/arm_vla_ws/install/akabot_description/share/akabot_description/package.sh'
[1.209s] INFO:colcon.colcon_core.shell:Creating package script '/home/harshit/arm_vla_ws/install/akabot_description/share/akabot_description/package.bash'
[1.210s] INFO:colcon.colcon_core.shell:Creating package script '/home/harshit/arm_vla_ws/install/akabot_description/share/akabot_description/package.zsh'
[1.210s] Level 1:colcon.colcon_core.environment:create_file_with_runtime_dependencies(/home/harshit/arm_vla_ws/install/akabot_description/share/colcon-core/packages/akabot_description)
[1.211s] Level 1:colcon.colcon_core.environment:create_environment_scripts_only(akabot_description)
[1.211s] Level 1:colcon.colcon_core.environment:checking '/home/harshit/arm_vla_ws/install/akabot_description' for CMake module files
[1.211s] Level 1:colcon.colcon_core.environment:checking '/home/harshit/arm_vla_ws/install/akabot_description' for CMake config files
[1.212s] Level 1:colcon.colcon_core.shell:create_environment_hook('akabot_description', 'cmake_prefix_path')
[1.212s] INFO:colcon.colcon_core.shell:Creating environment hook '/home/harshit/arm_vla_ws/install/akabot_description/share/akabot_description/hook/cmake_prefix_path.ps1'
[1.212s] INFO:colcon.colcon_core.shell:Creating environment descriptor '/home/harshit/arm_vla_ws/install/akabot_description/share/akabot_description/hook/cmake_prefix_path.dsv'
[1.212s] INFO:colcon.colcon_core.shell:Creating environment hook '/home/harshit/arm_vla_ws/install/akabot_description/share/akabot_description/hook/cmake_prefix_path.sh'
[1.213s] Level 1:colcon.colcon_core.environment:checking '/home/harshit/arm_vla_ws/install/akabot_description/bin'
[1.213s] Level 1:colcon.colcon_core.environment:checking '/home/harshit/arm_vla_ws/install/akabot_description/lib/pkgconfig/akabot_description.pc'
[1.213s] Level 1:colcon.colcon_core.environment:checking '/home/harshit/arm_vla_ws/install/akabot_description/lib/python3.10/site-packages'
[1.213s] Level 1:colcon.colcon_core.environment:checking '/home/harshit/arm_vla_ws/install/akabot_description/bin'
[1.213s] INFO:colcon.colcon_core.shell:Creating package script '/home/harshit/arm_vla_ws/install/akabot_description/share/akabot_description/package.ps1'
[1.214s] INFO:colcon.colcon_core.shell:Creating package descriptor '/home/harshit/arm_vla_ws/install/akabot_description/share/akabot_description/package.dsv'
[1.214s] INFO:colcon.colcon_core.shell:Creating package script '/home/harshit/arm_vla_ws/install/akabot_description/share/akabot_description/package.sh'
[1.215s] INFO:colcon.colcon_core.shell:Creating package script '/home/harshit/arm_vla_ws/install/akabot_description/share/akabot_description/package.bash'
[1.215s] INFO:colcon.colcon_core.shell:Creating package script '/home/harshit/arm_vla_ws/install/akabot_description/share/akabot_description/package.zsh'
[1.215s] Level 1:colcon.colcon_core.environment:create_file_with_runtime_dependencies(/home/harshit/arm_vla_ws/install/akabot_description/share/colcon-core/packages/akabot_description)
[1.215s] INFO:colcon.colcon_ros.task.ament_cmake.build:Building ROS package in '/home/harshit/arm_vla_ws/src/akabot_moveit_config' with build type 'ament_cmake'
[1.215s] INFO:colcon.colcon_cmake.task.cmake.build:Building CMake package in '/home/harshit/arm_vla_ws/src/akabot_moveit_config'
[1.216s] INFO:colcon.colcon_core.shell:Skip shell extension 'powershell' for command environment: Not usable outside of PowerShell
[1.216s] DEBUG:colcon.colcon_core.shell:Skip shell extension 'dsv' for command environment
[1.229s] DEBUG:colcon.colcon_core.event_handler.log_command:Invoking command in '/home/harshit/arm_vla_ws/build/akabot_moveit_config': CMAKE_PREFIX_PATH=/home/harshit/arm_vla_ws/install/akabot_description:/home/harshit/arm_vla_ws/install/akabot_moveit_config:/home/harshit/arm_vla_ws/install/akabot_gazebo:/home/harshit/arm_vla_ws/install/akabot_bringup:/home/harshit/arm_vla_ws/install/arm_vla_pkg:/home/harshit/arm_vla_ws/install/akabot_control:/opt/ros/humble /usr/bin/cmake /home/harshit/arm_vla_ws/src/akabot_moveit_config -DCMAKE_INSTALL_PREFIX=/home/harshit/arm_vla_ws/install/akabot_moveit_config
[1.445s] Level 1:colcon.colcon_core.environment:checking '/home/harshit/arm_vla_ws/install/arm_vla_pkg' for CMake module files
[1.445s] DEBUG:colcon.colcon_core.event_handler.log_command:Invoked command in '/home/harshit/arm_vla_ws/src/arm_vla_pkg' returned '0': PYTHONPATH=/home/harshit/arm_vla_ws/build/arm_vla_pkg/prefix_override:/usr/lib/python3/dist-packages/colcon_core/task/python/colcon_distutils_commands:/home/harshit/arm_vla_ws/install/arm_vla_pkg/lib/python3.10/site-packages:${PYTHONPATH} /usr/bin/python3 -W ignore:setup.py install is deprecated -W ignore:easy_install command is deprecated setup.py egg_info --egg-base ../../build/arm_vla_pkg build --build-base /home/harshit/arm_vla_ws/build/arm_vla_pkg/build install --record /home/harshit/arm_vla_ws/build/arm_vla_pkg/install.log --single-version-externally-managed install_data
[1.446s] Level 1:colcon.colcon_core.environment:checking '/home/harshit/arm_vla_ws/install/arm_vla_pkg' for CMake config files
[1.447s] Level 1:colcon.colcon_core.environment:checking '/home/harshit/arm_vla_ws/install/arm_vla_pkg/lib'
[1.447s] Level 1:colcon.colcon_core.environment:checking '/home/harshit/arm_vla_ws/install/arm_vla_pkg/bin'
[1.447s] Level 1:colcon.colcon_core.environment:checking '/home/harshit/arm_vla_ws/install/arm_vla_pkg/lib/pkgconfig/arm_vla_pkg.pc'
[1.447s] Level 1:colcon.colcon_core.environment:checking '/home/harshit/arm_vla_ws/install/arm_vla_pkg/lib/python3.10/site-packages'
[1.447s] Level 1:colcon.colcon_core.shell:create_environment_hook('arm_vla_pkg', 'pythonpath')
[1.447s] INFO:colcon.colcon_core.shell:Creating environment hook '/home/harshit/arm_vla_ws/install/arm_vla_pkg/share/arm_vla_pkg/hook/pythonpath.ps1'
[1.448s] INFO:colcon.colcon_core.shell:Creating environment descriptor '/home/harshit/arm_vla_ws/install/arm_vla_pkg/share/arm_vla_pkg/hook/pythonpath.dsv'
[1.448s] INFO:colcon.colcon_core.shell:Creating environment hook '/home/harshit/arm_vla_ws/install/arm_vla_pkg/share/arm_vla_pkg/hook/pythonpath.sh'
[1.449s] Level 1:colcon.colcon_core.environment:checking '/home/harshit/arm_vla_ws/install/arm_vla_pkg/bin'
[1.449s] Level 1:colcon.colcon_core.environment:create_environment_scripts_only(arm_vla_pkg)
[1.449s] INFO:colcon.colcon_core.shell:Creating package script '/home/harshit/arm_vla_ws/install/arm_vla_pkg/share/arm_vla_pkg/package.ps1'
[1.449s] INFO:colcon.colcon_core.shell:Creating package descriptor '/home/harshit/arm_vla_ws/install/arm_vla_pkg/share/arm_vla_pkg/package.dsv'
[1.450s] INFO:colcon.colcon_core.shell:Creating package script '/home/harshit/arm_vla_ws/install/arm_vla_pkg/share/arm_vla_pkg/package.sh'
[1.450s] INFO:colcon.colcon_core.shell:Creating package script '/home/harshit/arm_vla_ws/install/arm_vla_pkg/share/arm_vla_pkg/package.bash'
[1.450s] INFO:colcon.colcon_core.shell:Creating package script '/home/harshit/arm_vla_ws/install/arm_vla_pkg/share/arm_vla_pkg/package.zsh'
[1.450s] Level 1:colcon.colcon_core.environment:create_file_with_runtime_dependencies(/home/harshit/arm_vla_ws/install/arm_vla_pkg/share/colcon-core/packages/arm_vla_pkg)
[1.739s] DEBUG:colcon.colcon_core.event_handler.log_command:Invoked command in '/home/harshit/arm_vla_ws/build/akabot_moveit_config' returned '0': CMAKE_PREFIX_PATH=/home/harshit/arm_vla_ws/install/akabot_description:/home/harshit/arm_vla_ws/install/akabot_moveit_config:/home/harshit/arm_vla_ws/install/akabot_gazebo:/home/harshit/arm_vla_ws/install/akabot_bringup:/home/harshit/arm_vla_ws/install/arm_vla_pkg:/home/harshit/arm_vla_ws/install/akabot_control:/opt/ros/humble /usr/bin/cmake /home/harshit/arm_vla_ws/src/akabot_moveit_config -DCMAKE_INSTALL_PREFIX=/home/harshit/arm_vla_ws/install/akabot_moveit_config
[1.740s] DEBUG:colcon.colcon_core.event_handler.log_command:Invoking command in '/home/harshit/arm_vla_ws/build/akabot_moveit_config': CMAKE_PREFIX_PATH=/home/harshit/arm_vla_ws/install/akabot_description:/home/harshit/arm_vla_ws/install/akabot_moveit_config:/home/harshit/arm_vla_ws/install/akabot_gazebo:/home/harshit/arm_vla_ws/install/akabot_bringup:/home/harshit/arm_vla_ws/install/arm_vla_pkg:/home/harshit/arm_vla_ws/install/akabot_control:/opt/ros/humble /usr/bin/cmake --build /home/harshit/arm_vla_ws/build/akabot_moveit_config -- -j8 -l8
[1.775s] DEBUG:colcon.colcon_core.event_handler.log_command:Invoked command in '/home/harshit/arm_vla_ws/build/akabot_moveit_config' returned '0': CMAKE_PREFIX_PATH=/home/harshit/arm_vla_ws/install/akabot_description:/home/harshit/arm_vla_ws/install/akabot_moveit_config:/home/harshit/arm_vla_ws/install/akabot_gazebo:/home/harshit/arm_vla_ws/install/akabot_bringup:/home/harshit/arm_vla_ws/install/arm_vla_pkg:/home/harshit/arm_vla_ws/install/akabot_control:/opt/ros/humble /usr/bin/cmake --build /home/harshit/arm_vla_ws/build/akabot_moveit_config -- -j8 -l8
[1.777s] DEBUG:colcon.colcon_core.event_handler.log_command:Invoking command in '/home/harshit/arm_vla_ws/build/akabot_moveit_config': CMAKE_PREFIX_PATH=/home/harshit/arm_vla_ws/install/akabot_description:/home/harshit/arm_vla_ws/install/akabot_moveit_config:/home/harshit/arm_vla_ws/install/akabot_gazebo:/home/harshit/arm_vla_ws/install/akabot_bringup:/home/harshit/arm_vla_ws/install/arm_vla_pkg:/home/harshit/arm_vla_ws/install/akabot_control:/opt/ros/humble /usr/bin/cmake --install /home/harshit/arm_vla_ws/build/akabot_moveit_config
[1.789s] Level 1:colcon.colcon_core.environment:create_environment_scripts_only(akabot_moveit_config)
[1.790s] Level 1:colcon.colcon_core.environment:checking '/home/harshit/arm_vla_ws/install/akabot_moveit_config' for CMake module files
[1.790s] DEBUG:colcon.colcon_core.event_handler.log_command:Invoked command in '/home/harshit/arm_vla_ws/build/akabot_moveit_config' returned '0': CMAKE_PREFIX_PATH=/home/harshit/arm_vla_ws/install/akabot_description:/home/harshit/arm_vla_ws/install/akabot_moveit_config:/home/harshit/arm_vla_ws/install/akabot_gazebo:/home/harshit/arm_vla_ws/install/akabot_bringup:/home/harshit/arm_vla_ws/install/arm_vla_pkg:/home/harshit/arm_vla_ws/install/akabot_control:/opt/ros/humble /usr/bin/cmake --install /home/harshit/arm_vla_ws/build/akabot_moveit_config
[1.790s] Level 1:colcon.colcon_core.environment:checking '/home/harshit/arm_vla_ws/install/akabot_moveit_config' for CMake config files
[1.791s] Level 1:colcon.colcon_core.shell:create_environment_hook('akabot_moveit_config', 'cmake_prefix_path')
[1.791s] INFO:colcon.colcon_core.shell:Creating environment hook '/home/harshit/arm_vla_ws/install/akabot_moveit_config/share/akabot_moveit_config/hook/cmake_prefix_path.ps1'
[1.791s] INFO:colcon.colcon_core.shell:Creating environment descriptor '/home/harshit/arm_vla_ws/install/akabot_moveit_config/share/akabot_moveit_config/hook/cmake_prefix_path.dsv'
[1.791s] INFO:colcon.colcon_core.shell:Creating environment hook '/home/harshit/arm_vla_ws/install/akabot_moveit_config/share/akabot_moveit_config/hook/cmake_prefix_path.sh'
[1.792s] Level 1:colcon.colcon_core.environment:checking '/home/harshit/arm_vla_ws/install/akabot_moveit_config/bin'
[1.792s] Level 1:colcon.colcon_core.environment:checking '/home/harshit/arm_vla_ws/install/akabot_moveit_config/lib/pkgconfig/akabot_moveit_config.pc'
[1.792s] Level 1:colcon.colcon_core.environment:checking '/home/harshit/arm_vla_ws/install/akabot_moveit_config/lib/python3.10/site-packages'
[1.792s] Level 1:colcon.colcon_core.environment:checking '/home/harshit/arm_vla_ws/install/akabot_moveit_config/bin'
[1.792s] INFO:colcon.colcon_core.shell:Creating package script '/home/harshit/arm_vla_ws/install/akabot_moveit_config/share/akabot_moveit_config/package.ps1'
[1.793s] INFO:colcon.colcon_core.shell:Creating package descriptor '/home/harshit/arm_vla_ws/install/akabot_moveit_config/share/akabot_moveit_config/package.dsv'
[1.793s] INFO:colcon.colcon_core.shell:Creating package script '/home/harshit/arm_vla_ws/install/akabot_moveit_config/share/akabot_moveit_config/package.sh'
[1.793s] INFO:colcon.colcon_core.shell:Creating package script '/home/harshit/arm_vla_ws/install/akabot_moveit_config/share/akabot_moveit_config/package.bash'
[1.793s] INFO:colcon.colcon_core.shell:Creating package script '/home/harshit/arm_vla_ws/install/akabot_moveit_config/share/akabot_moveit_config/package.zsh'
[1.794s] Level 1:colcon.colcon_core.environment:create_file_with_runtime_dependencies(/home/harshit/arm_vla_ws/install/akabot_moveit_config/share/colcon-core/packages/akabot_moveit_config)
[1.794s] Level 1:colcon.colcon_core.environment:create_environment_scripts_only(akabot_moveit_config)
[1.794s] Level 1:colcon.colcon_core.environment:checking '/home/harshit/arm_vla_ws/install/akabot_moveit_config' for CMake module files
[1.794s] Level 1:colcon.colcon_core.environment:checking '/home/harshit/arm_vla_ws/install/akabot_moveit_config' for CMake config files
[1.795s] Level 1:colcon.colcon_core.shell:create_environment_hook('akabot_moveit_config', 'cmake_prefix_path')
[1.795s] INFO:colcon.colcon_core.shell:Creating environment hook '/home/harshit/arm_vla_ws/install/akabot_moveit_config/share/akabot_moveit_config/hook/cmake_prefix_path.ps1'
[1.795s] INFO:colcon.colcon_core.shell:Creating environment descriptor '/home/harshit/arm_vla_ws/install/akabot_moveit_config/share/akabot_moveit_config/hook/cmake_prefix_path.dsv'
[1.795s] INFO:colcon.colcon_core.shell:Creating environment hook '/home/harshit/arm_vla_ws/install/akabot_moveit_config/share/akabot_moveit_config/hook/cmake_prefix_path.sh'
[1.796s] Level 1:colcon.colcon_core.environment:checking '/home/harshit/arm_vla_ws/install/akabot_moveit_config/bin'
[1.796s] Level 1:colcon.colcon_core.environment:checking '/home/harshit/arm_vla_ws/install/akabot_moveit_config/lib/pkgconfig/akabot_moveit_config.pc'
[1.796s] Level 1:colcon.colcon_core.environment:checking '/home/harshit/arm_vla_ws/install/akabot_moveit_config/lib/python3.10/site-packages'
[1.796s] Level 1:colcon.colcon_core.environment:checking '/home/harshit/arm_vla_ws/install/akabot_moveit_config/bin'
[1.796s] INFO:colcon.colcon_core.shell:Creating package script '/home/harshit/arm_vla_ws/install/akabot_moveit_config/share/akabot_moveit_config/package.ps1'
[1.797s] INFO:colcon.colcon_core.shell:Creating package descriptor '/home/harshit/arm_vla_ws/install/akabot_moveit_config/share/akabot_moveit_config/package.dsv'
[1.797s] INFO:colcon.colcon_core.shell:Creating package script '/home/harshit/arm_vla_ws/install/akabot_moveit_config/share/akabot_moveit_config/package.sh'
[1.797s] INFO:colcon.colcon_core.shell:Creating package script '/home/harshit/arm_vla_ws/install/akabot_moveit_config/share/akabot_moveit_config/package.bash'
[1.797s] INFO:colcon.colcon_core.shell:Creating package script '/home/harshit/arm_vla_ws/install/akabot_moveit_config/share/akabot_moveit_config/package.zsh'
[1.798s] Level 1:colcon.colcon_core.environment:create_file_with_runtime_dependencies(/home/harshit/arm_vla_ws/install/akabot_moveit_config/share/colcon-core/packages/akabot_moveit_config)
[1.798s] INFO:colcon.colcon_ros.task.ament_python.build:Building ROS package in '/home/harshit/arm_vla_ws/src/akabot_control' with build type 'ament_python'
[1.798s] Level 1:colcon.colcon_core.shell:create_environment_hook('akabot_control', 'ament_prefix_path')
[1.798s] INFO:colcon.colcon_core.shell:Creating environment hook '/home/harshit/arm_vla_ws/install/akabot_control/share/akabot_control/hook/ament_prefix_path.ps1'
[1.799s] INFO:colcon.colcon_core.shell:Creating environment descriptor '/home/harshit/arm_vla_ws/install/akabot_control/share/akabot_control/hook/ament_prefix_path.dsv'
[1.799s] INFO:colcon.colcon_core.shell:Creating environment hook '/home/harshit/arm_vla_ws/install/akabot_control/share/akabot_control/hook/ament_prefix_path.sh'
[1.800s] INFO:colcon.colcon_core.shell:Skip shell extension 'powershell' for command environment: Not usable outside of PowerShell
[1.800s] DEBUG:colcon.colcon_core.shell:Skip shell extension 'dsv' for command environment
[2.035s] INFO:colcon.colcon_core.task.python.build:Building Python package in '/home/harshit/arm_vla_ws/src/akabot_control'
[2.035s] INFO:colcon.colcon_core.shell:Skip shell extension 'powershell' for command environment: Not usable outside of PowerShell
[2.035s] DEBUG:colcon.colcon_core.shell:Skip shell extension 'dsv' for command environment
[2.442s] DEBUG:colcon.colcon_core.event_handler.log_command:Invoking command in '/home/harshit/arm_vla_ws/src/akabot_control': CMAKE_PREFIX_PATH=/home/harshit/arm_vla_ws/install/akabot_moveit_config:/home/harshit/arm_vla_ws/install/akabot_description:/home/harshit/arm_vla_ws/install/akabot_gazebo:/home/harshit/arm_vla_ws/install/akabot_bringup PYTHONPATH=/home/harshit/arm_vla_ws/build/akabot_control/prefix_override:/usr/lib/python3/dist-packages/colcon_core/task/python/colcon_distutils_commands:/home/harshit/arm_vla_ws/install/akabot_control/lib/python3.10/site-packages:${PYTHONPATH} /usr/bin/python3 -W ignore:setup.py install is deprecated -W ignore:easy_install command is deprecated setup.py egg_info --egg-base ../../build/akabot_control build --build-base /home/harshit/arm_vla_ws/build/akabot_control/build install --record /home/harshit/arm_vla_ws/build/akabot_control/install.log --single-version-externally-managed install_data
[2.697s] Level 1:colcon.colcon_core.environment:checking '/home/harshit/arm_vla_ws/install/akabot_control' for CMake module files
[2.698s] DEBUG:colcon.colcon_core.event_handler.log_command:Invoked command in '/home/harshit/arm_vla_ws/src/akabot_control' returned '0': CMAKE_PREFIX_PATH=/home/harshit/arm_vla_ws/install/akabot_moveit_config:/home/harshit/arm_vla_ws/install/akabot_description:/home/harshit/arm_vla_ws/install/akabot_gazebo:/home/harshit/arm_vla_ws/install/akabot_bringup PYTHONPATH=/home/harshit/arm_vla_ws/build/akabot_control/prefix_override:/usr/lib/python3/dist-packages/colcon_core/task/python/colcon_distutils_commands:/home/harshit/arm_vla_ws/install/akabot_control/lib/python3.10/site-packages:${PYTHONPATH} /usr/bin/python3 -W ignore:setup.py install is deprecated -W ignore:easy_install command is deprecated setup.py egg_info --egg-base ../../build/akabot_control build --build-base /home/harshit/arm_vla_ws/build/akabot_control/build install --record /home/harshit/arm_vla_ws/build/akabot_control/install.log --single-version-externally-managed install_data
[2.698s] Level 1:colcon.colcon_core.environment:checking '/home/harshit/arm_vla_ws/install/akabot_control' for CMake config files
[2.698s] Level 1:colcon.colcon_core.environment:checking '/home/harshit/arm_vla_ws/install/akabot_control/lib'
[2.699s] Level 1:colcon.colcon_core.environment:checking '/home/harshit/arm_vla_ws/install/akabot_control/bin'
[2.699s] Level 1:colcon.colcon_core.environment:checking '/home/harshit/arm_vla_ws/install/akabot_control/lib/pkgconfig/akabot_control.pc'
[2.699s] Level 1:colcon.colcon_core.environment:checking '/home/harshit/arm_vla_ws/install/akabot_control/lib/python3.10/site-packages'
[2.699s] Level 1:colcon.colcon_core.shell:create_environment_hook('akabot_control', 'pythonpath')
[2.699s] INFO:colcon.colcon_core.shell:Creating environment hook '/home/harshit/arm_vla_ws/install/akabot_control/share/akabot_control/hook/pythonpath.ps1'
[2.699s] INFO:colcon.colcon_core.shell:Creating environment descriptor '/home/harshit/arm_vla_ws/install/akabot_control/share/akabot_control/hook/pythonpath.dsv'
[2.700s] INFO:colcon.colcon_core.shell:Creating environment hook '/home/harshit/arm_vla_ws/install/akabot_control/share/akabot_control/hook/pythonpath.sh'
[2.700s] Level 1:colcon.colcon_core.environment:checking '/home/harshit/arm_vla_ws/install/akabot_control/bin'
[2.700s] Level 1:colcon.colcon_core.environment:create_environment_scripts_only(akabot_control)
[2.700s] INFO:colcon.colcon_core.shell:Creating package script '/home/harshit/arm_vla_ws/install/akabot_control/share/akabot_control/package.ps1'
[2.701s] INFO:colcon.colcon_core.shell:Creating package descriptor '/home/harshit/arm_vla_ws/install/akabot_control/share/akabot_control/package.dsv'
[2.701s] INFO:colcon.colcon_core.shell:Creating package script '/home/harshit/arm_vla_ws/install/akabot_control/share/akabot_control/package.sh'
[2.701s] INFO:colcon.colcon_core.shell:Creating package script '/home/harshit/arm_vla_ws/install/akabot_control/share/akabot_control/package.bash'
[2.701s] INFO:colcon.colcon_core.shell:Creating package script '/home/harshit/arm_vla_ws/install/akabot_control/share/akabot_control/package.zsh'
[2.702s] Level 1:colcon.colcon_core.environment:create_file_with_runtime_dependencies(/home/harshit/arm_vla_ws/install/akabot_control/share/colcon-core/packages/akabot_control)
[2.702s] DEBUG:colcon.colcon_parallel_executor.executor.parallel:closing loop
[2.702s] DEBUG:colcon.colcon_parallel_executor.executor.parallel:loop closed
[2.702s] DEBUG:colcon.colcon_parallel_executor.executor.parallel:run_until_complete finished with '0'
[2.702s] DEBUG:colcon.colcon_core.event_reactor:joining thread
[2.706s] INFO:colcon.colcon_core.plugin_system:Skipping extension 'colcon_notification.desktop_notification.terminal_notifier': Not used on non-Darwin systems
[2.707s] INFO:colcon.colcon_core.plugin_system:Skipping extension 'colcon_notification.desktop_notification.win32': Not used on non-Windows systems
[2.707s] INFO:colcon.colcon_notification.desktop_notification:Sending desktop notification using 'notify2'
[2.717s] DEBUG:colcon.colcon_core.event_reactor:joined thread
[2.718s] INFO:colcon.colcon_core.shell:Creating prefix script '/home/harshit/arm_vla_ws/install/local_setup.ps1'
[2.719s] INFO:colcon.colcon_core.shell:Creating prefix util module '/home/harshit/arm_vla_ws/install/_local_setup_util_ps1.py'
[2.720s] INFO:colcon.colcon_core.shell:Creating prefix chain script '/home/harshit/arm_vla_ws/install/setup.ps1'
[2.721s] INFO:colcon.colcon_core.shell:Creating prefix script '/home/harshit/arm_vla_ws/install/local_setup.sh'
[2.722s] INFO:colcon.colcon_core.shell:Creating prefix util module '/home/harshit/arm_vla_ws/install/_local_setup_util_sh.py'
[2.722s] INFO:colcon.colcon_core.shell:Creating prefix chain script '/home/harshit/arm_vla_ws/install/setup.sh'
[2.724s] INFO:colcon.colcon_core.shell:Creating prefix script '/home/harshit/arm_vla_ws/install/local_setup.bash'
[2.724s] INFO:colcon.colcon_core.shell:Creating prefix chain script '/home/harshit/arm_vla_ws/install/setup.bash'
[2.725s] INFO:colcon.colcon_core.shell:Creating prefix script '/home/harshit/arm_vla_ws/install/local_setup.zsh'
[2.726s] INFO:colcon.colcon_core.shell:Creating prefix chain script '/home/harshit/arm_vla_ws/install/setup.zsh'
