[0.026s] Invoking command in '/home/harshit/arm_vla_ws/build/akabot_bringup': CMAKE_PREFIX_PATH=${CMAKE_PREFIX_PATH}:/home/harshit/arm_vla_ws/install/arm_vla_pkg:/home/harshit/arm_vla_ws/install/akabot_control:/opt/ros/humble /usr/bin/cmake --build /home/harshit/arm_vla_ws/build/akabot_bringup -- -j8 -l8
[0.336s] Invoked command in '/home/harshit/arm_vla_ws/build/akabot_bringup' returned '0': CMAKE_PREFIX_PATH=${CMAKE_PREFIX_PATH}:/home/harshit/arm_vla_ws/install/arm_vla_pkg:/home/harshit/arm_vla_ws/install/akabot_control:/opt/ros/humble /usr/bin/cmake --build /home/harshit/arm_vla_ws/build/akabot_bringup -- -j8 -l8
[0.348s] Invoking command in '/home/harshit/arm_vla_ws/build/akabot_bringup': CMAKE_PREFIX_PATH=${CMAKE_PREFIX_PATH}:/home/harshit/arm_vla_ws/install/arm_vla_pkg:/home/harshit/arm_vla_ws/install/akabot_control:/opt/ros/humble /usr/bin/cmake --install /home/harshit/arm_vla_ws/build/akabot_bringup
[0.359s] -- Install configuration: ""
[0.359s] -- Up-to-date: /home/harshit/arm_vla_ws/install/akabot_bringup/share/akabot_bringup/config
[0.360s] -- Up-to-date: /home/harshit/arm_vla_ws/install/akabot_bringup/share/akabot_bringup/config/ros2_controllers.yaml
[0.360s] -- Up-to-date: /home/harshit/arm_vla_ws/install/akabot_bringup/share/ament_index/resource_index/package_run_dependencies/akabot_bringup
[0.361s] -- Up-to-date: /home/harshit/arm_vla_ws/install/akabot_bringup/share/ament_index/resource_index/parent_prefix_path/akabot_bringup
[0.361s] -- Up-to-date: /home/harshit/arm_vla_ws/install/akabot_bringup/share/akabot_bringup/environment/ament_prefix_path.sh
[0.361s] -- Up-to-date: /home/harshit/arm_vla_ws/install/akabot_bringup/share/akabot_bringup/environment/ament_prefix_path.dsv
[0.361s] -- Up-to-date: /home/harshit/arm_vla_ws/install/akabot_bringup/share/akabot_bringup/environment/path.sh
[0.361s] -- Up-to-date: /home/harshit/arm_vla_ws/install/akabot_bringup/share/akabot_bringup/environment/path.dsv
[0.364s] -- Up-to-date: /home/harshit/arm_vla_ws/install/akabot_bringup/share/akabot_bringup/local_setup.bash
[0.364s] -- Up-to-date: /home/harshit/arm_vla_ws/install/akabot_bringup/share/akabot_bringup/local_setup.sh
[0.364s] -- Up-to-date: /home/harshit/arm_vla_ws/install/akabot_bringup/share/akabot_bringup/local_setup.zsh
[0.365s] -- Up-to-date: /home/harshit/arm_vla_ws/install/akabot_bringup/share/akabot_bringup/local_setup.dsv
[0.365s] -- Installing: /home/harshit/arm_vla_ws/install/akabot_bringup/share/akabot_bringup/package.dsv
[0.366s] -- Up-to-date: /home/harshit/arm_vla_ws/install/akabot_bringup/share/ament_index/resource_index/packages/akabot_bringup
[0.366s] -- Up-to-date: /home/harshit/arm_vla_ws/install/akabot_bringup/share/akabot_bringup/cmake/akabot_bringupConfig.cmake
[0.366s] -- Up-to-date: /home/harshit/arm_vla_ws/install/akabot_bringup/share/akabot_bringup/cmake/akabot_bringupConfig-version.cmake
[0.366s] -- Up-to-date: /home/harshit/arm_vla_ws/install/akabot_bringup/share/akabot_bringup/package.xml
[0.371s] Invoked command in '/home/harshit/arm_vla_ws/build/akabot_bringup' returned '0': CMAKE_PREFIX_PATH=${CMAKE_PREFIX_PATH}:/home/harshit/arm_vla_ws/install/arm_vla_pkg:/home/harshit/arm_vla_ws/install/akabot_control:/opt/ros/humble /usr/bin/cmake --install /home/harshit/arm_vla_ws/build/akabot_bringup
