running egg_info
writing ../../build/arm_vla_pkg/arm_vla_pkg.egg-info/PKG-INFO
writing dependency_links to ../../build/arm_vla_pkg/arm_vla_pkg.egg-info/dependency_links.txt
writing entry points to ../../build/arm_vla_pkg/arm_vla_pkg.egg-info/entry_points.txt
writing requirements to ../../build/arm_vla_pkg/arm_vla_pkg.egg-info/requires.txt
writing top-level names to ../../build/arm_vla_pkg/arm_vla_pkg.egg-info/top_level.txt
reading manifest file '../../build/arm_vla_pkg/arm_vla_pkg.egg-info/SOURCES.txt'
writing manifest file '../../build/arm_vla_pkg/arm_vla_pkg.egg-info/SOURCES.txt'
running build
running build_py
copying arm_vla_pkg/nodes/action_node.py -> /home/harshit/arm_vla_ws/build/arm_vla_pkg/build/lib/arm_vla_pkg/nodes
running install
running install_lib
copying /home/harshit/arm_vla_ws/build/arm_vla_pkg/build/lib/arm_vla_pkg/nodes/action_node.py -> /home/harshit/arm_vla_ws/install/arm_vla_pkg/lib/python3.10/site-packages/arm_vla_pkg/nodes
byte-compiling /home/harshit/arm_vla_ws/install/arm_vla_pkg/lib/python3.10/site-packages/arm_vla_pkg/nodes/action_node.py to action_node.cpython-310.pyc
running install_data
running install_egg_info
removing '/home/harshit/arm_vla_ws/install/arm_vla_pkg/lib/python3.10/site-packages/arm_vla_pkg-0.1.0-py3.10.egg-info' (and everything under it)
Copying ../../build/arm_vla_pkg/arm_vla_pkg.egg-info to /home/harshit/arm_vla_ws/install/arm_vla_pkg/lib/python3.10/site-packages/arm_vla_pkg-0.1.0-py3.10.egg-info
running install_scripts
Installing action_node script to /home/harshit/arm_vla_ws/install/arm_vla_pkg/lib/arm_vla_pkg
Installing brain_node script to /home/harshit/arm_vla_ws/install/arm_vla_pkg/lib/arm_vla_pkg
Installing speech_node script to /home/harshit/arm_vla_ws/install/arm_vla_pkg/lib/arm_vla_pkg
Installing test_visual_servoing script to /home/harshit/arm_vla_ws/install/arm_vla_pkg/lib/arm_vla_pkg
Installing vision_node script to /home/harshit/arm_vla_ws/install/arm_vla_pkg/lib/arm_vla_pkg
Installing visual_servoing_calibration script to /home/harshit/arm_vla_ws/install/arm_vla_pkg/lib/arm_vla_pkg
Installing visual_servoing_node script to /home/harshit/arm_vla_ws/install/arm_vla_pkg/lib/arm_vla_pkg
Installing way_point script to /home/harshit/arm_vla_ws/install/arm_vla_pkg/lib/arm_vla_pkg
writing list of installed files to '/home/harshit/arm_vla_ws/build/arm_vla_pkg/install.log'
